18:39:58.911 [INFO] [org.gradle.launcher.daemon.server.Daemon] start() called on daemon - DefaultDaemonContext[uid=afe961ce-7af8-4b5f-9155-52bf7e801aaf,javaHome=C:\Program Files\Java\jdk1.7.0_75,daemonRegistryDir=C:\Users\espen1\.gradle\daemon,pid=4300,idleTimeout=10800000,daemonOpts=-Xms128m,-Xmx512m,-Dfile.encoding=windows-1252,-Duser.country=US,-Duser.language=en,-Duser.variant]
18:39:58.927 [DEBUG] [org.gradle.launcher.daemon.server.DaemonStateCoordinator] updating lastActivityAt to 1424885998927
18:39:59.003 [DEBUG] [org.gradle.messaging.remote.internal.inet.InetAddressFactory] Adding IP addresses for network interface Software Loopback Interface 1
18:39:59.006 [DEBUG] [org.gradle.messaging.remote.internal.inet.InetAddressFactory] Is this a loopback interface? true
18:39:59.009 [DEBUG] [org.gradle.messaging.remote.internal.inet.InetAddressFactory] Is this a multicast interface? true
18:39:59.010 [DEBUG] [org.gradle.messaging.remote.internal.inet.InetAddressFactory] Adding loopback address /127.0.0.1
18:39:59.011 [DEBUG] [org.gradle.messaging.remote.internal.inet.InetAddressFactory] Adding loopback address /0:0:0:0:0:0:0:1
18:39:59.013 [DEBUG] [org.gradle.messaging.remote.internal.inet.InetAddressFactory] Adding loopback multicast interface Software Loopback Interface 1
18:39:59.013 [DEBUG] [org.gradle.messaging.remote.internal.inet.InetAddressFactory] Adding IP addresses for network interface Microsoft Kernel Debug Network Adapter
18:39:59.015 [DEBUG] [org.gradle.messaging.remote.internal.inet.InetAddressFactory] Is this a loopback interface? false
18:39:59.017 [DEBUG] [org.gradle.messaging.remote.internal.inet.InetAddressFactory] Is this a multicast interface? true
18:39:59.018 [DEBUG] [org.gradle.messaging.remote.internal.inet.InetAddressFactory] Adding loopback multicast interface Microsoft Kernel Debug Network Adapter
18:39:59.019 [DEBUG] [org.gradle.messaging.remote.internal.inet.InetAddressFactory] Adding IP addresses for network interface Intel(R) Wireless-N 7260
18:39:59.020 [DEBUG] [org.gradle.messaging.remote.internal.inet.InetAddressFactory] Is this a loopback interface? false
18:39:59.022 [DEBUG] [org.gradle.messaging.remote.internal.inet.InetAddressFactory] Is this a multicast interface? true
18:39:59.023 [DEBUG] [org.gradle.messaging.remote.internal.inet.InetAddressFactory] Adding remote address /10.0.0.2
18:39:59.024 [DEBUG] [org.gradle.messaging.remote.internal.inet.InetAddressFactory] Adding remote address /fe80:0:0:0:25d6:68f1:8562:1041%3
18:39:59.024 [DEBUG] [org.gradle.messaging.remote.internal.inet.InetAddressFactory] Adding remote multicast interface Intel(R) Wireless-N 7260
18:39:59.025 [DEBUG] [org.gradle.messaging.remote.internal.inet.InetAddressFactory] Adding IP addresses for network interface Realtek PCIe GBE Family Controller
18:39:59.027 [DEBUG] [org.gradle.messaging.remote.internal.inet.InetAddressFactory] Is this a loopback interface? false
18:39:59.029 [DEBUG] [org.gradle.messaging.remote.internal.inet.InetAddressFactory] Is this a multicast interface? true
18:39:59.029 [DEBUG] [org.gradle.messaging.remote.internal.inet.InetAddressFactory] Adding remote address /fe80:0:0:0:577:32bf:f7d9:efd4%4
18:39:59.030 [DEBUG] [org.gradle.messaging.remote.internal.inet.InetAddressFactory] Adding remote multicast interface Realtek PCIe GBE Family Controller
18:39:59.030 [DEBUG] [org.gradle.messaging.remote.internal.inet.InetAddressFactory] Adding IP addresses for network interface Ericsson N5321 gw
18:39:59.032 [DEBUG] [org.gradle.messaging.remote.internal.inet.InetAddressFactory] Is this a loopback interface? false
18:39:59.035 [DEBUG] [org.gradle.messaging.remote.internal.inet.InetAddressFactory] Is this a multicast interface? true
18:39:59.036 [DEBUG] [org.gradle.messaging.remote.internal.inet.InetAddressFactory] Adding remote address /fe80:0:0:0:2cc2:a3c3:2018:847a%5
18:39:59.036 [DEBUG] [org.gradle.messaging.remote.internal.inet.InetAddressFactory] Adding remote multicast interface Ericsson N5321 gw
18:39:59.037 [DEBUG] [org.gradle.messaging.remote.internal.inet.InetAddressFactory] Adding IP addresses for network interface Bluetooth Device (RFCOMM Protocol TDI)
18:39:59.040 [DEBUG] [org.gradle.messaging.remote.internal.inet.InetAddressFactory] Is this a loopback interface? false
18:39:59.042 [DEBUG] [org.gradle.messaging.remote.internal.inet.InetAddressFactory] Is this a multicast interface? true
18:39:59.043 [DEBUG] [org.gradle.messaging.remote.internal.inet.InetAddressFactory] Adding loopback multicast interface Bluetooth Device (RFCOMM Protocol TDI)
18:39:59.043 [DEBUG] [org.gradle.messaging.remote.internal.inet.InetAddressFactory] Adding IP addresses for network interface Bluetooth Device (Personal Area Network)
18:39:59.045 [DEBUG] [org.gradle.messaging.remote.internal.inet.InetAddressFactory] Is this a loopback interface? false
18:39:59.048 [DEBUG] [org.gradle.messaging.remote.internal.inet.InetAddressFactory] Is this a multicast interface? true
18:39:59.049 [DEBUG] [org.gradle.messaging.remote.internal.inet.InetAddressFactory] Adding remote address /fe80:0:0:0:8839:eda5:2b99:9333%7
18:39:59.050 [DEBUG] [org.gradle.messaging.remote.internal.inet.InetAddressFactory] Adding remote multicast interface Bluetooth Device (Personal Area Network)
18:39:59.051 [DEBUG] [org.gradle.messaging.remote.internal.inet.InetAddressFactory] Adding IP addresses for network interface Microsoft ISATAP Adapter
18:39:59.055 [DEBUG] [org.gradle.messaging.remote.internal.inet.InetAddressFactory] Is this a loopback interface? false
18:39:59.057 [DEBUG] [org.gradle.messaging.remote.internal.inet.InetAddressFactory] Is this a multicast interface? false
18:39:59.058 [DEBUG] [org.gradle.messaging.remote.internal.inet.InetAddressFactory] Adding remote address /fe80:0:0:0:0:5efe:a00:2%8
18:39:59.059 [DEBUG] [org.gradle.messaging.remote.internal.inet.InetAddressFactory] Adding IP addresses for network interface Microsoft ISATAP Adapter #2
18:39:59.062 [DEBUG] [org.gradle.messaging.remote.internal.inet.InetAddressFactory] Is this a loopback interface? false
18:39:59.064 [DEBUG] [org.gradle.messaging.remote.internal.inet.InetAddressFactory] Is this a multicast interface? true
18:39:59.064 [DEBUG] [org.gradle.messaging.remote.internal.inet.InetAddressFactory] Adding loopback multicast interface Microsoft ISATAP Adapter #2
18:39:59.065 [DEBUG] [org.gradle.messaging.remote.internal.inet.InetAddressFactory] Adding IP addresses for network interface Microsoft ISATAP Adapter #3
18:39:59.067 [DEBUG] [org.gradle.messaging.remote.internal.inet.InetAddressFactory] Is this a loopback interface? false
18:39:59.069 [DEBUG] [org.gradle.messaging.remote.internal.inet.InetAddressFactory] Is this a multicast interface? true
18:39:59.070 [DEBUG] [org.gradle.messaging.remote.internal.inet.InetAddressFactory] Adding loopback multicast interface Microsoft ISATAP Adapter #3
18:39:59.071 [DEBUG] [org.gradle.messaging.remote.internal.inet.InetAddressFactory] Adding IP addresses for network interface Microsoft 6to4 Adapter
18:39:59.073 [DEBUG] [org.gradle.messaging.remote.internal.inet.InetAddressFactory] Is this a loopback interface? false
18:39:59.075 [DEBUG] [org.gradle.messaging.remote.internal.inet.InetAddressFactory] Is this a multicast interface? true
18:39:59.075 [DEBUG] [org.gradle.messaging.remote.internal.inet.InetAddressFactory] Adding loopback multicast interface Microsoft 6to4 Adapter
18:39:59.076 [DEBUG] [org.gradle.messaging.remote.internal.inet.InetAddressFactory] Adding IP addresses for network interface Teredo Tunneling Pseudo-Interface
18:39:59.077 [DEBUG] [org.gradle.messaging.remote.internal.inet.InetAddressFactory] Is this a loopback interface? false
18:39:59.079 [DEBUG] [org.gradle.messaging.remote.internal.inet.InetAddressFactory] Is this a multicast interface? false
18:39:59.080 [DEBUG] [org.gradle.messaging.remote.internal.inet.InetAddressFactory] Adding remote address /2001:0:9d38:6abd:2ce6:1c56:f5ff:fffd
18:39:59.080 [DEBUG] [org.gradle.messaging.remote.internal.inet.InetAddressFactory] Adding remote address /fe80:0:0:0:2ce6:1c56:f5ff:fffd%12
18:39:59.081 [DEBUG] [org.gradle.messaging.remote.internal.inet.InetAddressFactory] Adding IP addresses for network interface Microsoft Hosted Network Virtual Adapter
18:39:59.083 [DEBUG] [org.gradle.messaging.remote.internal.inet.InetAddressFactory] Is this a loopback interface? false
18:39:59.085 [DEBUG] [org.gradle.messaging.remote.internal.inet.InetAddressFactory] Is this a multicast interface? true
18:39:59.085 [DEBUG] [org.gradle.messaging.remote.internal.inet.InetAddressFactory] Adding remote address /fe80:0:0:0:4dc8:3e30:ddfa:e624%13
18:39:59.086 [DEBUG] [org.gradle.messaging.remote.internal.inet.InetAddressFactory] Adding remote multicast interface Microsoft Hosted Network Virtual Adapter
18:39:59.086 [DEBUG] [org.gradle.messaging.remote.internal.inet.InetAddressFactory] Adding IP addresses for network interface Microsoft Wi-Fi Direct Virtual Adapter
18:39:59.088 [DEBUG] [org.gradle.messaging.remote.internal.inet.InetAddressFactory] Is this a loopback interface? false
18:39:59.090 [DEBUG] [org.gradle.messaging.remote.internal.inet.InetAddressFactory] Is this a multicast interface? true
18:39:59.090 [DEBUG] [org.gradle.messaging.remote.internal.inet.InetAddressFactory] Adding remote address /fe80:0:0:0:9055:8bb1:c930:8583%14
18:39:59.091 [DEBUG] [org.gradle.messaging.remote.internal.inet.InetAddressFactory] Adding remote multicast interface Microsoft Wi-Fi Direct Virtual Adapter
18:39:59.091 [DEBUG] [org.gradle.messaging.remote.internal.inet.InetAddressFactory] Adding IP addresses for network interface Microsoft ISATAP Adapter #4
18:39:59.093 [DEBUG] [org.gradle.messaging.remote.internal.inet.InetAddressFactory] Is this a loopback interface? false
18:39:59.095 [DEBUG] [org.gradle.messaging.remote.internal.inet.InetAddressFactory] Is this a multicast interface? true
18:39:59.096 [DEBUG] [org.gradle.messaging.remote.internal.inet.InetAddressFactory] Adding loopback multicast interface Microsoft ISATAP Adapter #4
18:39:59.097 [DEBUG] [org.gradle.messaging.remote.internal.inet.InetAddressFactory] Adding IP addresses for network interface Cisco AnyConnect Secure Mobility Client Virtual Miniport Adapter for Windows x64
18:39:59.099 [DEBUG] [org.gradle.messaging.remote.internal.inet.InetAddressFactory] Is this a loopback interface? false
18:39:59.102 [DEBUG] [org.gradle.messaging.remote.internal.inet.InetAddressFactory] Is this a multicast interface? true
18:39:59.103 [DEBUG] [org.gradle.messaging.remote.internal.inet.InetAddressFactory] Adding loopback multicast interface Cisco AnyConnect Secure Mobility Client Virtual Miniport Adapter for Windows x64
18:39:59.103 [DEBUG] [org.gradle.messaging.remote.internal.inet.InetAddressFactory] Adding IP addresses for network interface Microsoft ISATAP Adapter #5
18:39:59.106 [DEBUG] [org.gradle.messaging.remote.internal.inet.InetAddressFactory] Is this a loopback interface? false
18:39:59.107 [DEBUG] [org.gradle.messaging.remote.internal.inet.InetAddressFactory] Is this a multicast interface? true
18:39:59.108 [DEBUG] [org.gradle.messaging.remote.internal.inet.InetAddressFactory] Adding loopback multicast interface Microsoft ISATAP Adapter #5
18:39:59.108 [DEBUG] [org.gradle.messaging.remote.internal.inet.InetAddressFactory] Adding IP addresses for network interface Microsoft ISATAP Adapter #6
18:39:59.110 [DEBUG] [org.gradle.messaging.remote.internal.inet.InetAddressFactory] Is this a loopback interface? false
18:39:59.112 [DEBUG] [org.gradle.messaging.remote.internal.inet.InetAddressFactory] Is this a multicast interface? true
18:39:59.112 [DEBUG] [org.gradle.messaging.remote.internal.inet.InetAddressFactory] Adding loopback multicast interface Microsoft ISATAP Adapter #6
18:39:59.113 [DEBUG] [org.gradle.messaging.remote.internal.inet.InetAddressFactory] Adding IP addresses for network interface Realtek PCIe GBE Family Controller-WFP Native MAC Layer LightWeight Filter-0000
18:39:59.114 [DEBUG] [org.gradle.messaging.remote.internal.inet.InetAddressFactory] Is this a loopback interface? false
18:39:59.116 [DEBUG] [org.gradle.messaging.remote.internal.inet.InetAddressFactory] Is this a multicast interface? true
18:39:59.116 [DEBUG] [org.gradle.messaging.remote.internal.inet.InetAddressFactory] Adding loopback multicast interface Realtek PCIe GBE Family Controller-WFP Native MAC Layer LightWeight Filter-0000
18:39:59.117 [DEBUG] [org.gradle.messaging.remote.internal.inet.InetAddressFactory] Adding IP addresses for network interface Realtek PCIe GBE Family Controller-QoS Packet Scheduler-0000
18:39:59.119 [DEBUG] [org.gradle.messaging.remote.internal.inet.InetAddressFactory] Is this a loopback interface? false
18:39:59.120 [DEBUG] [org.gradle.messaging.remote.internal.inet.InetAddressFactory] Is this a multicast interface? true
18:39:59.121 [DEBUG] [org.gradle.messaging.remote.internal.inet.InetAddressFactory] Adding loopback multicast interface Realtek PCIe GBE Family Controller-QoS Packet Scheduler-0000
18:39:59.121 [DEBUG] [org.gradle.messaging.remote.internal.inet.InetAddressFactory] Adding IP addresses for network interface Realtek PCIe GBE Family Controller-WFP 802.3 MAC Layer LightWeight Filter-0000
18:39:59.123 [DEBUG] [org.gradle.messaging.remote.internal.inet.InetAddressFactory] Is this a loopback interface? false
18:39:59.125 [DEBUG] [org.gradle.messaging.remote.internal.inet.InetAddressFactory] Is this a multicast interface? true
18:39:59.125 [DEBUG] [org.gradle.messaging.remote.internal.inet.InetAddressFactory] Adding loopback multicast interface Realtek PCIe GBE Family Controller-WFP 802.3 MAC Layer LightWeight Filter-0000
18:39:59.127 [DEBUG] [org.gradle.messaging.remote.internal.inet.InetAddressFactory] Adding IP addresses for network interface Ericsson N5321 gw-WFP Native MAC Layer LightWeight Filter-0000
18:39:59.128 [DEBUG] [org.gradle.messaging.remote.internal.inet.InetAddressFactory] Is this a loopback interface? false
18:39:59.130 [DEBUG] [org.gradle.messaging.remote.internal.inet.InetAddressFactory] Is this a multicast interface? true
18:39:59.131 [DEBUG] [org.gradle.messaging.remote.internal.inet.InetAddressFactory] Adding loopback multicast interface Ericsson N5321 gw-WFP Native MAC Layer LightWeight Filter-0000
18:39:59.131 [DEBUG] [org.gradle.messaging.remote.internal.inet.InetAddressFactory] Adding IP addresses for network interface Ericsson N5321 gw-Virtual WiFi Filter Driver-0000
18:39:59.133 [DEBUG] [org.gradle.messaging.remote.internal.inet.InetAddressFactory] Is this a loopback interface? false
18:39:59.135 [DEBUG] [org.gradle.messaging.remote.internal.inet.InetAddressFactory] Is this a multicast interface? true
18:39:59.135 [DEBUG] [org.gradle.messaging.remote.internal.inet.InetAddressFactory] Adding loopback multicast interface Ericsson N5321 gw-Virtual WiFi Filter Driver-0000
18:39:59.136 [DEBUG] [org.gradle.messaging.remote.internal.inet.InetAddressFactory] Adding IP addresses for network interface Intel(R) Wireless-N 7260-WFP Native MAC Layer LightWeight Filter-0000
18:39:59.137 [DEBUG] [org.gradle.messaging.remote.internal.inet.InetAddressFactory] Is this a loopback interface? false
18:39:59.139 [DEBUG] [org.gradle.messaging.remote.internal.inet.InetAddressFactory] Is this a multicast interface? true
18:39:59.140 [DEBUG] [org.gradle.messaging.remote.internal.inet.InetAddressFactory] Adding loopback multicast interface Intel(R) Wireless-N 7260-WFP Native MAC Layer LightWeight Filter-0000
18:39:59.140 [DEBUG] [org.gradle.messaging.remote.internal.inet.InetAddressFactory] Adding IP addresses for network interface Intel(R) Wireless-N 7260-Virtual WiFi Filter Driver-0000
18:39:59.142 [DEBUG] [org.gradle.messaging.remote.internal.inet.InetAddressFactory] Is this a loopback interface? false
18:39:59.144 [DEBUG] [org.gradle.messaging.remote.internal.inet.InetAddressFactory] Is this a multicast interface? true
18:39:59.145 [DEBUG] [org.gradle.messaging.remote.internal.inet.InetAddressFactory] Adding loopback multicast interface Intel(R) Wireless-N 7260-Virtual WiFi Filter Driver-0000
18:39:59.147 [DEBUG] [org.gradle.messaging.remote.internal.inet.InetAddressFactory] Adding IP addresses for network interface Intel(R) Wireless-N 7260-Native WiFi Filter Driver-0000
18:39:59.151 [DEBUG] [org.gradle.messaging.remote.internal.inet.InetAddressFactory] Is this a loopback interface? false
18:39:59.153 [DEBUG] [org.gradle.messaging.remote.internal.inet.InetAddressFactory] Is this a multicast interface? true
18:39:59.154 [DEBUG] [org.gradle.messaging.remote.internal.inet.InetAddressFactory] Adding loopback multicast interface Intel(R) Wireless-N 7260-Native WiFi Filter Driver-0000
18:39:59.155 [DEBUG] [org.gradle.messaging.remote.internal.inet.InetAddressFactory] Adding IP addresses for network interface Intel(R) Wireless-N 7260-QoS Packet Scheduler-0000
18:39:59.158 [DEBUG] [org.gradle.messaging.remote.internal.inet.InetAddressFactory] Is this a loopback interface? false
18:39:59.166 [DEBUG] [org.gradle.messaging.remote.internal.inet.InetAddressFactory] Is this a multicast interface? true
18:39:59.169 [DEBUG] [org.gradle.messaging.remote.internal.inet.InetAddressFactory] Adding loopback multicast interface Intel(R) Wireless-N 7260-QoS Packet Scheduler-0000
18:39:59.170 [DEBUG] [org.gradle.messaging.remote.internal.inet.InetAddressFactory] Adding IP addresses for network interface Intel(R) Wireless-N 7260-WFP 802.3 MAC Layer LightWeight Filter-0000
18:39:59.172 [DEBUG] [org.gradle.messaging.remote.internal.inet.InetAddressFactory] Is this a loopback interface? false
18:39:59.174 [DEBUG] [org.gradle.messaging.remote.internal.inet.InetAddressFactory] Is this a multicast interface? true
18:39:59.174 [DEBUG] [org.gradle.messaging.remote.internal.inet.InetAddressFactory] Adding loopback multicast interface Intel(R) Wireless-N 7260-WFP 802.3 MAC Layer LightWeight Filter-0000
18:39:59.175 [DEBUG] [org.gradle.messaging.remote.internal.inet.InetAddressFactory] Adding IP addresses for network interface Microsoft Hosted Network Virtual Adapter-WFP Native MAC Layer LightWeight Filter-0000
18:39:59.177 [DEBUG] [org.gradle.messaging.remote.internal.inet.InetAddressFactory] Is this a loopback interface? false
18:39:59.178 [DEBUG] [org.gradle.messaging.remote.internal.inet.InetAddressFactory] Is this a multicast interface? true
18:39:59.179 [DEBUG] [org.gradle.messaging.remote.internal.inet.InetAddressFactory] Adding loopback multicast interface Microsoft Hosted Network Virtual Adapter-WFP Native MAC Layer LightWeight Filter-0000
18:39:59.179 [DEBUG] [org.gradle.messaging.remote.internal.inet.InetAddressFactory] Adding IP addresses for network interface Microsoft Hosted Network Virtual Adapter-Native WiFi Filter Driver-0000
18:39:59.181 [DEBUG] [org.gradle.messaging.remote.internal.inet.InetAddressFactory] Is this a loopback interface? false
18:39:59.183 [DEBUG] [org.gradle.messaging.remote.internal.inet.InetAddressFactory] Is this a multicast interface? true
18:39:59.184 [DEBUG] [org.gradle.messaging.remote.internal.inet.InetAddressFactory] Adding loopback multicast interface Microsoft Hosted Network Virtual Adapter-Native WiFi Filter Driver-0000
18:39:59.184 [DEBUG] [org.gradle.messaging.remote.internal.inet.InetAddressFactory] Adding IP addresses for network interface Microsoft Hosted Network Virtual Adapter-QoS Packet Scheduler-0000
18:39:59.186 [DEBUG] [org.gradle.messaging.remote.internal.inet.InetAddressFactory] Is this a loopback interface? false
18:39:59.188 [DEBUG] [org.gradle.messaging.remote.internal.inet.InetAddressFactory] Is this a multicast interface? true
18:39:59.188 [DEBUG] [org.gradle.messaging.remote.internal.inet.InetAddressFactory] Adding loopback multicast interface Microsoft Hosted Network Virtual Adapter-QoS Packet Scheduler-0000
18:39:59.189 [DEBUG] [org.gradle.messaging.remote.internal.inet.InetAddressFactory] Adding IP addresses for network interface Microsoft Hosted Network Virtual Adapter-WFP 802.3 MAC Layer LightWeight Filter-0000
18:39:59.190 [DEBUG] [org.gradle.messaging.remote.internal.inet.InetAddressFactory] Is this a loopback interface? false
18:39:59.192 [DEBUG] [org.gradle.messaging.remote.internal.inet.InetAddressFactory] Is this a multicast interface? true
18:39:59.192 [DEBUG] [org.gradle.messaging.remote.internal.inet.InetAddressFactory] Adding loopback multicast interface Microsoft Hosted Network Virtual Adapter-WFP 802.3 MAC Layer LightWeight Filter-0000
18:39:59.193 [DEBUG] [org.gradle.messaging.remote.internal.inet.InetAddressFactory] Adding IP addresses for network interface Microsoft Wi-Fi Direct Virtual Adapter-WFP Native MAC Layer LightWeight Filter-0000
18:39:59.194 [DEBUG] [org.gradle.messaging.remote.internal.inet.InetAddressFactory] Is this a loopback interface? false
18:39:59.196 [DEBUG] [org.gradle.messaging.remote.internal.inet.InetAddressFactory] Is this a multicast interface? true
18:39:59.196 [DEBUG] [org.gradle.messaging.remote.internal.inet.InetAddressFactory] Adding loopback multicast interface Microsoft Wi-Fi Direct Virtual Adapter-WFP Native MAC Layer LightWeight Filter-0000
18:39:59.197 [DEBUG] [org.gradle.messaging.remote.internal.inet.InetAddressFactory] Adding IP addresses for network interface Microsoft Wi-Fi Direct Virtual Adapter-Native WiFi Filter Driver-0000
18:39:59.198 [DEBUG] [org.gradle.messaging.remote.internal.inet.InetAddressFactory] Is this a loopback interface? false
18:39:59.199 [DEBUG] [org.gradle.messaging.remote.internal.inet.InetAddressFactory] Is this a multicast interface? true
18:39:59.200 [DEBUG] [org.gradle.messaging.remote.internal.inet.InetAddressFactory] Adding loopback multicast interface Microsoft Wi-Fi Direct Virtual Adapter-Native WiFi Filter Driver-0000
18:39:59.200 [DEBUG] [org.gradle.messaging.remote.internal.inet.InetAddressFactory] Adding IP addresses for network interface Microsoft Wi-Fi Direct Virtual Adapter-QoS Packet Scheduler-0000
18:39:59.201 [DEBUG] [org.gradle.messaging.remote.internal.inet.InetAddressFactory] Is this a loopback interface? false
18:39:59.203 [DEBUG] [org.gradle.messaging.remote.internal.inet.InetAddressFactory] Is this a multicast interface? true
18:39:59.203 [DEBUG] [org.gradle.messaging.remote.internal.inet.InetAddressFactory] Adding loopback multicast interface Microsoft Wi-Fi Direct Virtual Adapter-QoS Packet Scheduler-0000
18:39:59.203 [DEBUG] [org.gradle.messaging.remote.internal.inet.InetAddressFactory] Adding IP addresses for network interface Microsoft Wi-Fi Direct Virtual Adapter-WFP 802.3 MAC Layer LightWeight Filter-0000
18:39:59.212 [DEBUG] [org.gradle.messaging.remote.internal.inet.InetAddressFactory] Is this a loopback interface? false
18:39:59.214 [DEBUG] [org.gradle.messaging.remote.internal.inet.InetAddressFactory] Is this a multicast interface? true
18:39:59.215 [DEBUG] [org.gradle.messaging.remote.internal.inet.InetAddressFactory] Adding loopback multicast interface Microsoft Wi-Fi Direct Virtual Adapter-WFP 802.3 MAC Layer LightWeight Filter-0000
18:39:59.220 [DEBUG] [org.gradle.messaging.remote.internal.inet.TcpIncomingConnector] Listening on [8a5eeeaa-251f-4312-a661-f23dd821dc06 port:50963, addresses:[/127.0.0.1, /0:0:0:0:0:0:0:1]].
18:39:59.233 [DEBUG] [org.gradle.launcher.daemon.server.Daemon] Daemon starting at: Wed Feb 25 18:39:59 CET 2015, with address: [8a5eeeaa-251f-4312-a661-f23dd821dc06 port:50963, addresses:[/127.0.0.1, /0:0:0:0:0:0:0:1]]
18:39:59.234 [INFO] [org.gradle.launcher.daemon.server.DomainRegistryUpdater] Advertising the daemon address to the clients: [8a5eeeaa-251f-4312-a661-f23dd821dc06 port:50963, addresses:[/127.0.0.1, /0:0:0:0:0:0:0:1]]
18:39:59.234 [DEBUG] [org.gradle.launcher.daemon.server.DomainRegistryUpdater] Advertised daemon context: DefaultDaemonContext[uid=afe961ce-7af8-4b5f-9155-52bf7e801aaf,javaHome=C:\Program Files\Java\jdk1.7.0_75,daemonRegistryDir=C:\Users\espen1\.gradle\daemon,pid=4300,idleTimeout=10800000,daemonOpts=-Xms128m,-Xmx512m,-Dfile.encoding=windows-1252,-Duser.country=US,-Duser.language=en,-Duser.variant]
18:39:59.235 [DEBUG] [org.gradle.launcher.daemon.registry.PersistentDaemonRegistry] Storing daemon address: [8a5eeeaa-251f-4312-a661-f23dd821dc06 port:50963, addresses:[/127.0.0.1, /0:0:0:0:0:0:0:1]], context: DefaultDaemonContext[uid=afe961ce-7af8-4b5f-9155-52bf7e801aaf,javaHome=C:\Program Files\Java\jdk1.7.0_75,daemonRegistryDir=C:\Users\espen1\.gradle\daemon,pid=4300,idleTimeout=10800000,daemonOpts=-Xms128m,-Xmx512m,-Dfile.encoding=windows-1252,-Duser.country=US,-Duser.language=en,-Duser.variant]
18:39:59.246 [DEBUG] [org.gradle.cache.internal.DefaultFileLockManager] Waiting to acquire exclusive lock on daemon addresses registry.
18:39:59.250 [DEBUG] [org.gradle.cache.internal.DefaultFileLockManager] Lock acquired.
18:39:59.281 [DEBUG] [org.gradle.cache.internal.DefaultFileLockManager] Releasing lock on daemon addresses registry.
18:39:59.284 [LIFECYCLE] [org.gradle.launcher.daemon.server.Daemon] Daemon server started.
18:39:59.288 [DEBUG] [org.gradle.launcher.daemon.bootstrap.DaemonStartupCommunication] Completed writing the daemon greeting. Closing streams...
18:39:59.290 [DEBUG] [org.gradle.launcher.daemon.server.Daemon] requestStopOnIdleTimeout(10800000 MILLISECONDS) called on daemon
18:39:59.291 [DEBUG] [org.gradle.launcher.daemon.server.DaemonStateCoordinator] Idle timeout: waiting for daemon to stop or be idle for 10800000ms
18:39:59.292 [DEBUG] [org.gradle.launcher.daemon.server.DaemonStateCoordinator] Daemon is idle, sleeping until state change or idle timeout at Wed Feb 25 21:39:58 CET 2015
18:39:59.300 [DEBUG] [org.gradle.messaging.remote.internal.inet.TcpIncomingConnector] Accepted connection from /127.0.0.1:50964 to /127.0.0.1:50963.
18:39:59.371 [DEBUG] [org.gradle.launcher.daemon.server.SynchronizedDispatchConnection] thread 14: received class org.gradle.launcher.daemon.protocol.Build
18:39:59.372 [DEBUG] [org.gradle.launcher.daemon.server.DefaultDaemonConnection] Received non-IO message from client: Build{id=dd1c9409-1bc7-439c-af00-7477af17a644.1, currentDir=C:\OneDrive for Business\Prog\Android\libgdx\projects\networking}
18:39:59.372 [INFO] [org.gradle.launcher.daemon.server.DefaultIncomingConnectionHandler] Received command: Build{id=dd1c9409-1bc7-439c-af00-7477af17a644.1, currentDir=C:\OneDrive for Business\Prog\Android\libgdx\projects\networking}.
18:39:59.373 [DEBUG] [org.gradle.launcher.daemon.server.DefaultIncomingConnectionHandler] Starting executing command: Build{id=dd1c9409-1bc7-439c-af00-7477af17a644.1, currentDir=C:\OneDrive for Business\Prog\Android\libgdx\projects\networking} with connection: socket connection from /127.0.0.1:50963 to /127.0.0.1:50964.
18:39:59.381 [DEBUG] [org.gradle.launcher.daemon.server.DaemonStateCoordinator] Command execution: started DaemonCommandExecution[command = Build{id=dd1c9409-1bc7-439c-af00-7477af17a644.1, currentDir=C:\OneDrive for Business\Prog\Android\libgdx\projects\networking}, connection = org.gradle.launcher.daemon.server.DefaultDaemonConnection@72d47b5a] after 0.0 minutes of idle
18:39:59.382 [INFO] [org.gradle.launcher.daemon.server.DomainRegistryUpdater] Marking the daemon as busy, address: [8a5eeeaa-251f-4312-a661-f23dd821dc06 port:50963, addresses:[/127.0.0.1, /0:0:0:0:0:0:0:1]]
18:39:59.382 [DEBUG] [org.gradle.launcher.daemon.registry.PersistentDaemonRegistry] Marking busy by address: [8a5eeeaa-251f-4312-a661-f23dd821dc06 port:50963, addresses:[/127.0.0.1, /0:0:0:0:0:0:0:1]]
18:39:59.383 [DEBUG] [org.gradle.cache.internal.DefaultFileLockManager] Waiting to acquire exclusive lock on daemon addresses registry.
18:39:59.383 [DEBUG] [org.gradle.cache.internal.DefaultFileLockManager] Lock acquired.
18:39:59.388 [DEBUG] [org.gradle.cache.internal.DefaultFileLockManager] Releasing lock on daemon addresses registry.
18:39:59.389 [DEBUG] [org.gradle.launcher.daemon.server.DaemonStateCoordinator] updating lastActivityAt to 1424885999389
18:39:59.389 [DEBUG] [org.gradle.launcher.daemon.server.DaemonStateCoordinator] Daemon is busy, sleeping until state changes.
18:39:59.390 [INFO] [org.gradle.launcher.daemon.server.exec.StartBuildOrRespondWithBusy] Daemon is about to start building Build{id=dd1c9409-1bc7-439c-af00-7477af17a644.1, currentDir=C:\OneDrive for Business\Prog\Android\libgdx\projects\networking}. Dispatching build started information...
18:39:59.391 [DEBUG] [org.gradle.launcher.daemon.server.SynchronizedDispatchConnection] thread 16: dispatching class org.gradle.launcher.daemon.protocol.BuildStarted
18:39:59.394 [DEBUG] [org.gradle.launcher.daemon.server.exec.EstablishBuildEnvironment] Configuring env variables: {USERPROFILE=C:\Users\espen1, ProgramData=C:\ProgramData, PATHEXT=.COM;.EXE;.BAT;.CMD;.VBS;.VBE;.JS;.JSE;.WSF;.WSH;.MSC, ProgramFiles(x86)=C:\Program Files (x86), TEMP=C:\Users\espen1\AppData\Local\Temp, SystemDrive=C:, ProgramFiles=C:\Program Files, Path=C:\Python27\;C:\ProgramData\Oracle\Java\javapath;C:\Python27\Scripts;C:\Program Files (x86)\Git\cmd;C:\WINDOWS\system32;C:\WINDOWS;C:\WINDOWS\System32\Wbem;C:\WINDOWS\System32\WindowsPowerShell\v1.0\;C:\Program Files (x86)\CodeBlocks\MinGW\bin;C:\Python27;, HOMEDRIVE=C:, PROCESSOR_REVISION=3c03, USERDOMAIN=espen, ALLUSERSPROFILE=C:\ProgramData, ProgramW6432=C:\Program Files, Python=C:\Python27\, PROCESSOR_IDENTIFIER=Intel64 Family 6 Model 60 Stepping 3, GenuineIntel, SESSIONNAME=Console, TMP=C:\Users\espen1\AppData\Local\Temp, CommonProgramFiles=C:\Program Files\Common Files, =::=::\, LOGONSERVER=\\ESPEN, PROCESSOR_ARCHITECTURE=AMD64, FP_NO_HOST_CHECK=NO, OS=Windows_NT, TVT=C:\Program Files (x86)\Lenovo, HOMEPATH=\Users\espen1, PROCESSOR_LEVEL=6, CommonProgramW6432=C:\Program Files\Common Files, USERDOMAIN_ROAMINGPROFILE=espen, configsetroot=C:\WINDOWS\ConfigSetRoot, LOCALAPPDATA=C:\Users\espen1\AppData\Local, COMPUTERNAME=ESPEN, windir=C:\WINDOWS, SystemRoot=C:\WINDOWS, NUMBER_OF_PROCESSORS=4, USERNAME=espen1, PUBLIC=C:\Users\Public, PSModulePath=C:\WINDOWS\system32\WindowsPowerShell\v1.0\Modules\, READYAPPS=C:\ProgramData\Lenovo\ReadyApps, CommonProgramFiles(x86)=C:\Program Files (x86)\Common Files, ComSpec=C:\WINDOWS\system32\cmd.exe, APPDATA=C:\Users\espen1\AppData\Roaming}
18:39:59.410 [DEBUG] [org.gradle.launcher.daemon.server.SynchronizedDispatchConnection] thread 14: received class org.gradle.launcher.daemon.protocol.CloseInput
18:39:59.410 [DEBUG] [org.gradle.launcher.daemon.server.DefaultDaemonConnection] Received IO message from client: CloseInput[id=dd1c9409-1bc7-439c-af00-7477af17a644.2]
18:39:59.411 [INFO] [org.gradle.launcher.daemon.server.exec.LogToClient] About to start relaying all logs to the client via the connection.
18:39:59.411 [INFO] [org.gradle.launcher.daemon.server.exec.LogToClient] The client will now receive all logging from the daemon (pid: 4300). The daemon log file: C:\Users\espen1\.gradle\daemon\2.2.1\daemon-4300.out.log
18:39:59.412 [INFO] [org.gradle.launcher.daemon.server.exec.ForwardClientInput] Closing daemon's stdin at end of input.
18:39:59.413 [INFO] [org.gradle.launcher.daemon.server.exec.ForwardClientInput] The daemon will no longer process any standard input.
18:39:59.415 [DEBUG] [org.gradle.launcher.daemon.server.exec.ExecuteBuild] The daemon has started executing the build.
18:39:59.416 [INFO] [org.gradle.launcher.daemon.server.exec.ExecuteBuild] Executing build with daemon context: DefaultDaemonContext[uid=afe961ce-7af8-4b5f-9155-52bf7e801aaf,javaHome=C:\Program Files\Java\jdk1.7.0_75,daemonRegistryDir=C:\Users\espen1\.gradle\daemon,pid=4300,idleTimeout=10800000,daemonOpts=-Xms128m,-Xmx512m,-Dfile.encoding=windows-1252,-Duser.country=US,-Duser.language=en,-Duser.variant]
18:40:00.098 [INFO] [org.gradle.tooling.internal.provider.DefaultPayloadClassLoaderRegistry] Creating ClassLoader 835bf7e0-468c-4668-99b4-36e44136c4bb from [Spec classpath:[file:/C:/Program%20Files/Android/Android%20Studio/plugins/gradle/lib/gradle-tooling-api-2.2.jar, file:/C:/Program%20Files/Android/Android%20Studio/plugins/gradle/lib/guava-jdk5-17.0.jar, file:/C:/Program%20Files/Android/Android%20Studio/plugins/gradle/lib/gradle-base-services-2.2.jar, file:/C:/Program%20Files/Android/Android%20Studio/plugins/gradle/lib/gradle-tooling-extension-api.jar, file:/C:/Program%20Files/Android/Android%20Studio/lib/openapi.jar, file:/C:/Program%20Files/Android/Android%20Studio/plugins/google-cloud-tools/lib/gradle-appengine-builder-model-0.1.0.jar, file:/C:/Program%20Files/Android/Android%20Studio/plugins/android/lib/builder-model-1.1.0-rc1.jar]] and [org.gradle.internal.classloader.FilteringClassLoader@698355aa].
18:40:00.102 [DEBUG] [org.gradle.cache.internal.DefaultFileLockManager] Waiting to acquire exclusive lock on jars (C:\Users\espen1\.gradle\caches\jars-1).
18:40:00.104 [DEBUG] [org.gradle.cache.internal.DefaultFileLockManager] Lock acquired.
18:40:00.106 [DEBUG] [org.gradle.cache.internal.locklistener.DefaultFileLockContentionHandler] Starting file lock listener thread.
Configuration on demand is an incubating feature.

BUILD SUCCESSFUL

Total time: 18.314 secs
18:40:22.319 [DEBUG] [org.gradle.api.internal.tasks.compile.daemon.CompilerDaemonManager] Stopping 0 compiler daemon(s).
18:40:22.320 [INFO] [org.gradle.api.internal.tasks.compile.daemon.CompilerDaemonManager] Stopped 0 compiler daemon(s).
18:40:22.321 [DEBUG] [org.gradle.cache.internal.DefaultFileLockManager] Releasing lock on jars (C:\Users\espen1\.gradle\caches\jars-1).
18:40:22.322 [DEBUG] [org.gradle.cache.internal.DefaultCacheAccess] Cache Plugin Resolution Cache (C:\Users\espen1\.gradle\caches\2.2.1\plugin-resolution) was closed 0 times.
18:40:22.322 [DEBUG] [org.gradle.cache.internal.DefaultFileLockManager] Releasing lock on initscript class cache for initialization script 'C:\Users\espen1\AppData\Local\Temp\asLocalRepo379987137849012166.gradle' (C:\Users\espen1\.gradle\caches\2.2.1\scripts\asLocalRepo379987137849012166_25i069co5o2j8jgpgqpeeio0g\InitScript\initscript).
18:40:22.323 [DEBUG] [org.gradle.cache.internal.DefaultFileLockManager] Releasing lock on no_initscript class cache for initialization script 'C:\Users\espen1\AppData\Local\Temp\asLocalRepo379987137849012166.gradle' (C:\Users\espen1\.gradle\caches\2.2.1\scripts\asLocalRepo379987137849012166_25i069co5o2j8jgpgqpeeio0g\InitScript\no_initscript).
18:40:22.324 [DEBUG] [org.gradle.cache.internal.DefaultFileLockManager] Releasing lock on initscript class cache for initialization script 'C:\Users\espen1\AppData\Local\Temp\ijinit1843755443695894659.gradle' (C:\Users\espen1\.gradle\caches\2.2.1\scripts\ijinit1843755443695894659_7sflivv572vkrnb806fi3lmd\InitScript\initscript).
18:40:22.325 [DEBUG] [org.gradle.cache.internal.DefaultFileLockManager] Releasing lock on no_initscript class cache for initialization script 'C:\Users\espen1\AppData\Local\Temp\ijinit1843755443695894659.gradle' (C:\Users\espen1\.gradle\caches\2.2.1\scripts\ijinit1843755443695894659_7sflivv572vkrnb806fi3lmd\InitScript\no_initscript).
18:40:22.326 [DEBUG] [org.gradle.cache.internal.DefaultFileLockManager] Releasing lock on buildscript class cache for settings file 'C:\OneDrive for Business\Prog\Android\libgdx\projects\networking\settings.gradle' (C:\Users\espen1\.gradle\caches\2.2.1\scripts\settings_9mf0jeigpui7c9jezujgerjck\SettingsScript\buildscript).
18:40:22.326 [DEBUG] [org.gradle.cache.internal.DefaultFileLockManager] Releasing lock on no_buildscript class cache for settings file 'C:\OneDrive for Business\Prog\Android\libgdx\projects\networking\settings.gradle' (C:\Users\espen1\.gradle\caches\2.2.1\scripts\settings_9mf0jeigpui7c9jezujgerjck\SettingsScript\no_buildscript).
18:40:22.327 [DEBUG] [org.gradle.cache.internal.DefaultFileLockManager] Releasing lock on buildscript class cache for build file 'C:\OneDrive for Business\Prog\Android\libgdx\projects\networking\build.gradle' (C:\Users\espen1\.gradle\caches\2.2.1\scripts\build_akej8opl8xzdc5gyt1x4j0c21\ProjectScript\buildscript).
18:40:22.329 [DEBUG] [org.gradle.cache.internal.DefaultFileLockManager] Releasing lock on no_buildscript class cache for build file 'C:\OneDrive for Business\Prog\Android\libgdx\projects\networking\build.gradle' (C:\Users\espen1\.gradle\caches\2.2.1\scripts\build_akej8opl8xzdc5gyt1x4j0c21\ProjectScript\no_buildscript).
18:40:22.331 [DEBUG] [org.gradle.cache.internal.DefaultFileLockManager] Releasing lock on buildscript class cache for build file 'C:\OneDrive for Business\Prog\Android\libgdx\projects\networking\android\build.gradle' (C:\Users\espen1\.gradle\caches\2.2.1\scripts\build_epubj63fo91y1bp23xtgjgc98\ProjectScript\buildscript).
18:40:22.332 [DEBUG] [org.gradle.cache.internal.DefaultFileLockManager] Releasing lock on no_buildscript class cache for build file 'C:\OneDrive for Business\Prog\Android\libgdx\projects\networking\android\build.gradle' (C:\Users\espen1\.gradle\caches\2.2.1\scripts\build_epubj63fo91y1bp23xtgjgc98\ProjectScript\no_buildscript).
18:40:22.335 [DEBUG] [org.gradle.cache.internal.DefaultFileLockManager] Releasing lock on buildscript class cache for build file 'C:\OneDrive for Business\Prog\Android\libgdx\projects\networking\core\build.gradle' (C:\Users\espen1\.gradle\caches\2.2.1\scripts\build_3hr6ukygwr960zf7mbrsarqd4\ProjectScript\buildscript).
18:40:22.336 [DEBUG] [org.gradle.cache.internal.DefaultFileLockManager] Releasing lock on no_buildscript class cache for build file 'C:\OneDrive for Business\Prog\Android\libgdx\projects\networking\core\build.gradle' (C:\Users\espen1\.gradle\caches\2.2.1\scripts\build_3hr6ukygwr960zf7mbrsarqd4\ProjectScript\no_buildscript).
18:40:22.337 [DEBUG] [org.gradle.cache.internal.DefaultFileLockManager] Releasing lock on buildscript class cache for build file 'C:\OneDrive for Business\Prog\Android\libgdx\projects\networking\desktop\build.gradle' (C:\Users\espen1\.gradle\caches\2.2.1\scripts\build_2fs8ezb5hvj1qv3lmg3xaf3zd\ProjectScript\buildscript).
18:40:22.352 [DEBUG] [org.gradle.cache.internal.DefaultFileLockManager] Releasing lock on no_buildscript class cache for build file 'C:\OneDrive for Business\Prog\Android\libgdx\projects\networking\desktop\build.gradle' (C:\Users\espen1\.gradle\caches\2.2.1\scripts\build_2fs8ezb5hvj1qv3lmg3xaf3zd\ProjectScript\no_buildscript).
18:40:22.353 [DEBUG] [org.gradle.cache.internal.DefaultFileLockManager] Releasing lock on buildscript class cache for build file 'C:\OneDrive for Business\Prog\Android\libgdx\projects\networking\html\build.gradle' (C:\Users\espen1\.gradle\caches\2.2.1\scripts\build_n3zhnyvgmvdcsnvl4akoutba\ProjectScript\buildscript).
18:40:22.356 [DEBUG] [org.gradle.cache.internal.DefaultFileLockManager] Releasing lock on no_buildscript class cache for build file 'C:\OneDrive for Business\Prog\Android\libgdx\projects\networking\html\build.gradle' (C:\Users\espen1\.gradle\caches\2.2.1\scripts\build_n3zhnyvgmvdcsnvl4akoutba\ProjectScript\no_buildscript).
18:40:22.378 [DEBUG] [org.gradle.cache.internal.btree.BTreePersistentIndexedCache] Closing cache module-artifacts.bin (C:\Users\espen1\.gradle\caches\modules-2\metadata-2.14\module-artifacts.bin)
18:40:22.382 [DEBUG] [org.gradle.cache.internal.btree.BTreePersistentIndexedCache] Closing cache module-metadata.bin (C:\Users\espen1\.gradle\caches\modules-2\metadata-2.14\module-metadata.bin)
18:40:22.383 [DEBUG] [org.gradle.cache.internal.btree.BTreePersistentIndexedCache] Closing cache artifact-at-repository.bin (C:\Users\espen1\.gradle\caches\modules-2\metadata-2.14\artifact-at-repository.bin)
18:40:22.383 [DEBUG] [org.gradle.cache.internal.DefaultFileLockManager] Releasing lock on artifact cache (C:\Users\espen1\.gradle\caches\modules-2).
18:40:22.435 [DEBUG] [org.gradle.api.internal.artifacts.ivyservice.resolveengine.store.CachedStoreFactory] Resolution result cache closed. Cache reads: 72, disk reads: 17 (avg: 0.001 secs, total: 0.019 secs)
18:40:22.436 [DEBUG] [org.gradle.api.internal.artifacts.ivyservice.resolveengine.store.CachedStoreFactory] Resolved configuration cache closed. Cache reads: 0, disk reads: 0 (avg: 0.0 secs, total: 0.0 secs)
18:40:22.437 [DEBUG] [org.gradle.api.internal.artifacts.ivyservice.resolveengine.store.ResolutionResultsStoreFactory] Deleted 2 resolution results binary files in 0.003 secs
18:40:22.438 [DEBUG] [org.gradle.api.internal.artifacts.ivyservice.ivyresolve.memcache.InMemoryCachedRepositoryFactory] In-memory dependency metadata cache closed. Repos cached: 150, cache instances: 7, modules served from cache: 341, artifacts: 219
18:40:22.439 [DEBUG] [org.gradle.launcher.daemon.server.exec.ExecuteBuild] The daemon has finished executing the build.
18:40:23.070 [DEBUG] [org.gradle.launcher.daemon.server.DaemonStateCoordinator] Daemon is busy, sleeping until state changes.
18:40:23.073 [DEBUG] [org.gradle.launcher.daemon.server.DaemonStateCoordinator] Command execution: finished waiting for DaemonCommandExecution[command = Build{id=dd1c9409-1bc7-439c-af00-7477af17a644.1, currentDir=C:\OneDrive for Business\Prog\Android\libgdx\projects\networking}, connection = org.gradle.launcher.daemon.server.DefaultDaemonConnection@72d47b5a]. Result org.gradle.launcher.daemon.server.DaemonStateCoordinator@6f6e1f87 with state Running
18:40:23.073 [DEBUG] [org.gradle.launcher.daemon.server.DaemonStateCoordinator] Command execution: completed DaemonCommandExecution[command = Build{id=dd1c9409-1bc7-439c-af00-7477af17a644.1, currentDir=C:\OneDrive for Business\Prog\Android\libgdx\projects\networking}, connection = org.gradle.launcher.daemon.server.DefaultDaemonConnection@72d47b5a]
18:40:23.074 [DEBUG] [org.gradle.launcher.daemon.server.DaemonStateCoordinator] updating lastActivityAt to 1424886023074
18:40:23.074 [INFO] [org.gradle.launcher.daemon.server.DomainRegistryUpdater] Marking the daemon as idle, address: [8a5eeeaa-251f-4312-a661-f23dd821dc06 port:50963, addresses:[/127.0.0.1, /0:0:0:0:0:0:0:1]]
18:40:23.075 [DEBUG] [org.gradle.launcher.daemon.registry.PersistentDaemonRegistry] Marking idle by address: [8a5eeeaa-251f-4312-a661-f23dd821dc06 port:50963, addresses:[/127.0.0.1, /0:0:0:0:0:0:0:1]]
18:40:23.077 [DEBUG] [org.gradle.cache.internal.DefaultFileLockManager] Waiting to acquire exclusive lock on daemon addresses registry.
18:40:23.078 [DEBUG] [org.gradle.cache.internal.DefaultFileLockManager] Lock acquired.
18:40:23.083 [DEBUG] [org.gradle.cache.internal.DefaultFileLockManager] Releasing lock on daemon addresses registry.
18:40:23.084 [DEBUG] [org.gradle.launcher.daemon.server.exec.ReturnResult] Daemon is dispatching the build result: DaemonCommandResult[type=Success, value=org.gradle.tooling.internal.provider.BuildActionResult@77bae77f]
18:40:23.084 [DEBUG] [org.gradle.launcher.daemon.server.DaemonStateCoordinator] Daemon is idle, sleeping until state change or idle timeout at Wed Feb 25 21:40:23 CET 2015
18:40:23.085 [DEBUG] [org.gradle.launcher.daemon.server.SynchronizedDispatchConnection] thread 13: dispatching class org.gradle.launcher.daemon.protocol.Success
18:40:23.154 [DEBUG] [org.gradle.launcher.daemon.server.DefaultIncomingConnectionHandler] Finishing executing command: Build{id=dd1c9409-1bc7-439c-af00-7477af17a644.1, currentDir=C:\OneDrive for Business\Prog\Android\libgdx\projects\networking}
18:40:23.200 [DEBUG] [org.gradle.launcher.daemon.server.SynchronizedDispatchConnection] thread 14: received class org.gradle.launcher.daemon.protocol.Finished
18:40:23.201 [DEBUG] [org.gradle.launcher.daemon.server.DefaultDaemonConnection] Received non-IO message from client: org.gradle.launcher.daemon.protocol.Finished@eed1dbf
18:40:23.201 [DEBUG] [org.gradle.launcher.daemon.server.DefaultIncomingConnectionHandler] Received finished message: org.gradle.launcher.daemon.protocol.Finished@eed1dbf
18:40:23.202 [DEBUG] [org.gradle.launcher.daemon.server.SynchronizedDispatchConnection] thread 13: stopping connection
18:40:23.202 [DEBUG] [org.gradle.launcher.daemon.server.SynchronizedDispatchConnection] thread 14: received null
18:40:23.205 [DEBUG] [org.gradle.launcher.daemon.server.DefaultDaemonConnection] Received end-of-input from client.
18:40:23.208 [DEBUG] [org.gradle.launcher.daemon.server.SynchronizedDispatchConnection] thread 13: stopping connection
18:40:32.376 [DEBUG] [org.gradle.messaging.remote.internal.inet.TcpIncomingConnector] Accepted connection from /127.0.0.1:51024 to /127.0.0.1:50963.
18:40:32.404 [DEBUG] [org.gradle.launcher.daemon.server.SynchronizedDispatchConnection] thread 19: received class org.gradle.launcher.daemon.protocol.Build
18:40:32.404 [DEBUG] [org.gradle.launcher.daemon.server.DefaultDaemonConnection] Received non-IO message from client: Build{id=e8b1b2a4-8f9d-4119-a3a6-ef76e7cf60d3.1, currentDir=C:\OneDrive for Business\Prog\Android\libgdx\projects\networking}
18:40:32.405 [INFO] [org.gradle.launcher.daemon.server.DefaultIncomingConnectionHandler] Received command: Build{id=e8b1b2a4-8f9d-4119-a3a6-ef76e7cf60d3.1, currentDir=C:\OneDrive for Business\Prog\Android\libgdx\projects\networking}.
18:40:32.405 [DEBUG] [org.gradle.launcher.daemon.server.DefaultIncomingConnectionHandler] Starting executing command: Build{id=e8b1b2a4-8f9d-4119-a3a6-ef76e7cf60d3.1, currentDir=C:\OneDrive for Business\Prog\Android\libgdx\projects\networking} with connection: socket connection from /127.0.0.1:50963 to /127.0.0.1:51024.
18:40:32.406 [DEBUG] [org.gradle.launcher.daemon.server.DaemonStateCoordinator] Command execution: started DaemonCommandExecution[command = Build{id=e8b1b2a4-8f9d-4119-a3a6-ef76e7cf60d3.1, currentDir=C:\OneDrive for Business\Prog\Android\libgdx\projects\networking}, connection = org.gradle.launcher.daemon.server.DefaultDaemonConnection@138a321a] after 0.0 minutes of idle
18:40:32.407 [INFO] [org.gradle.launcher.daemon.server.DomainRegistryUpdater] Marking the daemon as busy, address: [8a5eeeaa-251f-4312-a661-f23dd821dc06 port:50963, addresses:[/127.0.0.1, /0:0:0:0:0:0:0:1]]
18:40:32.407 [DEBUG] [org.gradle.launcher.daemon.registry.PersistentDaemonRegistry] Marking busy by address: [8a5eeeaa-251f-4312-a661-f23dd821dc06 port:50963, addresses:[/127.0.0.1, /0:0:0:0:0:0:0:1]]
18:40:32.408 [DEBUG] [org.gradle.cache.internal.DefaultFileLockManager] Waiting to acquire exclusive lock on daemon addresses registry.
18:40:32.409 [DEBUG] [org.gradle.cache.internal.DefaultFileLockManager] Lock acquired.
18:40:32.413 [DEBUG] [org.gradle.cache.internal.DefaultFileLockManager] Releasing lock on daemon addresses registry.
18:40:32.413 [DEBUG] [org.gradle.launcher.daemon.server.DaemonStateCoordinator] updating lastActivityAt to 1424886032413
18:40:32.414 [INFO] [org.gradle.launcher.daemon.server.exec.StartBuildOrRespondWithBusy] Daemon is about to start building Build{id=e8b1b2a4-8f9d-4119-a3a6-ef76e7cf60d3.1, currentDir=C:\OneDrive for Business\Prog\Android\libgdx\projects\networking}. Dispatching build started information...
18:40:32.414 [DEBUG] [org.gradle.launcher.daemon.server.DaemonStateCoordinator] Daemon is busy, sleeping until state changes.
18:40:32.414 [DEBUG] [org.gradle.launcher.daemon.server.SynchronizedDispatchConnection] thread 16: dispatching class org.gradle.launcher.daemon.protocol.BuildStarted
18:40:32.416 [DEBUG] [org.gradle.launcher.daemon.server.exec.EstablishBuildEnvironment] Configuring env variables: {USERPROFILE=C:\Users\espen1, ProgramData=C:\ProgramData, PATHEXT=.COM;.EXE;.BAT;.CMD;.VBS;.VBE;.JS;.JSE;.WSF;.WSH;.MSC, ProgramFiles(x86)=C:\Program Files (x86), TEMP=C:\Users\espen1\AppData\Local\Temp, SystemDrive=C:, ProgramFiles=C:\Program Files, Path=C:\Python27\;C:\ProgramData\Oracle\Java\javapath;C:\Python27\Scripts;C:\Program Files (x86)\Git\cmd;C:\WINDOWS\system32;C:\WINDOWS;C:\WINDOWS\System32\Wbem;C:\WINDOWS\System32\WindowsPowerShell\v1.0\;C:\Program Files (x86)\CodeBlocks\MinGW\bin;C:\Python27;, HOMEDRIVE=C:, PROCESSOR_REVISION=3c03, USERDOMAIN=espen, ALLUSERSPROFILE=C:\ProgramData, ProgramW6432=C:\Program Files, Python=C:\Python27\, PROCESSOR_IDENTIFIER=Intel64 Family 6 Model 60 Stepping 3, GenuineIntel, SESSIONNAME=Console, TMP=C:\Users\espen1\AppData\Local\Temp, CommonProgramFiles=C:\Program Files\Common Files, =::=::\, LOGONSERVER=\\ESPEN, PROCESSOR_ARCHITECTURE=AMD64, FP_NO_HOST_CHECK=NO, OS=Windows_NT, TVT=C:\Program Files (x86)\Lenovo, HOMEPATH=\Users\espen1, PROCESSOR_LEVEL=6, CommonProgramW6432=C:\Program Files\Common Files, USERDOMAIN_ROAMINGPROFILE=espen, configsetroot=C:\WINDOWS\ConfigSetRoot, LOCALAPPDATA=C:\Users\espen1\AppData\Local, COMPUTERNAME=ESPEN, windir=C:\WINDOWS, SystemRoot=C:\WINDOWS, NUMBER_OF_PROCESSORS=4, USERNAME=espen1, PUBLIC=C:\Users\Public, PSModulePath=C:\WINDOWS\system32\WindowsPowerShell\v1.0\Modules\, READYAPPS=C:\ProgramData\Lenovo\ReadyApps, CommonProgramFiles(x86)=C:\Program Files (x86)\Common Files, ComSpec=C:\WINDOWS\system32\cmd.exe, APPDATA=C:\Users\espen1\AppData\Roaming}
18:40:32.419 [INFO] [org.gradle.launcher.daemon.server.exec.LogToClient] About to start relaying all logs to the client via the connection.
18:40:32.419 [INFO] [org.gradle.launcher.daemon.server.exec.LogToClient] The client will now receive all logging from the daemon (pid: 4300). The daemon log file: C:\Users\espen1\.gradle\daemon\2.2.1\daemon-4300.out.log
18:40:32.420 [DEBUG] [org.gradle.launcher.daemon.server.exec.ExecuteBuild] The daemon has started executing the build.
18:40:32.421 [INFO] [org.gradle.launcher.daemon.server.exec.ExecuteBuild] Executing build with daemon context: DefaultDaemonContext[uid=afe961ce-7af8-4b5f-9155-52bf7e801aaf,javaHome=C:\Program Files\Java\jdk1.7.0_75,daemonRegistryDir=C:\Users\espen1\.gradle\daemon,pid=4300,idleTimeout=10800000,daemonOpts=-Xms128m,-Xmx512m,-Dfile.encoding=windows-1252,-Duser.country=US,-Duser.language=en,-Duser.variant]
18:40:32.446 [DEBUG] [org.gradle.launcher.daemon.server.SynchronizedDispatchConnection] thread 19: received class org.gradle.launcher.daemon.protocol.CloseInput
18:40:32.446 [DEBUG] [org.gradle.launcher.daemon.server.DefaultDaemonConnection] Received IO message from client: CloseInput[id=e8b1b2a4-8f9d-4119-a3a6-ef76e7cf60d3.2]
18:40:32.447 [INFO] [org.gradle.launcher.daemon.server.exec.ForwardClientInput] Closing daemon's stdin at end of input.
18:40:32.447 [INFO] [org.gradle.launcher.daemon.server.exec.ForwardClientInput] The daemon will no longer process any standard input.
Configuration on demand is an incubating feature.
:android:preBuild
:android:preDebugBuild
:android:checkDebugManifest
:android:prepareDebugDependencies
:android:compileDebugAidl
:android:compileDebugRenderscript
:android:generateDebugBuildConfig
:android:generateDebugAssets UP-TO-DATE
:android:mergeDebugAssets
:android:generateDebugResValues
:android:generateDebugResources
:android:mergeDebugResources
:android:processDebugManifest
:android:processDebugResources
:android:generateDebugSources
:android:preDebugTestBuild
:android:prepareDebugTestDependencies
:android:compileDebugTestAidl
:android:processDebugTestManifest
:android:compileDebugTestRenderscript
:android:generateDebugTestBuildConfig
:android:generateDebugTestAssets UP-TO-DATE
:android:mergeDebugTestAssets
:android:generateDebugTestResValues
:android:generateDebugTestResources
:android:mergeDebugTestResources
:android:processDebugTestResources
:android:generateDebugTestSources

BUILD SUCCESSFUL

Total time: 10.46 secs
18:40:40.159 [DEBUG] [org.gradle.api.internal.tasks.compile.daemon.CompilerDaemonManager] Stopping 0 compiler daemon(s).
18:40:40.160 [INFO] [org.gradle.api.internal.tasks.compile.daemon.CompilerDaemonManager] Stopped 0 compiler daemon(s).
18:40:40.160 [DEBUG] [org.gradle.cache.internal.btree.BTreePersistentIndexedCache] Closing cache module-metadata.bin (C:\Users\espen1\.gradle\caches\modules-2\metadata-2.14\module-metadata.bin)
18:40:40.161 [DEBUG] [org.gradle.cache.internal.btree.BTreePersistentIndexedCache] Closing cache artifact-at-repository.bin (C:\Users\espen1\.gradle\caches\modules-2\metadata-2.14\artifact-at-repository.bin)
18:40:40.161 [DEBUG] [org.gradle.cache.internal.DefaultFileLockManager] Releasing lock on artifact cache (C:\Users\espen1\.gradle\caches\modules-2).
18:40:40.162 [DEBUG] [org.gradle.cache.internal.DefaultCacheAccess] Cache jars (C:\Users\espen1\.gradle\caches\jars-1) was closed 0 times.
18:40:40.162 [DEBUG] [org.gradle.cache.internal.DefaultFileLockManager] Releasing lock on initscript class cache for initialization script 'C:\Users\espen1\AppData\Local\Temp\asLocalRepo7545153470612022820.gradle' (C:\Users\espen1\.gradle\caches\2.2.1\scripts\asLocalRepo7545153470612022820_81p7xi2dvsuql800q45yw5ixd\InitScript\initscript).
18:40:40.163 [DEBUG] [org.gradle.cache.internal.DefaultFileLockManager] Releasing lock on no_initscript class cache for initialization script 'C:\Users\espen1\AppData\Local\Temp\asLocalRepo7545153470612022820.gradle' (C:\Users\espen1\.gradle\caches\2.2.1\scripts\asLocalRepo7545153470612022820_81p7xi2dvsuql800q45yw5ixd\InitScript\no_initscript).
18:40:40.163 [DEBUG] [org.gradle.cache.internal.DefaultFileLockManager] Releasing lock on buildscript class cache for settings file 'C:\OneDrive for Business\Prog\Android\libgdx\projects\networking\settings.gradle' (C:\Users\espen1\.gradle\caches\2.2.1\scripts\settings_9mf0jeigpui7c9jezujgerjck\SettingsScript\buildscript).
18:40:40.164 [DEBUG] [org.gradle.cache.internal.DefaultFileLockManager] Releasing lock on no_buildscript class cache for settings file 'C:\OneDrive for Business\Prog\Android\libgdx\projects\networking\settings.gradle' (C:\Users\espen1\.gradle\caches\2.2.1\scripts\settings_9mf0jeigpui7c9jezujgerjck\SettingsScript\no_buildscript).
18:40:40.164 [DEBUG] [org.gradle.cache.internal.DefaultFileLockManager] Releasing lock on buildscript class cache for build file 'C:\OneDrive for Business\Prog\Android\libgdx\projects\networking\build.gradle' (C:\Users\espen1\.gradle\caches\2.2.1\scripts\build_akej8opl8xzdc5gyt1x4j0c21\ProjectScript\buildscript).
18:40:40.164 [DEBUG] [org.gradle.cache.internal.DefaultFileLockManager] Releasing lock on no_buildscript class cache for build file 'C:\OneDrive for Business\Prog\Android\libgdx\projects\networking\build.gradle' (C:\Users\espen1\.gradle\caches\2.2.1\scripts\build_akej8opl8xzdc5gyt1x4j0c21\ProjectScript\no_buildscript).
18:40:40.165 [DEBUG] [org.gradle.cache.internal.DefaultFileLockManager] Releasing lock on buildscript class cache for build file 'C:\OneDrive for Business\Prog\Android\libgdx\projects\networking\android\build.gradle' (C:\Users\espen1\.gradle\caches\2.2.1\scripts\build_epubj63fo91y1bp23xtgjgc98\ProjectScript\buildscript).
18:40:40.165 [DEBUG] [org.gradle.cache.internal.DefaultFileLockManager] Releasing lock on no_buildscript class cache for build file 'C:\OneDrive for Business\Prog\Android\libgdx\projects\networking\android\build.gradle' (C:\Users\espen1\.gradle\caches\2.2.1\scripts\build_epubj63fo91y1bp23xtgjgc98\ProjectScript\no_buildscript).
18:40:40.166 [DEBUG] [org.gradle.cache.internal.DefaultFileLockManager] Releasing lock on buildscript class cache for build file 'C:\OneDrive for Business\Prog\Android\libgdx\projects\networking\core\build.gradle' (C:\Users\espen1\.gradle\caches\2.2.1\scripts\build_3hr6ukygwr960zf7mbrsarqd4\ProjectScript\buildscript).
18:40:40.166 [DEBUG] [org.gradle.cache.internal.DefaultFileLockManager] Releasing lock on no_buildscript class cache for build file 'C:\OneDrive for Business\Prog\Android\libgdx\projects\networking\core\build.gradle' (C:\Users\espen1\.gradle\caches\2.2.1\scripts\build_3hr6ukygwr960zf7mbrsarqd4\ProjectScript\no_buildscript).
18:40:40.167 [DEBUG] [org.gradle.cache.internal.DefaultCacheAccess] Cache Plugin Resolution Cache (C:\Users\espen1\.gradle\caches\2.2.1\plugin-resolution) was closed 0 times.
18:40:40.169 [DEBUG] [org.gradle.cache.internal.btree.BTreePersistentIndexedCache] Closing cache fileSnapshots.bin (C:\OneDrive for Business\Prog\Android\libgdx\projects\networking\.gradle\2.2.1\taskArtifacts\fileSnapshots.bin)
18:40:40.170 [DEBUG] [org.gradle.cache.internal.btree.BTreePersistentIndexedCache] Closing cache fileHashes.bin (C:\OneDrive for Business\Prog\Android\libgdx\projects\networking\.gradle\2.2.1\taskArtifacts\fileHashes.bin)
18:40:40.170 [DEBUG] [org.gradle.cache.internal.btree.BTreePersistentIndexedCache] Closing cache outputFileStates.bin (C:\OneDrive for Business\Prog\Android\libgdx\projects\networking\.gradle\2.2.1\taskArtifacts\outputFileStates.bin)
18:40:40.171 [DEBUG] [org.gradle.cache.internal.btree.BTreePersistentIndexedCache] Closing cache taskArtifacts.bin (C:\OneDrive for Business\Prog\Android\libgdx\projects\networking\.gradle\2.2.1\taskArtifacts\taskArtifacts.bin)
18:40:40.172 [DEBUG] [org.gradle.cache.internal.DefaultFileLockManager] Releasing lock on task history cache (C:\OneDrive for Business\Prog\Android\libgdx\projects\networking\.gradle\2.2.1\taskArtifacts).
18:40:40.173 [DEBUG] [org.gradle.api.internal.artifacts.ivyservice.resolveengine.store.CachedStoreFactory] Resolution result cache closed. Cache reads: 0, disk reads: 2 (avg: 0.001 secs, total: 0.003 secs)
18:40:40.174 [DEBUG] [org.gradle.api.internal.artifacts.ivyservice.resolveengine.store.CachedStoreFactory] Resolved configuration cache closed. Cache reads: 0, disk reads: 0 (avg: 0.0 secs, total: 0.0 secs)
18:40:40.175 [DEBUG] [org.gradle.api.internal.artifacts.ivyservice.resolveengine.store.ResolutionResultsStoreFactory] Deleted 2 resolution results binary files in 0.002 secs
18:40:40.175 [DEBUG] [org.gradle.api.internal.artifacts.ivyservice.ivyresolve.memcache.InMemoryCachedRepositoryFactory] In-memory dependency metadata cache closed. Repos cached: 26, cache instances: 7, modules served from cache: 26, artifacts: 26
18:40:40.176 [DEBUG] [org.gradle.launcher.daemon.server.exec.ExecuteBuild] The daemon has finished executing the build.
18:40:40.178 [DEBUG] [org.gradle.launcher.daemon.server.DaemonStateCoordinator] Command execution: finished waiting for DaemonCommandExecution[command = Build{id=e8b1b2a4-8f9d-4119-a3a6-ef76e7cf60d3.1, currentDir=C:\OneDrive for Business\Prog\Android\libgdx\projects\networking}, connection = org.gradle.launcher.daemon.server.DefaultDaemonConnection@138a321a]. Result org.gradle.launcher.daemon.server.DaemonStateCoordinator@6f6e1f87 with state Running
18:40:40.178 [DEBUG] [org.gradle.launcher.daemon.server.DaemonStateCoordinator] Command execution: completed DaemonCommandExecution[command = Build{id=e8b1b2a4-8f9d-4119-a3a6-ef76e7cf60d3.1, currentDir=C:\OneDrive for Business\Prog\Android\libgdx\projects\networking}, connection = org.gradle.launcher.daemon.server.DefaultDaemonConnection@138a321a]
18:40:40.179 [DEBUG] [org.gradle.launcher.daemon.server.DaemonStateCoordinator] updating lastActivityAt to 1424886040179
18:40:40.179 [INFO] [org.gradle.launcher.daemon.server.DomainRegistryUpdater] Marking the daemon as idle, address: [8a5eeeaa-251f-4312-a661-f23dd821dc06 port:50963, addresses:[/127.0.0.1, /0:0:0:0:0:0:0:1]]
18:40:40.179 [DEBUG] [org.gradle.launcher.daemon.registry.PersistentDaemonRegistry] Marking idle by address: [8a5eeeaa-251f-4312-a661-f23dd821dc06 port:50963, addresses:[/127.0.0.1, /0:0:0:0:0:0:0:1]]
18:40:40.180 [DEBUG] [org.gradle.cache.internal.DefaultFileLockManager] Waiting to acquire exclusive lock on daemon addresses registry.
18:40:40.181 [DEBUG] [org.gradle.cache.internal.DefaultFileLockManager] Lock acquired.
18:40:40.185 [DEBUG] [org.gradle.cache.internal.DefaultFileLockManager] Releasing lock on daemon addresses registry.
18:40:40.186 [DEBUG] [org.gradle.launcher.daemon.server.DaemonStateCoordinator] Daemon is idle, sleeping until state change or idle timeout at Wed Feb 25 21:40:40 CET 2015
18:40:40.186 [DEBUG] [org.gradle.launcher.daemon.server.exec.ReturnResult] Daemon is dispatching the build result: DaemonCommandResult[type=Success, value=org.gradle.tooling.internal.provider.BuildActionResult@1e72bd20]
18:40:40.186 [DEBUG] [org.gradle.launcher.daemon.server.SynchronizedDispatchConnection] thread 13: dispatching class org.gradle.launcher.daemon.protocol.Success
18:40:40.188 [DEBUG] [org.gradle.launcher.daemon.server.DefaultIncomingConnectionHandler] Finishing executing command: Build{id=e8b1b2a4-8f9d-4119-a3a6-ef76e7cf60d3.1, currentDir=C:\OneDrive for Business\Prog\Android\libgdx\projects\networking}
18:40:40.190 [DEBUG] [org.gradle.launcher.daemon.server.SynchronizedDispatchConnection] thread 19: received class org.gradle.launcher.daemon.protocol.Finished
18:40:40.191 [DEBUG] [org.gradle.launcher.daemon.server.DefaultDaemonConnection] Received non-IO message from client: org.gradle.launcher.daemon.protocol.Finished@20d8976b
18:40:40.191 [DEBUG] [org.gradle.launcher.daemon.server.DefaultIncomingConnectionHandler] Received finished message: org.gradle.launcher.daemon.protocol.Finished@20d8976b
18:40:40.191 [DEBUG] [org.gradle.launcher.daemon.server.SynchronizedDispatchConnection] thread 19: received null
18:40:40.192 [DEBUG] [org.gradle.launcher.daemon.server.DefaultDaemonConnection] Received end-of-input from client.
18:40:40.192 [DEBUG] [org.gradle.launcher.daemon.server.SynchronizedDispatchConnection] thread 13: stopping connection
18:40:40.194 [DEBUG] [org.gradle.launcher.daemon.server.SynchronizedDispatchConnection] thread 13: stopping connection
18:57:12.916 [DEBUG] [org.gradle.messaging.remote.internal.inet.TcpIncomingConnector] Accepted connection from /127.0.0.1:51178 to /127.0.0.1:50963.
18:57:13.057 [DEBUG] [org.gradle.launcher.daemon.server.SynchronizedDispatchConnection] thread 39: received class org.gradle.launcher.daemon.protocol.Build
18:57:13.057 [DEBUG] [org.gradle.launcher.daemon.server.DefaultDaemonConnection] Received non-IO message from client: Build{id=fc1387fb-4675-4a04-9342-995c94d419fa.1, currentDir=C:\Users\espen1\.AndroidStudio\system\compile-server}
18:57:13.058 [INFO] [org.gradle.launcher.daemon.server.DefaultIncomingConnectionHandler] Received command: Build{id=fc1387fb-4675-4a04-9342-995c94d419fa.1, currentDir=C:\Users\espen1\.AndroidStudio\system\compile-server}.
18:57:13.058 [DEBUG] [org.gradle.launcher.daemon.server.DefaultIncomingConnectionHandler] Starting executing command: Build{id=fc1387fb-4675-4a04-9342-995c94d419fa.1, currentDir=C:\Users\espen1\.AndroidStudio\system\compile-server} with connection: socket connection from /127.0.0.1:50963 to /127.0.0.1:51178.
18:57:13.060 [DEBUG] [org.gradle.launcher.daemon.server.DaemonStateCoordinator] Command execution: started DaemonCommandExecution[command = Build{id=fc1387fb-4675-4a04-9342-995c94d419fa.1, currentDir=C:\Users\espen1\.AndroidStudio\system\compile-server}, connection = org.gradle.launcher.daemon.server.DefaultDaemonConnection@77af0400] after 16.0 minutes of idle
18:57:13.061 [INFO] [org.gradle.launcher.daemon.server.DomainRegistryUpdater] Marking the daemon as busy, address: [8a5eeeaa-251f-4312-a661-f23dd821dc06 port:50963, addresses:[/127.0.0.1, /0:0:0:0:0:0:0:1]]
18:57:13.061 [DEBUG] [org.gradle.launcher.daemon.registry.PersistentDaemonRegistry] Marking busy by address: [8a5eeeaa-251f-4312-a661-f23dd821dc06 port:50963, addresses:[/127.0.0.1, /0:0:0:0:0:0:0:1]]
18:57:13.066 [DEBUG] [org.gradle.cache.internal.DefaultFileLockManager] Waiting to acquire exclusive lock on daemon addresses registry.
18:57:13.069 [DEBUG] [org.gradle.cache.internal.DefaultFileLockManager] Lock acquired.
18:57:13.082 [DEBUG] [org.gradle.cache.internal.DefaultFileLockManager] Releasing lock on daemon addresses registry.
18:57:13.083 [DEBUG] [org.gradle.launcher.daemon.server.DaemonStateCoordinator] updating lastActivityAt to 1424887033083
18:57:13.352 [DEBUG] [org.gradle.launcher.daemon.server.DaemonStateCoordinator] Daemon is busy, sleeping until state changes.
18:57:13.353 [INFO] [org.gradle.launcher.daemon.server.exec.StartBuildOrRespondWithBusy] Daemon is about to start building Build{id=fc1387fb-4675-4a04-9342-995c94d419fa.1, currentDir=C:\Users\espen1\.AndroidStudio\system\compile-server}. Dispatching build started information...
18:57:13.353 [DEBUG] [org.gradle.launcher.daemon.server.SynchronizedDispatchConnection] thread 41: dispatching class org.gradle.launcher.daemon.protocol.BuildStarted
18:57:13.356 [DEBUG] [org.gradle.launcher.daemon.server.exec.EstablishBuildEnvironment] Configuring env variables: {USERPROFILE=C:\Users\espen1, ProgramData=C:\ProgramData, PATHEXT=.COM;.EXE;.BAT;.CMD;.VBS;.VBE;.JS;.JSE;.WSF;.WSH;.MSC, ProgramFiles(x86)=C:\Program Files (x86), TEMP=C:\Users\espen1\AppData\Local\Temp, SystemDrive=C:, ProgramFiles=C:\Program Files, Path=C:\Python27\;C:\ProgramData\Oracle\Java\javapath;C:\Python27\Scripts;C:\Program Files (x86)\Git\cmd;C:\WINDOWS\system32;C:\WINDOWS;C:\WINDOWS\System32\Wbem;C:\WINDOWS\System32\WindowsPowerShell\v1.0\;C:\Program Files (x86)\CodeBlocks\MinGW\bin;C:\Python27;, HOMEDRIVE=C:, PROCESSOR_REVISION=3c03, USERDOMAIN=espen, ALLUSERSPROFILE=C:\ProgramData, ProgramW6432=C:\Program Files, Python=C:\Python27\, PROCESSOR_IDENTIFIER=Intel64 Family 6 Model 60 Stepping 3, GenuineIntel, SESSIONNAME=Console, TMP=C:\Users\espen1\AppData\Local\Temp, CommonProgramFiles=C:\Program Files\Common Files, =::=::\, LOGONSERVER=\\ESPEN, PROCESSOR_ARCHITECTURE=AMD64, FP_NO_HOST_CHECK=NO, OS=Windows_NT, TVT=C:\Program Files (x86)\Lenovo, HOMEPATH=\Users\espen1, PROCESSOR_LEVEL=6, CommonProgramW6432=C:\Program Files\Common Files, USERDOMAIN_ROAMINGPROFILE=espen, configsetroot=C:\WINDOWS\ConfigSetRoot, LOCALAPPDATA=C:\Users\espen1\AppData\Local, COMPUTERNAME=ESPEN, windir=C:\WINDOWS, SystemRoot=C:\WINDOWS, NUMBER_OF_PROCESSORS=4, USERNAME=espen1, PUBLIC=C:\Users\Public, PSModulePath=C:\WINDOWS\system32\WindowsPowerShell\v1.0\Modules\, READYAPPS=C:\ProgramData\Lenovo\ReadyApps, CommonProgramFiles(x86)=C:\Program Files (x86)\Common Files, ComSpec=C:\WINDOWS\system32\cmd.exe, APPDATA=C:\Users\espen1\AppData\Roaming}
18:57:13.360 [INFO] [org.gradle.launcher.daemon.server.exec.LogToClient] About to start relaying all logs to the client via the connection.
18:57:13.361 [INFO] [org.gradle.launcher.daemon.server.exec.LogToClient] The client will now receive all logging from the daemon (pid: 4300). The daemon log file: C:\Users\espen1\.gradle\daemon\2.2.1\daemon-4300.out.log
18:57:13.362 [DEBUG] [org.gradle.launcher.daemon.server.exec.ExecuteBuild] The daemon has started executing the build.
18:57:13.363 [INFO] [org.gradle.launcher.daemon.server.exec.ExecuteBuild] Executing build with daemon context: DefaultDaemonContext[uid=afe961ce-7af8-4b5f-9155-52bf7e801aaf,javaHome=C:\Program Files\Java\jdk1.7.0_75,daemonRegistryDir=C:\Users\espen1\.gradle\daemon,pid=4300,idleTimeout=10800000,daemonOpts=-Xms128m,-Xmx512m,-Dfile.encoding=windows-1252,-Duser.country=US,-Duser.language=en,-Duser.variant]
18:57:13.371 [DEBUG] [org.gradle.launcher.daemon.server.SynchronizedDispatchConnection] thread 39: received class org.gradle.launcher.daemon.protocol.CloseInput
18:57:13.371 [DEBUG] [org.gradle.launcher.daemon.server.DefaultDaemonConnection] Received IO message from client: CloseInput[id=fc1387fb-4675-4a04-9342-995c94d419fa.2]
18:57:13.371 [INFO] [org.gradle.launcher.daemon.server.exec.ForwardClientInput] Closing daemon's stdin at end of input.
18:57:13.372 [INFO] [org.gradle.launcher.daemon.server.exec.ForwardClientInput] The daemon will no longer process any standard input.
Configuration on demand is an incubating feature.

FAILURE: Build failed with an exception.

* Where:
Build file 'C:\OneDrive for Business\Prog\Android\libgdx\projects\networking\build.gradle' line: 33

* What went wrong:
A problem occurred evaluating root project 'networking'.
> Project with path ':desktop' could not be found in root project 'networking'.

* Try:
Run with --stacktrace option to get the stack trace. Run with --info or --debug option to get more log output.

BUILD FAILED

Total time: 2.604 secs
18:57:14.242 [DEBUG] [org.gradle.cache.internal.DefaultFileLockManager] Releasing lock on buildscript class cache for build file 'C:\OneDrive for Business\Prog\Android\libgdx\projects\networking\build.gradle' (C:\Users\espen1\.gradle\caches\2.2.1\scripts\build_akej8opl8xzdc5gyt1x4j0c21\ProjectScript\buildscript).
18:57:14.243 [DEBUG] [org.gradle.cache.internal.DefaultFileLockManager] Releasing lock on no_buildscript class cache for build file 'C:\OneDrive for Business\Prog\Android\libgdx\projects\networking\build.gradle' (C:\Users\espen1\.gradle\caches\2.2.1\scripts\build_akej8opl8xzdc5gyt1x4j0c21\ProjectScript\no_buildscript).
18:57:14.244 [DEBUG] [org.gradle.cache.internal.DefaultCacheAccess] Cache Plugin Resolution Cache (C:\Users\espen1\.gradle\caches\2.2.1\plugin-resolution) was closed 0 times.
18:57:14.245 [DEBUG] [org.gradle.cache.internal.btree.BTreePersistentIndexedCache] Closing cache artifact-at-repository.bin (C:\Users\espen1\.gradle\caches\modules-2\metadata-2.14\artifact-at-repository.bin)
18:57:14.246 [DEBUG] [org.gradle.cache.internal.btree.BTreePersistentIndexedCache] Closing cache module-metadata.bin (C:\Users\espen1\.gradle\caches\modules-2\metadata-2.14\module-metadata.bin)
18:57:14.247 [DEBUG] [org.gradle.cache.internal.DefaultFileLockManager] Releasing lock on artifact cache (C:\Users\espen1\.gradle\caches\modules-2).
18:57:14.249 [DEBUG] [org.gradle.api.internal.artifacts.ivyservice.resolveengine.store.CachedStoreFactory] Resolution result cache closed. Cache reads: 0, disk reads: 0 (avg: 0.0 secs, total: 0.0 secs)
18:57:14.250 [DEBUG] [org.gradle.api.internal.artifacts.ivyservice.resolveengine.store.CachedStoreFactory] Resolved configuration cache closed. Cache reads: 0, disk reads: 0 (avg: 0.0 secs, total: 0.0 secs)
18:57:14.251 [DEBUG] [org.gradle.api.internal.artifacts.ivyservice.resolveengine.store.ResolutionResultsStoreFactory] Deleted 2 resolution results binary files in 0.002 secs
18:57:14.252 [DEBUG] [org.gradle.api.internal.artifacts.ivyservice.ivyresolve.memcache.InMemoryCachedRepositoryFactory] In-memory dependency metadata cache closed. Repos cached: 2, cache instances: 2, modules served from cache: 0, artifacts: 0
18:57:14.253 [DEBUG] [org.gradle.launcher.daemon.server.exec.ExecuteBuild] The daemon has finished executing the build.
18:57:15.111 [DEBUG] [org.gradle.launcher.daemon.server.DaemonStateCoordinator] Command execution: finished waiting for DaemonCommandExecution[command = Build{id=fc1387fb-4675-4a04-9342-995c94d419fa.1, currentDir=C:\Users\espen1\.AndroidStudio\system\compile-server}, connection = org.gradle.launcher.daemon.server.DefaultDaemonConnection@77af0400]. Result org.gradle.launcher.daemon.server.DaemonStateCoordinator@6f6e1f87 with state Running
18:57:15.112 [DEBUG] [org.gradle.launcher.daemon.server.DaemonStateCoordinator] Command execution: completed DaemonCommandExecution[command = Build{id=fc1387fb-4675-4a04-9342-995c94d419fa.1, currentDir=C:\Users\espen1\.AndroidStudio\system\compile-server}, connection = org.gradle.launcher.daemon.server.DefaultDaemonConnection@77af0400]
18:57:15.113 [DEBUG] [org.gradle.launcher.daemon.server.DaemonStateCoordinator] updating lastActivityAt to 1424887035113
18:57:15.113 [INFO] [org.gradle.launcher.daemon.server.DomainRegistryUpdater] Marking the daemon as idle, address: [8a5eeeaa-251f-4312-a661-f23dd821dc06 port:50963, addresses:[/127.0.0.1, /0:0:0:0:0:0:0:1]]
18:57:15.114 [DEBUG] [org.gradle.launcher.daemon.registry.PersistentDaemonRegistry] Marking idle by address: [8a5eeeaa-251f-4312-a661-f23dd821dc06 port:50963, addresses:[/127.0.0.1, /0:0:0:0:0:0:0:1]]
18:57:15.115 [DEBUG] [org.gradle.cache.internal.DefaultFileLockManager] Waiting to acquire exclusive lock on daemon addresses registry.
18:57:15.118 [DEBUG] [org.gradle.cache.internal.DefaultFileLockManager] Lock acquired.
18:57:15.128 [DEBUG] [org.gradle.cache.internal.DefaultFileLockManager] Releasing lock on daemon addresses registry.
18:57:15.129 [DEBUG] [org.gradle.launcher.daemon.server.exec.ReturnResult] Daemon is dispatching the build result: DaemonCommandResult[type=CommandFailure, value=org.gradle.launcher.exec.ReportedException: org.gradle.internal.exceptions.LocationAwareException: Build file 'C:\OneDrive for Business\Prog\Android\libgdx\projects\networking\build.gradle' line: 33
A problem occurred evaluating root project 'networking'.]
18:57:15.129 [DEBUG] [org.gradle.launcher.daemon.server.DaemonStateCoordinator] Daemon is idle, sleeping until state change or idle timeout at Wed Feb 25 21:57:15 CET 2015
18:57:15.130 [DEBUG] [org.gradle.launcher.daemon.server.SynchronizedDispatchConnection] thread 38: dispatching class org.gradle.launcher.daemon.protocol.CommandFailure
18:57:15.155 [DEBUG] [org.gradle.launcher.daemon.server.DefaultIncomingConnectionHandler] Finishing executing command: Build{id=fc1387fb-4675-4a04-9342-995c94d419fa.1, currentDir=C:\Users\espen1\.AndroidStudio\system\compile-server}
18:57:15.181 [DEBUG] [org.gradle.launcher.daemon.server.SynchronizedDispatchConnection] thread 39: received class org.gradle.launcher.daemon.protocol.Finished
18:57:15.182 [DEBUG] [org.gradle.launcher.daemon.server.DefaultDaemonConnection] Received non-IO message from client: org.gradle.launcher.daemon.protocol.Finished@3e475bbb
18:57:15.182 [DEBUG] [org.gradle.launcher.daemon.server.DefaultIncomingConnectionHandler] Received finished message: org.gradle.launcher.daemon.protocol.Finished@3e475bbb
18:57:15.182 [DEBUG] [org.gradle.launcher.daemon.server.SynchronizedDispatchConnection] thread 39: received null
18:57:15.183 [DEBUG] [org.gradle.launcher.daemon.server.SynchronizedDispatchConnection] thread 38: stopping connection
18:57:15.183 [DEBUG] [org.gradle.launcher.daemon.server.DefaultDaemonConnection] Received end-of-input from client.
18:57:15.184 [DEBUG] [org.gradle.launcher.daemon.server.SynchronizedDispatchConnection] thread 38: stopping connection
18:57:51.850 [DEBUG] [org.gradle.messaging.remote.internal.inet.TcpIncomingConnector] Accepted connection from /127.0.0.1:51187 to /127.0.0.1:50963.
18:57:51.854 [DEBUG] [org.gradle.launcher.daemon.server.SynchronizedDispatchConnection] thread 43: received class org.gradle.launcher.daemon.protocol.StopWhenIdle
18:57:51.855 [DEBUG] [org.gradle.launcher.daemon.server.DefaultDaemonConnection] Received non-IO message from client: StopWhenIdle[id=9bfa5a8a-5180-408e-8e54-9ed49e83ccba.1]
18:57:51.855 [INFO] [org.gradle.launcher.daemon.server.DefaultIncomingConnectionHandler] Received command: StopWhenIdle[id=9bfa5a8a-5180-408e-8e54-9ed49e83ccba.1].
18:57:51.856 [DEBUG] [org.gradle.launcher.daemon.server.DefaultIncomingConnectionHandler] Starting executing command: StopWhenIdle[id=9bfa5a8a-5180-408e-8e54-9ed49e83ccba.1] with connection: socket connection from /127.0.0.1:50963 to /127.0.0.1:51187.
18:57:51.856 [DEBUG] [org.gradle.launcher.daemon.server.DaemonStateCoordinator] Stop as soon as idle requested. The daemon is busy: false
18:57:51.856 [DEBUG] [org.gradle.launcher.daemon.server.DaemonStateCoordinator] Marking daemon stopped due to stop requested and daemon idle. The daemon is running a build: false
18:57:51.856 [DEBUG] [org.gradle.launcher.daemon.server.SynchronizedDispatchConnection] thread 38: dispatching class org.gradle.launcher.daemon.protocol.Success
18:57:51.856 [DEBUG] [org.gradle.launcher.daemon.server.DaemonStateCoordinator] Idle timeout: daemon has stopped.
18:57:51.858 [DEBUG] [org.gradle.launcher.daemon.server.Daemon] stop() called on daemon
18:57:51.858 [DEBUG] [org.gradle.launcher.daemon.server.DefaultIncomingConnectionHandler] Finishing executing command: StopWhenIdle[id=9bfa5a8a-5180-408e-8e54-9ed49e83ccba.1]
18:57:51.858 [INFO] [org.gradle.launcher.daemon.server.Daemon] Stop requested. Daemon is removing its presence from the registry...
18:57:51.859 [DEBUG] [org.gradle.launcher.daemon.server.DomainRegistryUpdater] Removing our presence to clients, eg. removing this address from the registry: [8a5eeeaa-251f-4312-a661-f23dd821dc06 port:50963, addresses:[/127.0.0.1, /0:0:0:0:0:0:0:1]]
18:57:51.860 [DEBUG] [org.gradle.launcher.daemon.server.SynchronizedDispatchConnection] thread 43: received class org.gradle.launcher.daemon.protocol.Finished
18:57:51.860 [DEBUG] [org.gradle.launcher.daemon.registry.PersistentDaemonRegistry] Removing daemon address: [8a5eeeaa-251f-4312-a661-f23dd821dc06 port:50963, addresses:[/127.0.0.1, /0:0:0:0:0:0:0:1]]
18:57:51.861 [DEBUG] [org.gradle.launcher.daemon.server.DefaultDaemonConnection] Received non-IO message from client: org.gradle.launcher.daemon.protocol.Finished@d964e90
18:57:51.862 [DEBUG] [org.gradle.launcher.daemon.server.DefaultIncomingConnectionHandler] Received finished message: org.gradle.launcher.daemon.protocol.Finished@d964e90
18:57:51.862 [DEBUG] [org.gradle.launcher.daemon.server.SynchronizedDispatchConnection] thread 43: received null
18:57:51.863 [DEBUG] [org.gradle.launcher.daemon.server.DefaultDaemonConnection] Received end-of-input from client.
18:57:51.862 [DEBUG] [org.gradle.launcher.daemon.server.SynchronizedDispatchConnection] thread 38: stopping connection
18:57:51.863 [DEBUG] [org.gradle.cache.internal.DefaultFileLockManager] Waiting to acquire exclusive lock on daemon addresses registry.
18:57:51.864 [DEBUG] [org.gradle.launcher.daemon.server.SynchronizedDispatchConnection] thread 38: stopping connection
18:57:51.865 [DEBUG] [org.gradle.cache.internal.DefaultFileLockManager] Lock acquired.
18:57:51.870 [DEBUG] [org.gradle.cache.internal.DefaultFileLockManager] Releasing lock on daemon addresses registry.
18:57:51.871 [DEBUG] [org.gradle.launcher.daemon.server.DomainRegistryUpdater] Address removed from registry.
Daemon vm is shutting down... The daemon has exited normally or was terminated in response to a user interrupt.
18:57:51.877 [DEBUG] [org.gradle.launcher.daemon.registry.PersistentDaemonRegistry] Removing daemon address: [8a5eeeaa-251f-4312-a661-f23dd821dc06 port:50963, addresses:[/127.0.0.1, /0:0:0:0:0:0:0:1]]
18:57:51.878 [DEBUG] [org.gradle.cache.internal.DefaultFileLockManager] Waiting to acquire exclusive lock on daemon addresses registry.
18:57:51.879 [DEBUG] [org.gradle.cache.internal.DefaultFileLockManager] Lock acquired.
18:57:51.881 [DEBUG] [org.gradle.cache.internal.DefaultFileLockManager] Releasing lock on daemon addresses registry.
