16:25:39.337 [INFO] [org.gradle.launcher.daemon.server.Daemon] start() called on daemon - DefaultDaemonContext[uid=6ab270fa-dac4-487e-b8ab-42f0357cce8e,javaHome=C:\Program Files\Java\jdk1.7.0_75,daemonRegistryDir=C:\Users\espen1\.gradle\daemon,pid=3268,idleTimeout=10800000,daemonOpts=-Xms128m,-Xmx512m,-Dfile.encoding=windows-1252,-Duser.country=US,-Duser.language=en,-Duser.variant]
16:25:39.360 [DEBUG] [org.gradle.launcher.daemon.server.DaemonStateCoordinator] updating lastActivityAt to 1426433139360
16:25:39.440 [DEBUG] [org.gradle.messaging.remote.internal.inet.InetAddressFactory] Adding IP addresses for network interface Software Loopback Interface 1
16:25:39.442 [DEBUG] [org.gradle.messaging.remote.internal.inet.InetAddressFactory] Is this a loopback interface? true
16:25:39.444 [DEBUG] [org.gradle.messaging.remote.internal.inet.InetAddressFactory] Is this a multicast interface? true
16:25:39.445 [DEBUG] [org.gradle.messaging.remote.internal.inet.InetAddressFactory] Adding loopback address /127.0.0.1
16:25:39.446 [DEBUG] [org.gradle.messaging.remote.internal.inet.InetAddressFactory] Adding loopback address /0:0:0:0:0:0:0:1
16:25:39.447 [DEBUG] [org.gradle.messaging.remote.internal.inet.InetAddressFactory] Adding loopback multicast interface Software Loopback Interface 1
16:25:39.447 [DEBUG] [org.gradle.messaging.remote.internal.inet.InetAddressFactory] Adding IP addresses for network interface Microsoft Kernel Debug Network Adapter
16:25:39.449 [DEBUG] [org.gradle.messaging.remote.internal.inet.InetAddressFactory] Is this a loopback interface? false
16:25:39.450 [DEBUG] [org.gradle.messaging.remote.internal.inet.InetAddressFactory] Is this a multicast interface? true
16:25:39.451 [DEBUG] [org.gradle.messaging.remote.internal.inet.InetAddressFactory] Adding loopback multicast interface Microsoft Kernel Debug Network Adapter
16:25:39.451 [DEBUG] [org.gradle.messaging.remote.internal.inet.InetAddressFactory] Adding IP addresses for network interface Intel(R) Wireless-N 7260
16:25:39.453 [DEBUG] [org.gradle.messaging.remote.internal.inet.InetAddressFactory] Is this a loopback interface? false
16:25:39.455 [DEBUG] [org.gradle.messaging.remote.internal.inet.InetAddressFactory] Is this a multicast interface? true
16:25:39.455 [DEBUG] [org.gradle.messaging.remote.internal.inet.InetAddressFactory] Adding remote address /10.0.0.2
16:25:39.456 [DEBUG] [org.gradle.messaging.remote.internal.inet.InetAddressFactory] Adding remote address /fe80:0:0:0:25d6:68f1:8562:1041%3
16:25:39.456 [DEBUG] [org.gradle.messaging.remote.internal.inet.InetAddressFactory] Adding remote multicast interface Intel(R) Wireless-N 7260
16:25:39.457 [DEBUG] [org.gradle.messaging.remote.internal.inet.InetAddressFactory] Adding IP addresses for network interface Realtek PCIe GBE Family Controller
16:25:39.458 [DEBUG] [org.gradle.messaging.remote.internal.inet.InetAddressFactory] Is this a loopback interface? false
16:25:39.460 [DEBUG] [org.gradle.messaging.remote.internal.inet.InetAddressFactory] Is this a multicast interface? true
16:25:39.461 [DEBUG] [org.gradle.messaging.remote.internal.inet.InetAddressFactory] Adding remote address /fe80:0:0:0:577:32bf:f7d9:efd4%4
16:25:39.462 [DEBUG] [org.gradle.messaging.remote.internal.inet.InetAddressFactory] Adding remote multicast interface Realtek PCIe GBE Family Controller
16:25:39.462 [DEBUG] [org.gradle.messaging.remote.internal.inet.InetAddressFactory] Adding IP addresses for network interface Ericsson N5321 gw
16:25:39.464 [DEBUG] [org.gradle.messaging.remote.internal.inet.InetAddressFactory] Is this a loopback interface? false
16:25:39.465 [DEBUG] [org.gradle.messaging.remote.internal.inet.InetAddressFactory] Is this a multicast interface? true
16:25:39.466 [DEBUG] [org.gradle.messaging.remote.internal.inet.InetAddressFactory] Adding remote address /fe80:0:0:0:2cc2:a3c3:2018:847a%5
16:25:39.466 [DEBUG] [org.gradle.messaging.remote.internal.inet.InetAddressFactory] Adding remote multicast interface Ericsson N5321 gw
16:25:39.467 [DEBUG] [org.gradle.messaging.remote.internal.inet.InetAddressFactory] Adding IP addresses for network interface Bluetooth Device (RFCOMM Protocol TDI)
16:25:39.470 [DEBUG] [org.gradle.messaging.remote.internal.inet.InetAddressFactory] Is this a loopback interface? false
16:25:39.471 [DEBUG] [org.gradle.messaging.remote.internal.inet.InetAddressFactory] Is this a multicast interface? true
16:25:39.471 [DEBUG] [org.gradle.messaging.remote.internal.inet.InetAddressFactory] Adding loopback multicast interface Bluetooth Device (RFCOMM Protocol TDI)
16:25:39.471 [DEBUG] [org.gradle.messaging.remote.internal.inet.InetAddressFactory] Adding IP addresses for network interface Bluetooth Device (Personal Area Network)
16:25:39.473 [DEBUG] [org.gradle.messaging.remote.internal.inet.InetAddressFactory] Is this a loopback interface? false
16:25:39.475 [DEBUG] [org.gradle.messaging.remote.internal.inet.InetAddressFactory] Is this a multicast interface? true
16:25:39.475 [DEBUG] [org.gradle.messaging.remote.internal.inet.InetAddressFactory] Adding remote address /fe80:0:0:0:8839:eda5:2b99:9333%7
16:25:39.476 [DEBUG] [org.gradle.messaging.remote.internal.inet.InetAddressFactory] Adding remote multicast interface Bluetooth Device (Personal Area Network)
16:25:39.476 [DEBUG] [org.gradle.messaging.remote.internal.inet.InetAddressFactory] Adding IP addresses for network interface Microsoft ISATAP Adapter
16:25:39.479 [DEBUG] [org.gradle.messaging.remote.internal.inet.InetAddressFactory] Is this a loopback interface? false
16:25:39.480 [DEBUG] [org.gradle.messaging.remote.internal.inet.InetAddressFactory] Is this a multicast interface? false
16:25:39.481 [DEBUG] [org.gradle.messaging.remote.internal.inet.InetAddressFactory] Adding remote address /fe80:0:0:0:0:5efe:a00:2%8
16:25:39.482 [DEBUG] [org.gradle.messaging.remote.internal.inet.InetAddressFactory] Adding IP addresses for network interface Microsoft ISATAP Adapter #2
16:25:39.483 [DEBUG] [org.gradle.messaging.remote.internal.inet.InetAddressFactory] Is this a loopback interface? false
16:25:39.484 [DEBUG] [org.gradle.messaging.remote.internal.inet.InetAddressFactory] Is this a multicast interface? true
16:25:39.485 [DEBUG] [org.gradle.messaging.remote.internal.inet.InetAddressFactory] Adding loopback multicast interface Microsoft ISATAP Adapter #2
16:25:39.485 [DEBUG] [org.gradle.messaging.remote.internal.inet.InetAddressFactory] Adding IP addresses for network interface Microsoft ISATAP Adapter #3
16:25:39.487 [DEBUG] [org.gradle.messaging.remote.internal.inet.InetAddressFactory] Is this a loopback interface? false
16:25:39.488 [DEBUG] [org.gradle.messaging.remote.internal.inet.InetAddressFactory] Is this a multicast interface? true
16:25:39.488 [DEBUG] [org.gradle.messaging.remote.internal.inet.InetAddressFactory] Adding loopback multicast interface Microsoft ISATAP Adapter #3
16:25:39.489 [DEBUG] [org.gradle.messaging.remote.internal.inet.InetAddressFactory] Adding IP addresses for network interface Microsoft 6to4 Adapter
16:25:39.490 [DEBUG] [org.gradle.messaging.remote.internal.inet.InetAddressFactory] Is this a loopback interface? false
16:25:39.492 [DEBUG] [org.gradle.messaging.remote.internal.inet.InetAddressFactory] Is this a multicast interface? true
16:25:39.492 [DEBUG] [org.gradle.messaging.remote.internal.inet.InetAddressFactory] Adding loopback multicast interface Microsoft 6to4 Adapter
16:25:39.493 [DEBUG] [org.gradle.messaging.remote.internal.inet.InetAddressFactory] Adding IP addresses for network interface Teredo Tunneling Pseudo-Interface
16:25:39.494 [DEBUG] [org.gradle.messaging.remote.internal.inet.InetAddressFactory] Is this a loopback interface? false
16:25:39.495 [DEBUG] [org.gradle.messaging.remote.internal.inet.InetAddressFactory] Is this a multicast interface? false
16:25:39.496 [DEBUG] [org.gradle.messaging.remote.internal.inet.InetAddressFactory] Adding remote address /2001:0:9d38:6ab8:3c18:310c:f5ff:fffd
16:25:39.496 [DEBUG] [org.gradle.messaging.remote.internal.inet.InetAddressFactory] Adding remote address /fe80:0:0:0:3c18:310c:f5ff:fffd%12
16:25:39.498 [DEBUG] [org.gradle.messaging.remote.internal.inet.InetAddressFactory] Adding IP addresses for network interface Microsoft Hosted Network Virtual Adapter
16:25:39.501 [DEBUG] [org.gradle.messaging.remote.internal.inet.InetAddressFactory] Is this a loopback interface? false
16:25:39.505 [DEBUG] [org.gradle.messaging.remote.internal.inet.InetAddressFactory] Is this a multicast interface? true
16:25:39.506 [DEBUG] [org.gradle.messaging.remote.internal.inet.InetAddressFactory] Adding remote address /fe80:0:0:0:4dc8:3e30:ddfa:e624%13
16:25:39.507 [DEBUG] [org.gradle.messaging.remote.internal.inet.InetAddressFactory] Adding remote multicast interface Microsoft Hosted Network Virtual Adapter
16:25:39.509 [DEBUG] [org.gradle.messaging.remote.internal.inet.InetAddressFactory] Adding IP addresses for network interface Microsoft Wi-Fi Direct Virtual Adapter
16:25:39.514 [DEBUG] [org.gradle.messaging.remote.internal.inet.InetAddressFactory] Is this a loopback interface? false
16:25:39.518 [DEBUG] [org.gradle.messaging.remote.internal.inet.InetAddressFactory] Is this a multicast interface? true
16:25:39.520 [DEBUG] [org.gradle.messaging.remote.internal.inet.InetAddressFactory] Adding remote address /fe80:0:0:0:9055:8bb1:c930:8583%14
16:25:39.521 [DEBUG] [org.gradle.messaging.remote.internal.inet.InetAddressFactory] Adding remote multicast interface Microsoft Wi-Fi Direct Virtual Adapter
16:25:39.522 [DEBUG] [org.gradle.messaging.remote.internal.inet.InetAddressFactory] Adding IP addresses for network interface Microsoft ISATAP Adapter #4
16:25:39.525 [DEBUG] [org.gradle.messaging.remote.internal.inet.InetAddressFactory] Is this a loopback interface? false
16:25:39.529 [DEBUG] [org.gradle.messaging.remote.internal.inet.InetAddressFactory] Is this a multicast interface? true
16:25:39.530 [DEBUG] [org.gradle.messaging.remote.internal.inet.InetAddressFactory] Adding loopback multicast interface Microsoft ISATAP Adapter #4
16:25:39.532 [DEBUG] [org.gradle.messaging.remote.internal.inet.InetAddressFactory] Adding IP addresses for network interface Microsoft ISATAP Adapter #5
16:25:39.535 [DEBUG] [org.gradle.messaging.remote.internal.inet.InetAddressFactory] Is this a loopback interface? false
16:25:39.538 [DEBUG] [org.gradle.messaging.remote.internal.inet.InetAddressFactory] Is this a multicast interface? true
16:25:39.540 [DEBUG] [org.gradle.messaging.remote.internal.inet.InetAddressFactory] Adding loopback multicast interface Microsoft ISATAP Adapter #5
16:25:39.540 [DEBUG] [org.gradle.messaging.remote.internal.inet.InetAddressFactory] Adding IP addresses for network interface Microsoft ISATAP Adapter #6
16:25:39.542 [DEBUG] [org.gradle.messaging.remote.internal.inet.InetAddressFactory] Is this a loopback interface? false
16:25:39.544 [DEBUG] [org.gradle.messaging.remote.internal.inet.InetAddressFactory] Is this a multicast interface? true
16:25:39.545 [DEBUG] [org.gradle.messaging.remote.internal.inet.InetAddressFactory] Adding loopback multicast interface Microsoft ISATAP Adapter #6
16:25:39.545 [DEBUG] [org.gradle.messaging.remote.internal.inet.InetAddressFactory] Adding IP addresses for network interface Cisco AnyConnect Secure Mobility Client Virtual Miniport Adapter for Windows x64
16:25:39.546 [DEBUG] [org.gradle.messaging.remote.internal.inet.InetAddressFactory] Is this a loopback interface? false
16:25:39.548 [DEBUG] [org.gradle.messaging.remote.internal.inet.InetAddressFactory] Is this a multicast interface? true
16:25:39.548 [DEBUG] [org.gradle.messaging.remote.internal.inet.InetAddressFactory] Adding loopback multicast interface Cisco AnyConnect Secure Mobility Client Virtual Miniport Adapter for Windows x64
16:25:39.549 [DEBUG] [org.gradle.messaging.remote.internal.inet.InetAddressFactory] Adding IP addresses for network interface Realtek PCIe GBE Family Controller-WFP Native MAC Layer LightWeight Filter-0000
16:25:39.551 [DEBUG] [org.gradle.messaging.remote.internal.inet.InetAddressFactory] Is this a loopback interface? false
16:25:39.552 [DEBUG] [org.gradle.messaging.remote.internal.inet.InetAddressFactory] Is this a multicast interface? true
16:25:39.553 [DEBUG] [org.gradle.messaging.remote.internal.inet.InetAddressFactory] Adding loopback multicast interface Realtek PCIe GBE Family Controller-WFP Native MAC Layer LightWeight Filter-0000
16:25:39.553 [DEBUG] [org.gradle.messaging.remote.internal.inet.InetAddressFactory] Adding IP addresses for network interface Realtek PCIe GBE Family Controller-QoS Packet Scheduler-0000
16:25:39.555 [DEBUG] [org.gradle.messaging.remote.internal.inet.InetAddressFactory] Is this a loopback interface? false
16:25:39.557 [DEBUG] [org.gradle.messaging.remote.internal.inet.InetAddressFactory] Is this a multicast interface? true
16:25:39.557 [DEBUG] [org.gradle.messaging.remote.internal.inet.InetAddressFactory] Adding loopback multicast interface Realtek PCIe GBE Family Controller-QoS Packet Scheduler-0000
16:25:39.558 [DEBUG] [org.gradle.messaging.remote.internal.inet.InetAddressFactory] Adding IP addresses for network interface Realtek PCIe GBE Family Controller-WFP 802.3 MAC Layer LightWeight Filter-0000
16:25:39.559 [DEBUG] [org.gradle.messaging.remote.internal.inet.InetAddressFactory] Is this a loopback interface? false
16:25:39.561 [DEBUG] [org.gradle.messaging.remote.internal.inet.InetAddressFactory] Is this a multicast interface? true
16:25:39.562 [DEBUG] [org.gradle.messaging.remote.internal.inet.InetAddressFactory] Adding loopback multicast interface Realtek PCIe GBE Family Controller-WFP 802.3 MAC Layer LightWeight Filter-0000
16:25:39.563 [DEBUG] [org.gradle.messaging.remote.internal.inet.InetAddressFactory] Adding IP addresses for network interface Ericsson N5321 gw-WFP Native MAC Layer LightWeight Filter-0000
16:25:39.564 [DEBUG] [org.gradle.messaging.remote.internal.inet.InetAddressFactory] Is this a loopback interface? false
16:25:39.566 [DEBUG] [org.gradle.messaging.remote.internal.inet.InetAddressFactory] Is this a multicast interface? true
16:25:39.566 [DEBUG] [org.gradle.messaging.remote.internal.inet.InetAddressFactory] Adding loopback multicast interface Ericsson N5321 gw-WFP Native MAC Layer LightWeight Filter-0000
16:25:39.567 [DEBUG] [org.gradle.messaging.remote.internal.inet.InetAddressFactory] Adding IP addresses for network interface Ericsson N5321 gw-Virtual WiFi Filter Driver-0000
16:25:39.568 [DEBUG] [org.gradle.messaging.remote.internal.inet.InetAddressFactory] Is this a loopback interface? false
16:25:39.570 [DEBUG] [org.gradle.messaging.remote.internal.inet.InetAddressFactory] Is this a multicast interface? true
16:25:39.571 [DEBUG] [org.gradle.messaging.remote.internal.inet.InetAddressFactory] Adding loopback multicast interface Ericsson N5321 gw-Virtual WiFi Filter Driver-0000
16:25:39.571 [DEBUG] [org.gradle.messaging.remote.internal.inet.InetAddressFactory] Adding IP addresses for network interface Intel(R) Wireless-N 7260-WFP Native MAC Layer LightWeight Filter-0000
16:25:39.573 [DEBUG] [org.gradle.messaging.remote.internal.inet.InetAddressFactory] Is this a loopback interface? false
16:25:39.574 [DEBUG] [org.gradle.messaging.remote.internal.inet.InetAddressFactory] Is this a multicast interface? true
16:25:39.575 [DEBUG] [org.gradle.messaging.remote.internal.inet.InetAddressFactory] Adding loopback multicast interface Intel(R) Wireless-N 7260-WFP Native MAC Layer LightWeight Filter-0000
16:25:39.575 [DEBUG] [org.gradle.messaging.remote.internal.inet.InetAddressFactory] Adding IP addresses for network interface Intel(R) Wireless-N 7260-Virtual WiFi Filter Driver-0000
16:25:39.577 [DEBUG] [org.gradle.messaging.remote.internal.inet.InetAddressFactory] Is this a loopback interface? false
16:25:39.579 [DEBUG] [org.gradle.messaging.remote.internal.inet.InetAddressFactory] Is this a multicast interface? true
16:25:39.579 [DEBUG] [org.gradle.messaging.remote.internal.inet.InetAddressFactory] Adding loopback multicast interface Intel(R) Wireless-N 7260-Virtual WiFi Filter Driver-0000
16:25:39.579 [DEBUG] [org.gradle.messaging.remote.internal.inet.InetAddressFactory] Adding IP addresses for network interface Intel(R) Wireless-N 7260-Native WiFi Filter Driver-0000
16:25:39.581 [DEBUG] [org.gradle.messaging.remote.internal.inet.InetAddressFactory] Is this a loopback interface? false
16:25:39.583 [DEBUG] [org.gradle.messaging.remote.internal.inet.InetAddressFactory] Is this a multicast interface? true
16:25:39.583 [DEBUG] [org.gradle.messaging.remote.internal.inet.InetAddressFactory] Adding loopback multicast interface Intel(R) Wireless-N 7260-Native WiFi Filter Driver-0000
16:25:39.584 [DEBUG] [org.gradle.messaging.remote.internal.inet.InetAddressFactory] Adding IP addresses for network interface Intel(R) Wireless-N 7260-QoS Packet Scheduler-0000
16:25:39.585 [DEBUG] [org.gradle.messaging.remote.internal.inet.InetAddressFactory] Is this a loopback interface? false
16:25:39.586 [DEBUG] [org.gradle.messaging.remote.internal.inet.InetAddressFactory] Is this a multicast interface? true
16:25:39.587 [DEBUG] [org.gradle.messaging.remote.internal.inet.InetAddressFactory] Adding loopback multicast interface Intel(R) Wireless-N 7260-QoS Packet Scheduler-0000
16:25:39.588 [DEBUG] [org.gradle.messaging.remote.internal.inet.InetAddressFactory] Adding IP addresses for network interface Intel(R) Wireless-N 7260-WFP 802.3 MAC Layer LightWeight Filter-0000
16:25:39.589 [DEBUG] [org.gradle.messaging.remote.internal.inet.InetAddressFactory] Is this a loopback interface? false
16:25:39.591 [DEBUG] [org.gradle.messaging.remote.internal.inet.InetAddressFactory] Is this a multicast interface? true
16:25:39.591 [DEBUG] [org.gradle.messaging.remote.internal.inet.InetAddressFactory] Adding loopback multicast interface Intel(R) Wireless-N 7260-WFP 802.3 MAC Layer LightWeight Filter-0000
16:25:39.592 [DEBUG] [org.gradle.messaging.remote.internal.inet.InetAddressFactory] Adding IP addresses for network interface Microsoft Hosted Network Virtual Adapter-WFP Native MAC Layer LightWeight Filter-0000
16:25:39.594 [DEBUG] [org.gradle.messaging.remote.internal.inet.InetAddressFactory] Is this a loopback interface? false
16:25:39.595 [DEBUG] [org.gradle.messaging.remote.internal.inet.InetAddressFactory] Is this a multicast interface? true
16:25:39.596 [DEBUG] [org.gradle.messaging.remote.internal.inet.InetAddressFactory] Adding loopback multicast interface Microsoft Hosted Network Virtual Adapter-WFP Native MAC Layer LightWeight Filter-0000
16:25:39.596 [DEBUG] [org.gradle.messaging.remote.internal.inet.InetAddressFactory] Adding IP addresses for network interface Microsoft Hosted Network Virtual Adapter-Native WiFi Filter Driver-0000
16:25:39.598 [DEBUG] [org.gradle.messaging.remote.internal.inet.InetAddressFactory] Is this a loopback interface? false
16:25:39.599 [DEBUG] [org.gradle.messaging.remote.internal.inet.InetAddressFactory] Is this a multicast interface? true
16:25:39.600 [DEBUG] [org.gradle.messaging.remote.internal.inet.InetAddressFactory] Adding loopback multicast interface Microsoft Hosted Network Virtual Adapter-Native WiFi Filter Driver-0000
16:25:39.600 [DEBUG] [org.gradle.messaging.remote.internal.inet.InetAddressFactory] Adding IP addresses for network interface Microsoft Hosted Network Virtual Adapter-QoS Packet Scheduler-0000
16:25:39.602 [DEBUG] [org.gradle.messaging.remote.internal.inet.InetAddressFactory] Is this a loopback interface? false
16:25:39.604 [DEBUG] [org.gradle.messaging.remote.internal.inet.InetAddressFactory] Is this a multicast interface? true
16:25:39.604 [DEBUG] [org.gradle.messaging.remote.internal.inet.InetAddressFactory] Adding loopback multicast interface Microsoft Hosted Network Virtual Adapter-QoS Packet Scheduler-0000
16:25:39.604 [DEBUG] [org.gradle.messaging.remote.internal.inet.InetAddressFactory] Adding IP addresses for network interface Microsoft Wi-Fi Direct Virtual Adapter-WFP Native MAC Layer LightWeight Filter-0000
16:25:39.606 [DEBUG] [org.gradle.messaging.remote.internal.inet.InetAddressFactory] Is this a loopback interface? false
16:25:39.607 [DEBUG] [org.gradle.messaging.remote.internal.inet.InetAddressFactory] Is this a multicast interface? true
16:25:39.608 [DEBUG] [org.gradle.messaging.remote.internal.inet.InetAddressFactory] Adding loopback multicast interface Microsoft Wi-Fi Direct Virtual Adapter-WFP Native MAC Layer LightWeight Filter-0000
16:25:39.609 [DEBUG] [org.gradle.messaging.remote.internal.inet.InetAddressFactory] Adding IP addresses for network interface Microsoft Hosted Network Virtual Adapter-WFP 802.3 MAC Layer LightWeight Filter-0000
16:25:39.610 [DEBUG] [org.gradle.messaging.remote.internal.inet.InetAddressFactory] Is this a loopback interface? false
16:25:39.612 [DEBUG] [org.gradle.messaging.remote.internal.inet.InetAddressFactory] Is this a multicast interface? true
16:25:39.612 [DEBUG] [org.gradle.messaging.remote.internal.inet.InetAddressFactory] Adding loopback multicast interface Microsoft Hosted Network Virtual Adapter-WFP 802.3 MAC Layer LightWeight Filter-0000
16:25:39.613 [DEBUG] [org.gradle.messaging.remote.internal.inet.InetAddressFactory] Adding IP addresses for network interface Microsoft Wi-Fi Direct Virtual Adapter-Native WiFi Filter Driver-0000
16:25:39.614 [DEBUG] [org.gradle.messaging.remote.internal.inet.InetAddressFactory] Is this a loopback interface? false
16:25:39.616 [DEBUG] [org.gradle.messaging.remote.internal.inet.InetAddressFactory] Is this a multicast interface? true
16:25:39.616 [DEBUG] [org.gradle.messaging.remote.internal.inet.InetAddressFactory] Adding loopback multicast interface Microsoft Wi-Fi Direct Virtual Adapter-Native WiFi Filter Driver-0000
16:25:39.617 [DEBUG] [org.gradle.messaging.remote.internal.inet.InetAddressFactory] Adding IP addresses for network interface Microsoft Wi-Fi Direct Virtual Adapter-QoS Packet Scheduler-0000
16:25:39.618 [DEBUG] [org.gradle.messaging.remote.internal.inet.InetAddressFactory] Is this a loopback interface? false
16:25:39.619 [DEBUG] [org.gradle.messaging.remote.internal.inet.InetAddressFactory] Is this a multicast interface? true
16:25:39.620 [DEBUG] [org.gradle.messaging.remote.internal.inet.InetAddressFactory] Adding loopback multicast interface Microsoft Wi-Fi Direct Virtual Adapter-QoS Packet Scheduler-0000
16:25:39.620 [DEBUG] [org.gradle.messaging.remote.internal.inet.InetAddressFactory] Adding IP addresses for network interface Microsoft Wi-Fi Direct Virtual Adapter-WFP 802.3 MAC Layer LightWeight Filter-0000
16:25:39.622 [DEBUG] [org.gradle.messaging.remote.internal.inet.InetAddressFactory] Is this a loopback interface? false
16:25:39.624 [DEBUG] [org.gradle.messaging.remote.internal.inet.InetAddressFactory] Is this a multicast interface? true
16:25:39.624 [DEBUG] [org.gradle.messaging.remote.internal.inet.InetAddressFactory] Adding loopback multicast interface Microsoft Wi-Fi Direct Virtual Adapter-WFP 802.3 MAC Layer LightWeight Filter-0000
16:25:39.631 [DEBUG] [org.gradle.messaging.remote.internal.inet.TcpIncomingConnector] Listening on [eacd3851-083f-497b-87ea-32b870e9e6ed port:50988, addresses:[/127.0.0.1, /0:0:0:0:0:0:0:1]].
16:25:39.644 [DEBUG] [org.gradle.launcher.daemon.server.Daemon] Daemon starting at: Sun Mar 15 16:25:39 CET 2015, with address: [eacd3851-083f-497b-87ea-32b870e9e6ed port:50988, addresses:[/127.0.0.1, /0:0:0:0:0:0:0:1]]
16:25:39.646 [INFO] [org.gradle.launcher.daemon.server.DomainRegistryUpdater] Advertising the daemon address to the clients: [eacd3851-083f-497b-87ea-32b870e9e6ed port:50988, addresses:[/127.0.0.1, /0:0:0:0:0:0:0:1]]
16:25:39.647 [DEBUG] [org.gradle.launcher.daemon.server.DomainRegistryUpdater] Advertised daemon context: DefaultDaemonContext[uid=6ab270fa-dac4-487e-b8ab-42f0357cce8e,javaHome=C:\Program Files\Java\jdk1.7.0_75,daemonRegistryDir=C:\Users\espen1\.gradle\daemon,pid=3268,idleTimeout=10800000,daemonOpts=-Xms128m,-Xmx512m,-Dfile.encoding=windows-1252,-Duser.country=US,-Duser.language=en,-Duser.variant]
16:25:39.647 [DEBUG] [org.gradle.launcher.daemon.registry.PersistentDaemonRegistry] Storing daemon address: [eacd3851-083f-497b-87ea-32b870e9e6ed port:50988, addresses:[/127.0.0.1, /0:0:0:0:0:0:0:1]], context: DefaultDaemonContext[uid=6ab270fa-dac4-487e-b8ab-42f0357cce8e,javaHome=C:\Program Files\Java\jdk1.7.0_75,daemonRegistryDir=C:\Users\espen1\.gradle\daemon,pid=3268,idleTimeout=10800000,daemonOpts=-Xms128m,-Xmx512m,-Dfile.encoding=windows-1252,-Duser.country=US,-Duser.language=en,-Duser.variant]
16:25:39.660 [DEBUG] [org.gradle.cache.internal.DefaultFileLockManager] Waiting to acquire exclusive lock on daemon addresses registry.
16:25:39.666 [DEBUG] [org.gradle.cache.internal.DefaultFileLockManager] Lock acquired.
16:25:39.710 [DEBUG] [org.gradle.cache.internal.DefaultFileLockManager] Releasing lock on daemon addresses registry.
16:25:39.711 [LIFECYCLE] [org.gradle.launcher.daemon.server.Daemon] Daemon server started.
16:25:39.714 [DEBUG] [org.gradle.launcher.daemon.bootstrap.DaemonStartupCommunication] Completed writing the daemon greeting. Closing streams...
16:25:39.716 [DEBUG] [org.gradle.launcher.daemon.server.Daemon] requestStopOnIdleTimeout(10800000 MILLISECONDS) called on daemon
16:25:39.717 [DEBUG] [org.gradle.launcher.daemon.server.DaemonStateCoordinator] Idle timeout: waiting for daemon to stop or be idle for 10800000ms
16:25:39.718 [DEBUG] [org.gradle.launcher.daemon.server.DaemonStateCoordinator] Daemon is idle, sleeping until state change or idle timeout at Sun Mar 15 19:25:39 CET 2015
16:25:39.745 [DEBUG] [org.gradle.messaging.remote.internal.inet.TcpIncomingConnector] Accepted connection from /127.0.0.1:50989 to /127.0.0.1:50988.
16:25:39.841 [DEBUG] [org.gradle.launcher.daemon.server.SynchronizedDispatchConnection] thread 14: received class org.gradle.launcher.daemon.protocol.Build
16:25:39.842 [DEBUG] [org.gradle.launcher.daemon.server.DefaultDaemonConnection] Received non-IO message from client: Build{id=14230f92-e39c-4e4e-b165-92b2bb509bda.1, currentDir=C:\Dropbox\Prog\Android\libgdx\projects\choppers}
16:25:39.842 [INFO] [org.gradle.launcher.daemon.server.DefaultIncomingConnectionHandler] Received command: Build{id=14230f92-e39c-4e4e-b165-92b2bb509bda.1, currentDir=C:\Dropbox\Prog\Android\libgdx\projects\choppers}.
16:25:39.843 [DEBUG] [org.gradle.launcher.daemon.server.DefaultIncomingConnectionHandler] Starting executing command: Build{id=14230f92-e39c-4e4e-b165-92b2bb509bda.1, currentDir=C:\Dropbox\Prog\Android\libgdx\projects\choppers} with connection: socket connection from /127.0.0.1:50988 to /127.0.0.1:50989.
16:25:39.853 [DEBUG] [org.gradle.launcher.daemon.server.DaemonStateCoordinator] Command execution: started DaemonCommandExecution[command = Build{id=14230f92-e39c-4e4e-b165-92b2bb509bda.1, currentDir=C:\Dropbox\Prog\Android\libgdx\projects\choppers}, connection = org.gradle.launcher.daemon.server.DefaultDaemonConnection@403e2dba] after 0.0 minutes of idle
16:25:39.854 [INFO] [org.gradle.launcher.daemon.server.DomainRegistryUpdater] Marking the daemon as busy, address: [eacd3851-083f-497b-87ea-32b870e9e6ed port:50988, addresses:[/127.0.0.1, /0:0:0:0:0:0:0:1]]
16:25:39.854 [DEBUG] [org.gradle.launcher.daemon.registry.PersistentDaemonRegistry] Marking busy by address: [eacd3851-083f-497b-87ea-32b870e9e6ed port:50988, addresses:[/127.0.0.1, /0:0:0:0:0:0:0:1]]
16:25:39.855 [DEBUG] [org.gradle.cache.internal.DefaultFileLockManager] Waiting to acquire exclusive lock on daemon addresses registry.
16:25:39.856 [DEBUG] [org.gradle.cache.internal.DefaultFileLockManager] Lock acquired.
16:25:39.861 [DEBUG] [org.gradle.cache.internal.DefaultFileLockManager] Releasing lock on daemon addresses registry.
16:25:39.862 [DEBUG] [org.gradle.launcher.daemon.server.DaemonStateCoordinator] updating lastActivityAt to 1426433139862
16:25:39.863 [DEBUG] [org.gradle.launcher.daemon.server.DaemonStateCoordinator] Daemon is busy, sleeping until state changes.
16:25:39.864 [INFO] [org.gradle.launcher.daemon.server.exec.StartBuildOrRespondWithBusy] Daemon is about to start building Build{id=14230f92-e39c-4e4e-b165-92b2bb509bda.1, currentDir=C:\Dropbox\Prog\Android\libgdx\projects\choppers}. Dispatching build started information...
16:25:39.866 [DEBUG] [org.gradle.launcher.daemon.server.SynchronizedDispatchConnection] thread 16: dispatching class org.gradle.launcher.daemon.protocol.BuildStarted
16:25:39.870 [DEBUG] [org.gradle.launcher.daemon.server.exec.EstablishBuildEnvironment] Configuring env variables: {USERPROFILE=C:\Users\espen1, ProgramData=C:\ProgramData, PATHEXT=.COM;.EXE;.BAT;.CMD;.VBS;.VBE;.JS;.JSE;.WSF;.WSH;.MSC, ProgramFiles(x86)=C:\Program Files (x86), TEMP=C:\Users\espen1\AppData\Local\Temp, SystemDrive=C:, ProgramFiles=C:\Program Files, Path=C:\Python27\;C:\ProgramData\Oracle\Java\javapath;C:\Python27\Scripts;C:\Program Files (x86)\Git\cmd;C:\WINDOWS\system32;C:\WINDOWS;C:\WINDOWS\System32\Wbem;C:\WINDOWS\System32\WindowsPowerShell\v1.0\;C:\Program Files (x86)\CodeBlocks\MinGW\bin;C:\Program Files (x86)\MySQL\MySQL Utilities 1.3.6\;C:\Python27;, HOMEDRIVE=C:, PROCESSOR_REVISION=3c03, USERDOMAIN=espen, ALLUSERSPROFILE=C:\ProgramData, ProgramW6432=C:\Program Files, PROCESSOR_IDENTIFIER=Intel64 Family 6 Model 60 Stepping 3, GenuineIntel, Python=C:\Python27\, SESSIONNAME=Console, TMP=C:\Users\espen1\AppData\Local\Temp, =::=::\, CommonProgramFiles=C:\Program Files\Common Files, PROCESSOR_ARCHITECTURE=AMD64, LOGONSERVER=\\ESPEN, OS=Windows_NT, FP_NO_HOST_CHECK=NO, HOMEPATH=\Users\espen1, TVT=C:\Program Files (x86)\Lenovo, PROCESSOR_LEVEL=6, CommonProgramW6432=C:\Program Files\Common Files, USERDOMAIN_ROAMINGPROFILE=espen, configsetroot=C:\WINDOWS\ConfigSetRoot, LOCALAPPDATA=C:\Users\espen1\AppData\Local, COMPUTERNAME=ESPEN, windir=C:\WINDOWS, SystemRoot=C:\WINDOWS, NUMBER_OF_PROCESSORS=4, PUBLIC=C:\Users\Public, USERNAME=espen1, PSModulePath=C:\WINDOWS\system32\WindowsPowerShell\v1.0\Modules\, READYAPPS=C:\ProgramData\Lenovo\ReadyApps, CommonProgramFiles(x86)=C:\Program Files (x86)\Common Files, ComSpec=C:\WINDOWS\system32\cmd.exe, APPDATA=C:\Users\espen1\AppData\Roaming}
16:25:39.891 [DEBUG] [org.gradle.launcher.daemon.server.SynchronizedDispatchConnection] thread 14: received class org.gradle.launcher.daemon.protocol.CloseInput
16:25:39.892 [DEBUG] [org.gradle.launcher.daemon.server.DefaultDaemonConnection] Received IO message from client: CloseInput[id=14230f92-e39c-4e4e-b165-92b2bb509bda.2]
16:25:39.902 [INFO] [org.gradle.launcher.daemon.server.exec.LogToClient] About to start relaying all logs to the client via the connection.
16:25:39.903 [INFO] [org.gradle.launcher.daemon.server.exec.LogToClient] The client will now receive all logging from the daemon (pid: 3268). The daemon log file: C:\Users\espen1\.gradle\daemon\2.2.1\daemon-3268.out.log
16:25:39.904 [INFO] [org.gradle.launcher.daemon.server.exec.ForwardClientInput] Closing daemon's stdin at end of input.
16:25:39.904 [INFO] [org.gradle.launcher.daemon.server.exec.ForwardClientInput] The daemon will no longer process any standard input.
16:25:39.907 [DEBUG] [org.gradle.launcher.daemon.server.exec.ExecuteBuild] The daemon has started executing the build.
16:25:39.908 [INFO] [org.gradle.launcher.daemon.server.exec.ExecuteBuild] Executing build with daemon context: DefaultDaemonContext[uid=6ab270fa-dac4-487e-b8ab-42f0357cce8e,javaHome=C:\Program Files\Java\jdk1.7.0_75,daemonRegistryDir=C:\Users\espen1\.gradle\daemon,pid=3268,idleTimeout=10800000,daemonOpts=-Xms128m,-Xmx512m,-Dfile.encoding=windows-1252,-Duser.country=US,-Duser.language=en,-Duser.variant]
16:25:40.737 [INFO] [org.gradle.tooling.internal.provider.DefaultPayloadClassLoaderRegistry] Creating ClassLoader 337610c2-a1b5-4003-8153-a462c23d9f9e from [Spec classpath:[file:/C:/Program%20Files/Android/Android%20Studio/plugins/gradle/lib/gradle-tooling-api-2.2.jar, file:/C:/Program%20Files/Android/Android%20Studio/plugins/gradle/lib/guava-jdk5-17.0.jar, file:/C:/Program%20Files/Android/Android%20Studio/plugins/gradle/lib/gradle-base-services-2.2.jar, file:/C:/Program%20Files/Android/Android%20Studio/plugins/gradle/lib/gradle-tooling-extension-api.jar, file:/C:/Program%20Files/Android/Android%20Studio/lib/openapi.jar, file:/C:/Program%20Files/Android/Android%20Studio/plugins/google-cloud-tools/lib/gradle-appengine-builder-model-0.1.0.jar, file:/C:/Program%20Files/Android/Android%20Studio/plugins/android/lib/builder-model-1.1.0-rc1.jar]] and [org.gradle.internal.classloader.FilteringClassLoader@d9d5055].
16:25:40.741 [DEBUG] [org.gradle.cache.internal.DefaultFileLockManager] Waiting to acquire exclusive lock on jars (C:\Users\espen1\.gradle\caches\jars-1).
16:25:40.742 [DEBUG] [org.gradle.cache.internal.DefaultFileLockManager] Lock acquired.
16:25:40.745 [DEBUG] [org.gradle.cache.internal.locklistener.DefaultFileLockContentionHandler] Starting file lock listener thread.
Configuration on demand is an incubating feature.

BUILD SUCCESSFUL

Total time: 18.149 secs
16:25:59.911 [DEBUG] [org.gradle.api.internal.tasks.compile.daemon.CompilerDaemonManager] Stopping 0 compiler daemon(s).
16:25:59.912 [INFO] [org.gradle.api.internal.tasks.compile.daemon.CompilerDaemonManager] Stopped 0 compiler daemon(s).
16:25:59.913 [DEBUG] [org.gradle.cache.internal.DefaultFileLockManager] Releasing lock on initscript class cache for initialization script 'C:\Users\espen1\AppData\Local\Temp\asLocalRepo6734778268660530911.gradle' (C:\Users\espen1\.gradle\caches\2.2.1\scripts\asLocalRepo6734778268660530911_d8eak9ntsxb8ie2vmjhsppk9w\InitScript\initscript).
16:25:59.914 [DEBUG] [org.gradle.cache.internal.DefaultFileLockManager] Releasing lock on no_initscript class cache for initialization script 'C:\Users\espen1\AppData\Local\Temp\asLocalRepo6734778268660530911.gradle' (C:\Users\espen1\.gradle\caches\2.2.1\scripts\asLocalRepo6734778268660530911_d8eak9ntsxb8ie2vmjhsppk9w\InitScript\no_initscript).
16:25:59.914 [DEBUG] [org.gradle.cache.internal.DefaultFileLockManager] Releasing lock on initscript class cache for initialization script 'C:\Users\espen1\AppData\Local\Temp\ijinit6515760858983095776.gradle' (C:\Users\espen1\.gradle\caches\2.2.1\scripts\ijinit6515760858983095776_cxoylarm6xpb2jy5uqpy426sc\InitScript\initscript).
16:25:59.916 [DEBUG] [org.gradle.cache.internal.DefaultFileLockManager] Releasing lock on no_initscript class cache for initialization script 'C:\Users\espen1\AppData\Local\Temp\ijinit6515760858983095776.gradle' (C:\Users\espen1\.gradle\caches\2.2.1\scripts\ijinit6515760858983095776_cxoylarm6xpb2jy5uqpy426sc\InitScript\no_initscript).
16:25:59.916 [DEBUG] [org.gradle.cache.internal.DefaultFileLockManager] Releasing lock on buildscript class cache for settings file 'C:\Dropbox\Prog\Android\libgdx\projects\choppers\settings.gradle' (C:\Users\espen1\.gradle\caches\2.2.1\scripts\settings_57koy7ssk8hpag3f5bc4l3bny\SettingsScript\buildscript).
16:25:59.917 [DEBUG] [org.gradle.cache.internal.DefaultFileLockManager] Releasing lock on no_buildscript class cache for settings file 'C:\Dropbox\Prog\Android\libgdx\projects\choppers\settings.gradle' (C:\Users\espen1\.gradle\caches\2.2.1\scripts\settings_57koy7ssk8hpag3f5bc4l3bny\SettingsScript\no_buildscript).
16:25:59.918 [DEBUG] [org.gradle.cache.internal.DefaultFileLockManager] Releasing lock on buildscript class cache for build file 'C:\Dropbox\Prog\Android\libgdx\projects\choppers\build.gradle' (C:\Users\espen1\.gradle\caches\2.2.1\scripts\build_2d7hteoa2frfx3e5bdm966p92\ProjectScript\buildscript).
16:25:59.919 [DEBUG] [org.gradle.cache.internal.DefaultFileLockManager] Releasing lock on no_buildscript class cache for build file 'C:\Dropbox\Prog\Android\libgdx\projects\choppers\build.gradle' (C:\Users\espen1\.gradle\caches\2.2.1\scripts\build_2d7hteoa2frfx3e5bdm966p92\ProjectScript\no_buildscript).
16:25:59.920 [DEBUG] [org.gradle.cache.internal.DefaultFileLockManager] Releasing lock on buildscript class cache for build file 'C:\Dropbox\Prog\Android\libgdx\projects\choppers\android\build.gradle' (C:\Users\espen1\.gradle\caches\2.2.1\scripts\build_3d581ggr66pxmwl7psdkcgdq7\ProjectScript\buildscript).
16:25:59.921 [DEBUG] [org.gradle.cache.internal.DefaultFileLockManager] Releasing lock on no_buildscript class cache for build file 'C:\Dropbox\Prog\Android\libgdx\projects\choppers\android\build.gradle' (C:\Users\espen1\.gradle\caches\2.2.1\scripts\build_3d581ggr66pxmwl7psdkcgdq7\ProjectScript\no_buildscript).
16:25:59.921 [DEBUG] [org.gradle.cache.internal.DefaultFileLockManager] Releasing lock on buildscript class cache for build file 'C:\Dropbox\Prog\Android\libgdx\projects\choppers\core\build.gradle' (C:\Users\espen1\.gradle\caches\2.2.1\scripts\build_cuq9kfp4i6y2eh2qispjiogqn\ProjectScript\buildscript).
16:25:59.922 [DEBUG] [org.gradle.cache.internal.DefaultFileLockManager] Releasing lock on no_buildscript class cache for build file 'C:\Dropbox\Prog\Android\libgdx\projects\choppers\core\build.gradle' (C:\Users\espen1\.gradle\caches\2.2.1\scripts\build_cuq9kfp4i6y2eh2qispjiogqn\ProjectScript\no_buildscript).
16:25:59.923 [DEBUG] [org.gradle.cache.internal.DefaultFileLockManager] Releasing lock on buildscript class cache for build file 'C:\Dropbox\Prog\Android\libgdx\projects\choppers\desktop\build.gradle' (C:\Users\espen1\.gradle\caches\2.2.1\scripts\build_3rd0x73pk10tcv5wfmbgmj461\ProjectScript\buildscript).
16:25:59.924 [DEBUG] [org.gradle.cache.internal.DefaultFileLockManager] Releasing lock on no_buildscript class cache for build file 'C:\Dropbox\Prog\Android\libgdx\projects\choppers\desktop\build.gradle' (C:\Users\espen1\.gradle\caches\2.2.1\scripts\build_3rd0x73pk10tcv5wfmbgmj461\ProjectScript\no_buildscript).
16:25:59.925 [DEBUG] [org.gradle.cache.internal.DefaultFileLockManager] Releasing lock on buildscript class cache for build file 'C:\Dropbox\Prog\Android\libgdx\projects\choppers\html\build.gradle' (C:\Users\espen1\.gradle\caches\2.2.1\scripts\build_ctrgdx60w789zgh3ucm4lkcqr\ProjectScript\buildscript).
16:25:59.926 [DEBUG] [org.gradle.cache.internal.DefaultFileLockManager] Releasing lock on no_buildscript class cache for build file 'C:\Dropbox\Prog\Android\libgdx\projects\choppers\html\build.gradle' (C:\Users\espen1\.gradle\caches\2.2.1\scripts\build_ctrgdx60w789zgh3ucm4lkcqr\ProjectScript\no_buildscript).
16:25:59.927 [DEBUG] [org.gradle.cache.internal.DefaultCacheAccess] Cache Plugin Resolution Cache (C:\Users\espen1\.gradle\caches\2.2.1\plugin-resolution) was closed 0 times.
16:25:59.928 [DEBUG] [org.gradle.cache.internal.DefaultFileLockManager] Releasing lock on jars (C:\Users\espen1\.gradle\caches\jars-1).
16:25:59.930 [DEBUG] [org.gradle.cache.internal.btree.BTreePersistentIndexedCache] Closing cache artifact-at-repository.bin (C:\Users\espen1\.gradle\caches\modules-2\metadata-2.14\artifact-at-repository.bin)
16:25:59.933 [DEBUG] [org.gradle.cache.internal.btree.BTreePersistentIndexedCache] Closing cache module-metadata.bin (C:\Users\espen1\.gradle\caches\modules-2\metadata-2.14\module-metadata.bin)
16:25:59.933 [DEBUG] [org.gradle.cache.internal.btree.BTreePersistentIndexedCache] Closing cache module-artifacts.bin (C:\Users\espen1\.gradle\caches\modules-2\metadata-2.14\module-artifacts.bin)
16:25:59.934 [DEBUG] [org.gradle.cache.internal.DefaultFileLockManager] Releasing lock on artifact cache (C:\Users\espen1\.gradle\caches\modules-2).
16:25:59.953 [DEBUG] [org.gradle.api.internal.artifacts.ivyservice.resolveengine.store.CachedStoreFactory] Resolution result cache closed. Cache reads: 72, disk reads: 17 (avg: 0.001 secs, total: 0.021 secs)
16:25:59.955 [DEBUG] [org.gradle.api.internal.artifacts.ivyservice.resolveengine.store.CachedStoreFactory] Resolved configuration cache closed. Cache reads: 0, disk reads: 0 (avg: 0.0 secs, total: 0.0 secs)
16:25:59.955 [DEBUG] [org.gradle.api.internal.artifacts.ivyservice.resolveengine.store.ResolutionResultsStoreFactory] Deleted 2 resolution results binary files in 0.003 secs
16:25:59.956 [DEBUG] [org.gradle.api.internal.artifacts.ivyservice.ivyresolve.memcache.InMemoryCachedRepositoryFactory] In-memory dependency metadata cache closed. Repos cached: 150, cache instances: 7, modules served from cache: 341, artifacts: 219
16:25:59.959 [DEBUG] [org.gradle.launcher.daemon.server.exec.ExecuteBuild] The daemon has finished executing the build.
16:26:00.429 [DEBUG] [org.gradle.launcher.daemon.server.DaemonStateCoordinator] Daemon is busy, sleeping until state changes.
16:26:00.431 [DEBUG] [org.gradle.launcher.daemon.server.DaemonStateCoordinator] Command execution: finished waiting for DaemonCommandExecution[command = Build{id=14230f92-e39c-4e4e-b165-92b2bb509bda.1, currentDir=C:\Dropbox\Prog\Android\libgdx\projects\choppers}, connection = org.gradle.launcher.daemon.server.DefaultDaemonConnection@403e2dba]. Result org.gradle.launcher.daemon.server.DaemonStateCoordinator@159aa99f with state Running
16:26:00.432 [DEBUG] [org.gradle.launcher.daemon.server.DaemonStateCoordinator] Command execution: completed DaemonCommandExecution[command = Build{id=14230f92-e39c-4e4e-b165-92b2bb509bda.1, currentDir=C:\Dropbox\Prog\Android\libgdx\projects\choppers}, connection = org.gradle.launcher.daemon.server.DefaultDaemonConnection@403e2dba]
16:26:00.432 [DEBUG] [org.gradle.launcher.daemon.server.DaemonStateCoordinator] updating lastActivityAt to 1426433160432
16:26:00.433 [INFO] [org.gradle.launcher.daemon.server.DomainRegistryUpdater] Marking the daemon as idle, address: [eacd3851-083f-497b-87ea-32b870e9e6ed port:50988, addresses:[/127.0.0.1, /0:0:0:0:0:0:0:1]]
16:26:00.433 [DEBUG] [org.gradle.launcher.daemon.registry.PersistentDaemonRegistry] Marking idle by address: [eacd3851-083f-497b-87ea-32b870e9e6ed port:50988, addresses:[/127.0.0.1, /0:0:0:0:0:0:0:1]]
16:26:00.436 [DEBUG] [org.gradle.cache.internal.DefaultFileLockManager] Waiting to acquire exclusive lock on daemon addresses registry.
16:26:00.437 [DEBUG] [org.gradle.cache.internal.DefaultFileLockManager] Lock acquired.
16:26:00.442 [DEBUG] [org.gradle.cache.internal.DefaultFileLockManager] Releasing lock on daemon addresses registry.
16:26:00.443 [DEBUG] [org.gradle.launcher.daemon.server.exec.ReturnResult] Daemon is dispatching the build result: DaemonCommandResult[type=Success, value=org.gradle.tooling.internal.provider.BuildActionResult@7ea732c8]
16:26:00.444 [DEBUG] [org.gradle.launcher.daemon.server.SynchronizedDispatchConnection] thread 13: dispatching class org.gradle.launcher.daemon.protocol.Success
16:26:00.443 [DEBUG] [org.gradle.launcher.daemon.server.DaemonStateCoordinator] Daemon is idle, sleeping until state change or idle timeout at Sun Mar 15 19:26:00 CET 2015
16:26:00.478 [DEBUG] [org.gradle.launcher.daemon.server.DefaultIncomingConnectionHandler] Finishing executing command: Build{id=14230f92-e39c-4e4e-b165-92b2bb509bda.1, currentDir=C:\Dropbox\Prog\Android\libgdx\projects\choppers}
16:26:00.482 [DEBUG] [org.gradle.launcher.daemon.server.SynchronizedDispatchConnection] thread 14: received class org.gradle.launcher.daemon.protocol.Finished
16:26:00.483 [DEBUG] [org.gradle.launcher.daemon.server.DefaultDaemonConnection] Received non-IO message from client: org.gradle.launcher.daemon.protocol.Finished@2a93980e
16:26:00.484 [DEBUG] [org.gradle.launcher.daemon.server.SynchronizedDispatchConnection] thread 14: received null
16:26:00.484 [DEBUG] [org.gradle.launcher.daemon.server.DefaultDaemonConnection] Received end-of-input from client.
16:26:00.485 [DEBUG] [org.gradle.launcher.daemon.server.DefaultIncomingConnectionHandler] Received finished message: null
16:26:00.486 [DEBUG] [org.gradle.launcher.daemon.server.SynchronizedDispatchConnection] thread 13: stopping connection
16:26:00.490 [DEBUG] [org.gradle.launcher.daemon.server.SynchronizedDispatchConnection] thread 13: stopping connection
16:26:03.046 [DEBUG] [org.gradle.messaging.remote.internal.inet.TcpIncomingConnector] Accepted connection from /127.0.0.1:51002 to /127.0.0.1:50988.
16:26:03.284 [DEBUG] [org.gradle.launcher.daemon.server.SynchronizedDispatchConnection] thread 19: received class org.gradle.launcher.daemon.protocol.Build
16:26:03.285 [DEBUG] [org.gradle.launcher.daemon.server.DefaultDaemonConnection] Received non-IO message from client: Build{id=35941eb5-4da4-428f-b529-387c0bbed381.1, currentDir=C:\Dropbox\Prog\Android\libgdx\projects\choppers}
16:26:03.286 [INFO] [org.gradle.launcher.daemon.server.DefaultIncomingConnectionHandler] Received command: Build{id=35941eb5-4da4-428f-b529-387c0bbed381.1, currentDir=C:\Dropbox\Prog\Android\libgdx\projects\choppers}.
16:26:03.292 [DEBUG] [org.gradle.launcher.daemon.server.DefaultIncomingConnectionHandler] Starting executing command: Build{id=35941eb5-4da4-428f-b529-387c0bbed381.1, currentDir=C:\Dropbox\Prog\Android\libgdx\projects\choppers} with connection: socket connection from /127.0.0.1:50988 to /127.0.0.1:51002.
16:26:03.294 [DEBUG] [org.gradle.launcher.daemon.server.DaemonStateCoordinator] Command execution: started DaemonCommandExecution[command = Build{id=35941eb5-4da4-428f-b529-387c0bbed381.1, currentDir=C:\Dropbox\Prog\Android\libgdx\projects\choppers}, connection = org.gradle.launcher.daemon.server.DefaultDaemonConnection@45855238] after 0.0 minutes of idle
16:26:03.295 [INFO] [org.gradle.launcher.daemon.server.DomainRegistryUpdater] Marking the daemon as busy, address: [eacd3851-083f-497b-87ea-32b870e9e6ed port:50988, addresses:[/127.0.0.1, /0:0:0:0:0:0:0:1]]
16:26:03.296 [DEBUG] [org.gradle.launcher.daemon.registry.PersistentDaemonRegistry] Marking busy by address: [eacd3851-083f-497b-87ea-32b870e9e6ed port:50988, addresses:[/127.0.0.1, /0:0:0:0:0:0:0:1]]
16:26:03.297 [DEBUG] [org.gradle.cache.internal.DefaultFileLockManager] Waiting to acquire exclusive lock on daemon addresses registry.
16:26:03.299 [DEBUG] [org.gradle.cache.internal.DefaultFileLockManager] Lock acquired.
16:26:03.304 [DEBUG] [org.gradle.cache.internal.DefaultFileLockManager] Releasing lock on daemon addresses registry.
16:26:03.312 [DEBUG] [org.gradle.launcher.daemon.server.DaemonStateCoordinator] updating lastActivityAt to 1426433163312
16:26:03.313 [DEBUG] [org.gradle.launcher.daemon.server.DaemonStateCoordinator] Daemon is busy, sleeping until state changes.
16:26:03.313 [INFO] [org.gradle.launcher.daemon.server.exec.StartBuildOrRespondWithBusy] Daemon is about to start building Build{id=35941eb5-4da4-428f-b529-387c0bbed381.1, currentDir=C:\Dropbox\Prog\Android\libgdx\projects\choppers}. Dispatching build started information...
16:26:03.314 [DEBUG] [org.gradle.launcher.daemon.server.SynchronizedDispatchConnection] thread 16: dispatching class org.gradle.launcher.daemon.protocol.BuildStarted
16:26:03.316 [DEBUG] [org.gradle.launcher.daemon.server.exec.EstablishBuildEnvironment] Configuring env variables: {USERPROFILE=C:\Users\espen1, ProgramData=C:\ProgramData, PATHEXT=.COM;.EXE;.BAT;.CMD;.VBS;.VBE;.JS;.JSE;.WSF;.WSH;.MSC, ProgramFiles(x86)=C:\Program Files (x86), TEMP=C:\Users\espen1\AppData\Local\Temp, SystemDrive=C:, ProgramFiles=C:\Program Files, Path=C:\Python27\;C:\ProgramData\Oracle\Java\javapath;C:\Python27\Scripts;C:\Program Files (x86)\Git\cmd;C:\WINDOWS\system32;C:\WINDOWS;C:\WINDOWS\System32\Wbem;C:\WINDOWS\System32\WindowsPowerShell\v1.0\;C:\Program Files (x86)\CodeBlocks\MinGW\bin;C:\Program Files (x86)\MySQL\MySQL Utilities 1.3.6\;C:\Python27;, HOMEDRIVE=C:, PROCESSOR_REVISION=3c03, USERDOMAIN=espen, ALLUSERSPROFILE=C:\ProgramData, ProgramW6432=C:\Program Files, PROCESSOR_IDENTIFIER=Intel64 Family 6 Model 60 Stepping 3, GenuineIntel, Python=C:\Python27\, SESSIONNAME=Console, TMP=C:\Users\espen1\AppData\Local\Temp, =::=::\, CommonProgramFiles=C:\Program Files\Common Files, PROCESSOR_ARCHITECTURE=AMD64, LOGONSERVER=\\ESPEN, OS=Windows_NT, FP_NO_HOST_CHECK=NO, HOMEPATH=\Users\espen1, TVT=C:\Program Files (x86)\Lenovo, PROCESSOR_LEVEL=6, CommonProgramW6432=C:\Program Files\Common Files, USERDOMAIN_ROAMINGPROFILE=espen, configsetroot=C:\WINDOWS\ConfigSetRoot, LOCALAPPDATA=C:\Users\espen1\AppData\Local, COMPUTERNAME=ESPEN, windir=C:\WINDOWS, SystemRoot=C:\WINDOWS, NUMBER_OF_PROCESSORS=4, PUBLIC=C:\Users\Public, USERNAME=espen1, PSModulePath=C:\WINDOWS\system32\WindowsPowerShell\v1.0\Modules\, READYAPPS=C:\ProgramData\Lenovo\ReadyApps, CommonProgramFiles(x86)=C:\Program Files (x86)\Common Files, ComSpec=C:\WINDOWS\system32\cmd.exe, APPDATA=C:\Users\espen1\AppData\Roaming}
16:26:03.318 [INFO] [org.gradle.launcher.daemon.server.exec.LogToClient] About to start relaying all logs to the client via the connection.
16:26:03.319 [INFO] [org.gradle.launcher.daemon.server.exec.LogToClient] The client will now receive all logging from the daemon (pid: 3268). The daemon log file: C:\Users\espen1\.gradle\daemon\2.2.1\daemon-3268.out.log
16:26:03.324 [DEBUG] [org.gradle.launcher.daemon.server.exec.ExecuteBuild] The daemon has started executing the build.
16:26:03.325 [INFO] [org.gradle.launcher.daemon.server.exec.ExecuteBuild] Executing build with daemon context: DefaultDaemonContext[uid=6ab270fa-dac4-487e-b8ab-42f0357cce8e,javaHome=C:\Program Files\Java\jdk1.7.0_75,daemonRegistryDir=C:\Users\espen1\.gradle\daemon,pid=3268,idleTimeout=10800000,daemonOpts=-Xms128m,-Xmx512m,-Dfile.encoding=windows-1252,-Duser.country=US,-Duser.language=en,-Duser.variant]
Configuration on demand is an incubating feature.
:android:preBuild
:android:preDebugBuild
:android:checkDebugManifest
:android:prepareDebugDependencies
:android:compileDebugAidl UP-TO-DATE
:android:compileDebugRenderscript UP-TO-DATE
:android:generateDebugBuildConfig UP-TO-DATE
:android:generateDebugAssets UP-TO-DATE
:android:mergeDebugAssets
:android:generateDebugResValues UP-TO-DATE
:android:generateDebugResources UP-TO-DATE
:android:mergeDebugResources UP-TO-DATE
:android:processDebugManifest UP-TO-DATE
:android:processDebugResources
:android:generateDebugSources
:android:preDebugTestBuild
:android:prepareDebugTestDependencies
:android:compileDebugTestAidl UP-TO-DATE
:android:processDebugTestManifest UP-TO-DATE
:android:compileDebugTestRenderscript UP-TO-DATE
:android:generateDebugTestBuildConfig UP-TO-DATE
:android:generateDebugTestAssets UP-TO-DATE
:android:mergeDebugTestAssets UP-TO-DATE
:android:generateDebugTestResValues UP-TO-DATE
:android:generateDebugTestResources UP-TO-DATE
:android:mergeDebugTestResources UP-TO-DATE
:android:processDebugTestResources UP-TO-DATE
:android:generateDebugTestSources UP-TO-DATE

BUILD SUCCESSFUL

Total time: 4.641 secs
16:26:07.509 [DEBUG] [org.gradle.api.internal.tasks.compile.daemon.CompilerDaemonManager] Stopping 0 compiler daemon(s).
16:26:07.509 [INFO] [org.gradle.api.internal.tasks.compile.daemon.CompilerDaemonManager] Stopped 0 compiler daemon(s).
16:26:07.510 [DEBUG] [org.gradle.cache.internal.DefaultFileLockManager] Releasing lock on initscript class cache for initialization script 'C:\Users\espen1\AppData\Local\Temp\asLocalRepo7193197250724371542.gradle' (C:\Users\espen1\.gradle\caches\2.2.1\scripts\asLocalRepo7193197250724371542_ckp0aaf6susq8o5egux3la36z\InitScript\initscript).
16:26:07.511 [DEBUG] [org.gradle.cache.internal.DefaultFileLockManager] Releasing lock on no_initscript class cache for initialization script 'C:\Users\espen1\AppData\Local\Temp\asLocalRepo7193197250724371542.gradle' (C:\Users\espen1\.gradle\caches\2.2.1\scripts\asLocalRepo7193197250724371542_ckp0aaf6susq8o5egux3la36z\InitScript\no_initscript).
16:26:07.511 [DEBUG] [org.gradle.cache.internal.DefaultFileLockManager] Releasing lock on buildscript class cache for settings file 'C:\Dropbox\Prog\Android\libgdx\projects\choppers\settings.gradle' (C:\Users\espen1\.gradle\caches\2.2.1\scripts\settings_57koy7ssk8hpag3f5bc4l3bny\SettingsScript\buildscript).
16:26:07.512 [DEBUG] [org.gradle.cache.internal.DefaultFileLockManager] Releasing lock on no_buildscript class cache for settings file 'C:\Dropbox\Prog\Android\libgdx\projects\choppers\settings.gradle' (C:\Users\espen1\.gradle\caches\2.2.1\scripts\settings_57koy7ssk8hpag3f5bc4l3bny\SettingsScript\no_buildscript).
16:26:07.513 [DEBUG] [org.gradle.cache.internal.DefaultFileLockManager] Releasing lock on buildscript class cache for build file 'C:\Dropbox\Prog\Android\libgdx\projects\choppers\build.gradle' (C:\Users\espen1\.gradle\caches\2.2.1\scripts\build_2d7hteoa2frfx3e5bdm966p92\ProjectScript\buildscript).
16:26:07.513 [DEBUG] [org.gradle.cache.internal.DefaultFileLockManager] Releasing lock on no_buildscript class cache for build file 'C:\Dropbox\Prog\Android\libgdx\projects\choppers\build.gradle' (C:\Users\espen1\.gradle\caches\2.2.1\scripts\build_2d7hteoa2frfx3e5bdm966p92\ProjectScript\no_buildscript).
16:26:07.521 [DEBUG] [org.gradle.cache.internal.DefaultFileLockManager] Releasing lock on buildscript class cache for build file 'C:\Dropbox\Prog\Android\libgdx\projects\choppers\android\build.gradle' (C:\Users\espen1\.gradle\caches\2.2.1\scripts\build_3d581ggr66pxmwl7psdkcgdq7\ProjectScript\buildscript).
16:26:07.521 [DEBUG] [org.gradle.cache.internal.DefaultFileLockManager] Releasing lock on no_buildscript class cache for build file 'C:\Dropbox\Prog\Android\libgdx\projects\choppers\android\build.gradle' (C:\Users\espen1\.gradle\caches\2.2.1\scripts\build_3d581ggr66pxmwl7psdkcgdq7\ProjectScript\no_buildscript).
16:26:07.522 [DEBUG] [org.gradle.cache.internal.DefaultFileLockManager] Releasing lock on buildscript class cache for build file 'C:\Dropbox\Prog\Android\libgdx\projects\choppers\core\build.gradle' (C:\Users\espen1\.gradle\caches\2.2.1\scripts\build_cuq9kfp4i6y2eh2qispjiogqn\ProjectScript\buildscript).
16:26:07.523 [DEBUG] [org.gradle.cache.internal.DefaultFileLockManager] Releasing lock on no_buildscript class cache for build file 'C:\Dropbox\Prog\Android\libgdx\projects\choppers\core\build.gradle' (C:\Users\espen1\.gradle\caches\2.2.1\scripts\build_cuq9kfp4i6y2eh2qispjiogqn\ProjectScript\no_buildscript).
16:26:07.523 [DEBUG] [org.gradle.cache.internal.DefaultCacheAccess] Cache jars (C:\Users\espen1\.gradle\caches\jars-1) was closed 0 times.
16:26:07.524 [DEBUG] [org.gradle.cache.internal.btree.BTreePersistentIndexedCache] Closing cache module-metadata.bin (C:\Users\espen1\.gradle\caches\modules-2\metadata-2.14\module-metadata.bin)
16:26:07.525 [DEBUG] [org.gradle.cache.internal.btree.BTreePersistentIndexedCache] Closing cache artifact-at-repository.bin (C:\Users\espen1\.gradle\caches\modules-2\metadata-2.14\artifact-at-repository.bin)
16:26:07.525 [DEBUG] [org.gradle.cache.internal.DefaultFileLockManager] Releasing lock on artifact cache (C:\Users\espen1\.gradle\caches\modules-2).
16:26:07.527 [DEBUG] [org.gradle.cache.internal.DefaultCacheAccess] Cache Plugin Resolution Cache (C:\Users\espen1\.gradle\caches\2.2.1\plugin-resolution) was closed 0 times.
16:26:07.530 [DEBUG] [org.gradle.cache.internal.btree.BTreePersistentIndexedCache] Closing cache outputFileStates.bin (C:\Dropbox\Prog\Android\libgdx\projects\choppers\.gradle\2.2.1\taskArtifacts\outputFileStates.bin)
16:26:07.530 [DEBUG] [org.gradle.cache.internal.btree.BTreePersistentIndexedCache] Closing cache taskArtifacts.bin (C:\Dropbox\Prog\Android\libgdx\projects\choppers\.gradle\2.2.1\taskArtifacts\taskArtifacts.bin)
16:26:07.537 [DEBUG] [org.gradle.cache.internal.btree.BTreePersistentIndexedCache] Closing cache fileSnapshots.bin (C:\Dropbox\Prog\Android\libgdx\projects\choppers\.gradle\2.2.1\taskArtifacts\fileSnapshots.bin)
16:26:07.544 [DEBUG] [org.gradle.cache.internal.btree.BTreePersistentIndexedCache] Closing cache fileHashes.bin (C:\Dropbox\Prog\Android\libgdx\projects\choppers\.gradle\2.2.1\taskArtifacts\fileHashes.bin)
16:26:07.549 [DEBUG] [org.gradle.cache.internal.DefaultFileLockManager] Releasing lock on task history cache (C:\Dropbox\Prog\Android\libgdx\projects\choppers\.gradle\2.2.1\taskArtifacts).
16:26:07.563 [DEBUG] [org.gradle.api.internal.artifacts.ivyservice.resolveengine.store.CachedStoreFactory] Resolution result cache closed. Cache reads: 0, disk reads: 2 (avg: 0.0 secs, total: 0.001 secs)
16:26:07.565 [DEBUG] [org.gradle.api.internal.artifacts.ivyservice.resolveengine.store.CachedStoreFactory] Resolved configuration cache closed. Cache reads: 0, disk reads: 0 (avg: 0.0 secs, total: 0.0 secs)
16:26:07.565 [DEBUG] [org.gradle.api.internal.artifacts.ivyservice.resolveengine.store.ResolutionResultsStoreFactory] Deleted 2 resolution results binary files in 0.006 secs
16:26:07.566 [DEBUG] [org.gradle.api.internal.artifacts.ivyservice.ivyresolve.memcache.InMemoryCachedRepositoryFactory] In-memory dependency metadata cache closed. Repos cached: 26, cache instances: 7, modules served from cache: 26, artifacts: 26
16:26:07.567 [DEBUG] [org.gradle.launcher.daemon.server.exec.ExecuteBuild] The daemon has finished executing the build.
16:26:07.569 [DEBUG] [org.gradle.launcher.daemon.server.DaemonStateCoordinator] Daemon is busy, sleeping until state changes.
16:26:07.571 [DEBUG] [org.gradle.launcher.daemon.server.DaemonStateCoordinator] Command execution: finished waiting for DaemonCommandExecution[command = Build{id=35941eb5-4da4-428f-b529-387c0bbed381.1, currentDir=C:\Dropbox\Prog\Android\libgdx\projects\choppers}, connection = org.gradle.launcher.daemon.server.DefaultDaemonConnection@45855238]. Result org.gradle.launcher.daemon.server.DaemonStateCoordinator@159aa99f with state Running
16:26:07.571 [DEBUG] [org.gradle.launcher.daemon.server.DaemonStateCoordinator] Command execution: completed DaemonCommandExecution[command = Build{id=35941eb5-4da4-428f-b529-387c0bbed381.1, currentDir=C:\Dropbox\Prog\Android\libgdx\projects\choppers}, connection = org.gradle.launcher.daemon.server.DefaultDaemonConnection@45855238]
16:26:07.572 [DEBUG] [org.gradle.launcher.daemon.server.DaemonStateCoordinator] updating lastActivityAt to 1426433167572
16:26:07.572 [INFO] [org.gradle.launcher.daemon.server.DomainRegistryUpdater] Marking the daemon as idle, address: [eacd3851-083f-497b-87ea-32b870e9e6ed port:50988, addresses:[/127.0.0.1, /0:0:0:0:0:0:0:1]]
16:26:07.573 [DEBUG] [org.gradle.launcher.daemon.registry.PersistentDaemonRegistry] Marking idle by address: [eacd3851-083f-497b-87ea-32b870e9e6ed port:50988, addresses:[/127.0.0.1, /0:0:0:0:0:0:0:1]]
16:26:07.574 [DEBUG] [org.gradle.cache.internal.DefaultFileLockManager] Waiting to acquire exclusive lock on daemon addresses registry.
16:26:07.575 [DEBUG] [org.gradle.cache.internal.DefaultFileLockManager] Lock acquired.
16:26:07.580 [DEBUG] [org.gradle.cache.internal.DefaultFileLockManager] Releasing lock on daemon addresses registry.
16:26:07.581 [DEBUG] [org.gradle.launcher.daemon.server.exec.ReturnResult] Daemon is dispatching the build result: DaemonCommandResult[type=Success, value=org.gradle.tooling.internal.provider.BuildActionResult@19528d4b]
16:26:07.581 [DEBUG] [org.gradle.launcher.daemon.server.DaemonStateCoordinator] Daemon is idle, sleeping until state change or idle timeout at Sun Mar 15 19:26:07 CET 2015
16:26:07.581 [DEBUG] [org.gradle.launcher.daemon.server.SynchronizedDispatchConnection] thread 13: dispatching class org.gradle.launcher.daemon.protocol.Success
16:26:07.585 [DEBUG] [org.gradle.launcher.daemon.server.DefaultIncomingConnectionHandler] Finishing executing command: Build{id=35941eb5-4da4-428f-b529-387c0bbed381.1, currentDir=C:\Dropbox\Prog\Android\libgdx\projects\choppers}
16:26:07.588 [DEBUG] [org.gradle.launcher.daemon.server.SynchronizedDispatchConnection] thread 19: received class org.gradle.launcher.daemon.protocol.Finished
16:26:07.589 [DEBUG] [org.gradle.launcher.daemon.server.DefaultDaemonConnection] Received non-IO message from client: org.gradle.launcher.daemon.protocol.Finished@16107eff
16:26:07.589 [DEBUG] [org.gradle.launcher.daemon.server.SynchronizedDispatchConnection] thread 19: received null
16:26:07.590 [DEBUG] [org.gradle.launcher.daemon.server.DefaultDaemonConnection] Received end-of-input from client.
16:26:07.591 [DEBUG] [org.gradle.launcher.daemon.server.DefaultIncomingConnectionHandler] Received finished message: null
16:26:07.592 [DEBUG] [org.gradle.launcher.daemon.server.SynchronizedDispatchConnection] thread 13: stopping connection
16:26:07.599 [DEBUG] [org.gradle.launcher.daemon.server.SynchronizedDispatchConnection] thread 13: stopping connection
20:33:03.886 [DEBUG] [org.gradle.launcher.daemon.server.DaemonStateCoordinator] Idle timeout: daemon has been idle for requested period. Stopping now.
20:33:03.947 [DEBUG] [org.gradle.launcher.daemon.server.DaemonStateCoordinator] Marking daemon stopped due to idle timeout. The daemon is running a build: false
20:33:03.949 [DEBUG] [org.gradle.launcher.daemon.server.Daemon] stop() called on daemon
20:33:03.950 [INFO] [org.gradle.launcher.daemon.server.Daemon] Stop requested. Daemon is removing its presence from the registry...
20:33:03.974 [DEBUG] [org.gradle.launcher.daemon.server.DomainRegistryUpdater] Removing our presence to clients, eg. removing this address from the registry: [eacd3851-083f-497b-87ea-32b870e9e6ed port:50988, addresses:[/127.0.0.1, /0:0:0:0:0:0:0:1]]
20:33:03.976 [DEBUG] [org.gradle.launcher.daemon.registry.PersistentDaemonRegistry] Removing daemon address: [eacd3851-083f-497b-87ea-32b870e9e6ed port:50988, addresses:[/127.0.0.1, /0:0:0:0:0:0:0:1]]
20:33:04.065 [DEBUG] [org.gradle.cache.internal.DefaultFileLockManager] Waiting to acquire exclusive lock on daemon addresses registry.
20:33:04.070 [DEBUG] [org.gradle.cache.internal.DefaultFileLockManager] Lock acquired.
20:33:04.107 [DEBUG] [org.gradle.cache.internal.DefaultFileLockManager] Releasing lock on daemon addresses registry.
20:33:04.109 [DEBUG] [org.gradle.launcher.daemon.server.DomainRegistryUpdater] Address removed from registry.
20:33:04.138 [DEBUG] [org.gradle.launcher.daemon.registry.PersistentDaemonRegistry] Daemon vm is shutting down... The daemon has exited normally or was terminated in response to a user interrupt.
Removing daemon address: [eacd3851-083f-497b-87ea-32b870e9e6ed port:50988, addresses:[/127.0.0.1, /0:0:0:0:0:0:0:1]]
20:33:04.139 [DEBUG] [org.gradle.cache.internal.DefaultFileLockManager] Waiting to acquire exclusive lock on daemon addresses registry.
20:33:04.140 [DEBUG] [org.gradle.cache.internal.DefaultFileLockManager] Lock acquired.
20:33:04.210 [DEBUG] [org.gradle.cache.internal.DefaultFileLockManager] Releasing lock on daemon addresses registry.
