09:24:48.693 [INFO] [org.gradle.launcher.daemon.server.Daemon] start() called on daemon - DefaultDaemonContext[uid=48d2b3db-40f0-49b1-9d8e-388b3a34cd2c,javaHome=C:\Program Files\Java\jdk1.7.0_75,daemonRegistryDir=C:\Users\espen1\.gradle\daemon,pid=5688,idleTimeout=10800000,daemonOpts=-Xms128m,-Xmx512m,-Dfile.encoding=windows-1252,-Duser.country=US,-Duser.language=en,-Duser.variant]
09:24:48.702 [DEBUG] [org.gradle.launcher.daemon.server.DaemonStateCoordinator] updating lastActivityAt to 1425111888702
09:24:48.762 [DEBUG] [org.gradle.messaging.remote.internal.inet.InetAddressFactory] Adding IP addresses for network interface Software Loopback Interface 1
09:24:48.763 [DEBUG] [org.gradle.messaging.remote.internal.inet.InetAddressFactory] Is this a loopback interface? true
09:24:48.764 [DEBUG] [org.gradle.messaging.remote.internal.inet.InetAddressFactory] Is this a multicast interface? true
09:24:48.765 [DEBUG] [org.gradle.messaging.remote.internal.inet.InetAddressFactory] Adding loopback address /127.0.0.1
09:24:48.766 [DEBUG] [org.gradle.messaging.remote.internal.inet.InetAddressFactory] Adding loopback address /0:0:0:0:0:0:0:1
09:24:48.766 [DEBUG] [org.gradle.messaging.remote.internal.inet.InetAddressFactory] Adding loopback multicast interface Software Loopback Interface 1
09:24:48.767 [DEBUG] [org.gradle.messaging.remote.internal.inet.InetAddressFactory] Adding IP addresses for network interface Microsoft Kernel Debug Network Adapter
09:24:48.768 [DEBUG] [org.gradle.messaging.remote.internal.inet.InetAddressFactory] Is this a loopback interface? false
09:24:48.770 [DEBUG] [org.gradle.messaging.remote.internal.inet.InetAddressFactory] Is this a multicast interface? true
09:24:48.770 [DEBUG] [org.gradle.messaging.remote.internal.inet.InetAddressFactory] Adding loopback multicast interface Microsoft Kernel Debug Network Adapter
09:24:48.771 [DEBUG] [org.gradle.messaging.remote.internal.inet.InetAddressFactory] Adding IP addresses for network interface Intel(R) Wireless-N 7260
09:24:48.772 [DEBUG] [org.gradle.messaging.remote.internal.inet.InetAddressFactory] Is this a loopback interface? false
09:24:48.773 [DEBUG] [org.gradle.messaging.remote.internal.inet.InetAddressFactory] Is this a multicast interface? true
09:24:48.774 [DEBUG] [org.gradle.messaging.remote.internal.inet.InetAddressFactory] Adding remote address /10.0.0.2
09:24:48.774 [DEBUG] [org.gradle.messaging.remote.internal.inet.InetAddressFactory] Adding remote address /fe80:0:0:0:25d6:68f1:8562:1041%3
09:24:48.774 [DEBUG] [org.gradle.messaging.remote.internal.inet.InetAddressFactory] Adding remote multicast interface Intel(R) Wireless-N 7260
09:24:48.775 [DEBUG] [org.gradle.messaging.remote.internal.inet.InetAddressFactory] Adding IP addresses for network interface Realtek PCIe GBE Family Controller
09:24:48.776 [DEBUG] [org.gradle.messaging.remote.internal.inet.InetAddressFactory] Is this a loopback interface? false
09:24:48.777 [DEBUG] [org.gradle.messaging.remote.internal.inet.InetAddressFactory] Is this a multicast interface? true
09:24:48.777 [DEBUG] [org.gradle.messaging.remote.internal.inet.InetAddressFactory] Adding remote address /fe80:0:0:0:577:32bf:f7d9:efd4%4
09:24:48.778 [DEBUG] [org.gradle.messaging.remote.internal.inet.InetAddressFactory] Adding remote multicast interface Realtek PCIe GBE Family Controller
09:24:48.778 [DEBUG] [org.gradle.messaging.remote.internal.inet.InetAddressFactory] Adding IP addresses for network interface Ericsson N5321 gw
09:24:48.779 [DEBUG] [org.gradle.messaging.remote.internal.inet.InetAddressFactory] Is this a loopback interface? false
09:24:48.780 [DEBUG] [org.gradle.messaging.remote.internal.inet.InetAddressFactory] Is this a multicast interface? true
09:24:48.781 [DEBUG] [org.gradle.messaging.remote.internal.inet.InetAddressFactory] Adding remote address /fe80:0:0:0:2cc2:a3c3:2018:847a%5
09:24:48.781 [DEBUG] [org.gradle.messaging.remote.internal.inet.InetAddressFactory] Adding remote multicast interface Ericsson N5321 gw
09:24:48.782 [DEBUG] [org.gradle.messaging.remote.internal.inet.InetAddressFactory] Adding IP addresses for network interface Bluetooth Device (RFCOMM Protocol TDI)
09:24:48.784 [DEBUG] [org.gradle.messaging.remote.internal.inet.InetAddressFactory] Is this a loopback interface? false
09:24:48.785 [DEBUG] [org.gradle.messaging.remote.internal.inet.InetAddressFactory] Is this a multicast interface? true
09:24:48.785 [DEBUG] [org.gradle.messaging.remote.internal.inet.InetAddressFactory] Adding loopback multicast interface Bluetooth Device (RFCOMM Protocol TDI)
09:24:48.785 [DEBUG] [org.gradle.messaging.remote.internal.inet.InetAddressFactory] Adding IP addresses for network interface Bluetooth Device (Personal Area Network)
09:24:48.787 [DEBUG] [org.gradle.messaging.remote.internal.inet.InetAddressFactory] Is this a loopback interface? false
09:24:48.789 [DEBUG] [org.gradle.messaging.remote.internal.inet.InetAddressFactory] Is this a multicast interface? true
09:24:48.790 [DEBUG] [org.gradle.messaging.remote.internal.inet.InetAddressFactory] Adding remote address /fe80:0:0:0:8839:eda5:2b99:9333%7
09:24:48.791 [DEBUG] [org.gradle.messaging.remote.internal.inet.InetAddressFactory] Adding remote multicast interface Bluetooth Device (Personal Area Network)
09:24:48.792 [DEBUG] [org.gradle.messaging.remote.internal.inet.InetAddressFactory] Adding IP addresses for network interface Microsoft ISATAP Adapter
09:24:48.793 [DEBUG] [org.gradle.messaging.remote.internal.inet.InetAddressFactory] Is this a loopback interface? false
09:24:48.795 [DEBUG] [org.gradle.messaging.remote.internal.inet.InetAddressFactory] Is this a multicast interface? false
09:24:48.795 [DEBUG] [org.gradle.messaging.remote.internal.inet.InetAddressFactory] Adding remote address /fe80:0:0:0:0:5efe:a00:2%8
09:24:48.796 [DEBUG] [org.gradle.messaging.remote.internal.inet.InetAddressFactory] Adding IP addresses for network interface Microsoft ISATAP Adapter #2
09:24:48.797 [DEBUG] [org.gradle.messaging.remote.internal.inet.InetAddressFactory] Is this a loopback interface? false
09:24:48.798 [DEBUG] [org.gradle.messaging.remote.internal.inet.InetAddressFactory] Is this a multicast interface? true
09:24:48.799 [DEBUG] [org.gradle.messaging.remote.internal.inet.InetAddressFactory] Adding loopback multicast interface Microsoft ISATAP Adapter #2
09:24:48.799 [DEBUG] [org.gradle.messaging.remote.internal.inet.InetAddressFactory] Adding IP addresses for network interface Microsoft ISATAP Adapter #3
09:24:48.800 [DEBUG] [org.gradle.messaging.remote.internal.inet.InetAddressFactory] Is this a loopback interface? false
09:24:48.802 [DEBUG] [org.gradle.messaging.remote.internal.inet.InetAddressFactory] Is this a multicast interface? true
09:24:48.802 [DEBUG] [org.gradle.messaging.remote.internal.inet.InetAddressFactory] Adding loopback multicast interface Microsoft ISATAP Adapter #3
09:24:48.803 [DEBUG] [org.gradle.messaging.remote.internal.inet.InetAddressFactory] Adding IP addresses for network interface Microsoft 6to4 Adapter
09:24:48.805 [DEBUG] [org.gradle.messaging.remote.internal.inet.InetAddressFactory] Is this a loopback interface? false
09:24:48.806 [DEBUG] [org.gradle.messaging.remote.internal.inet.InetAddressFactory] Is this a multicast interface? true
09:24:48.806 [DEBUG] [org.gradle.messaging.remote.internal.inet.InetAddressFactory] Adding loopback multicast interface Microsoft 6to4 Adapter
09:24:48.807 [DEBUG] [org.gradle.messaging.remote.internal.inet.InetAddressFactory] Adding IP addresses for network interface Teredo Tunneling Pseudo-Interface
09:24:48.808 [DEBUG] [org.gradle.messaging.remote.internal.inet.InetAddressFactory] Is this a loopback interface? false
09:24:48.809 [DEBUG] [org.gradle.messaging.remote.internal.inet.InetAddressFactory] Is this a multicast interface? false
09:24:48.810 [DEBUG] [org.gradle.messaging.remote.internal.inet.InetAddressFactory] Adding remote address /2001:0:9d38:6abd:30d7:d2d4:a7a6:c7a7
09:24:48.810 [DEBUG] [org.gradle.messaging.remote.internal.inet.InetAddressFactory] Adding remote address /fe80:0:0:0:30d7:d2d4:a7a6:c7a7%12
09:24:48.810 [DEBUG] [org.gradle.messaging.remote.internal.inet.InetAddressFactory] Adding IP addresses for network interface Microsoft Hosted Network Virtual Adapter
09:24:48.812 [DEBUG] [org.gradle.messaging.remote.internal.inet.InetAddressFactory] Is this a loopback interface? false
09:24:48.814 [DEBUG] [org.gradle.messaging.remote.internal.inet.InetAddressFactory] Is this a multicast interface? true
09:24:48.814 [DEBUG] [org.gradle.messaging.remote.internal.inet.InetAddressFactory] Adding remote address /fe80:0:0:0:4dc8:3e30:ddfa:e624%13
09:24:48.814 [DEBUG] [org.gradle.messaging.remote.internal.inet.InetAddressFactory] Adding remote multicast interface Microsoft Hosted Network Virtual Adapter
09:24:48.815 [DEBUG] [org.gradle.messaging.remote.internal.inet.InetAddressFactory] Adding IP addresses for network interface Microsoft Wi-Fi Direct Virtual Adapter
09:24:48.816 [DEBUG] [org.gradle.messaging.remote.internal.inet.InetAddressFactory] Is this a loopback interface? false
09:24:48.817 [DEBUG] [org.gradle.messaging.remote.internal.inet.InetAddressFactory] Is this a multicast interface? true
09:24:48.817 [DEBUG] [org.gradle.messaging.remote.internal.inet.InetAddressFactory] Adding remote address /fe80:0:0:0:9055:8bb1:c930:8583%14
09:24:48.817 [DEBUG] [org.gradle.messaging.remote.internal.inet.InetAddressFactory] Adding remote multicast interface Microsoft Wi-Fi Direct Virtual Adapter
09:24:48.818 [DEBUG] [org.gradle.messaging.remote.internal.inet.InetAddressFactory] Adding IP addresses for network interface Microsoft ISATAP Adapter #4
09:24:48.819 [DEBUG] [org.gradle.messaging.remote.internal.inet.InetAddressFactory] Is this a loopback interface? false
09:24:48.821 [DEBUG] [org.gradle.messaging.remote.internal.inet.InetAddressFactory] Is this a multicast interface? true
09:24:48.822 [DEBUG] [org.gradle.messaging.remote.internal.inet.InetAddressFactory] Adding loopback multicast interface Microsoft ISATAP Adapter #4
09:24:48.823 [DEBUG] [org.gradle.messaging.remote.internal.inet.InetAddressFactory] Adding IP addresses for network interface Cisco AnyConnect Secure Mobility Client Virtual Miniport Adapter for Windows x64
09:24:48.825 [DEBUG] [org.gradle.messaging.remote.internal.inet.InetAddressFactory] Is this a loopback interface? false
09:24:48.827 [DEBUG] [org.gradle.messaging.remote.internal.inet.InetAddressFactory] Is this a multicast interface? true
09:24:48.828 [DEBUG] [org.gradle.messaging.remote.internal.inet.InetAddressFactory] Adding loopback multicast interface Cisco AnyConnect Secure Mobility Client Virtual Miniport Adapter for Windows x64
09:24:48.828 [DEBUG] [org.gradle.messaging.remote.internal.inet.InetAddressFactory] Adding IP addresses for network interface Microsoft ISATAP Adapter #5
09:24:48.829 [DEBUG] [org.gradle.messaging.remote.internal.inet.InetAddressFactory] Is this a loopback interface? false
09:24:48.831 [DEBUG] [org.gradle.messaging.remote.internal.inet.InetAddressFactory] Is this a multicast interface? true
09:24:48.831 [DEBUG] [org.gradle.messaging.remote.internal.inet.InetAddressFactory] Adding loopback multicast interface Microsoft ISATAP Adapter #5
09:24:48.831 [DEBUG] [org.gradle.messaging.remote.internal.inet.InetAddressFactory] Adding IP addresses for network interface Microsoft ISATAP Adapter #6
09:24:48.832 [DEBUG] [org.gradle.messaging.remote.internal.inet.InetAddressFactory] Is this a loopback interface? false
09:24:48.834 [DEBUG] [org.gradle.messaging.remote.internal.inet.InetAddressFactory] Is this a multicast interface? true
09:24:48.834 [DEBUG] [org.gradle.messaging.remote.internal.inet.InetAddressFactory] Adding loopback multicast interface Microsoft ISATAP Adapter #6
09:24:48.835 [DEBUG] [org.gradle.messaging.remote.internal.inet.InetAddressFactory] Adding IP addresses for network interface Realtek PCIe GBE Family Controller-WFP Native MAC Layer LightWeight Filter-0000
09:24:48.836 [DEBUG] [org.gradle.messaging.remote.internal.inet.InetAddressFactory] Is this a loopback interface? false
09:24:48.837 [DEBUG] [org.gradle.messaging.remote.internal.inet.InetAddressFactory] Is this a multicast interface? true
09:24:48.837 [DEBUG] [org.gradle.messaging.remote.internal.inet.InetAddressFactory] Adding loopback multicast interface Realtek PCIe GBE Family Controller-WFP Native MAC Layer LightWeight Filter-0000
09:24:48.838 [DEBUG] [org.gradle.messaging.remote.internal.inet.InetAddressFactory] Adding IP addresses for network interface Realtek PCIe GBE Family Controller-QoS Packet Scheduler-0000
09:24:48.839 [DEBUG] [org.gradle.messaging.remote.internal.inet.InetAddressFactory] Is this a loopback interface? false
09:24:48.840 [DEBUG] [org.gradle.messaging.remote.internal.inet.InetAddressFactory] Is this a multicast interface? true
09:24:48.841 [DEBUG] [org.gradle.messaging.remote.internal.inet.InetAddressFactory] Adding loopback multicast interface Realtek PCIe GBE Family Controller-QoS Packet Scheduler-0000
09:24:48.841 [DEBUG] [org.gradle.messaging.remote.internal.inet.InetAddressFactory] Adding IP addresses for network interface Realtek PCIe GBE Family Controller-WFP 802.3 MAC Layer LightWeight Filter-0000
09:24:48.842 [DEBUG] [org.gradle.messaging.remote.internal.inet.InetAddressFactory] Is this a loopback interface? false
09:24:48.843 [DEBUG] [org.gradle.messaging.remote.internal.inet.InetAddressFactory] Is this a multicast interface? true
09:24:48.844 [DEBUG] [org.gradle.messaging.remote.internal.inet.InetAddressFactory] Adding loopback multicast interface Realtek PCIe GBE Family Controller-WFP 802.3 MAC Layer LightWeight Filter-0000
09:24:48.844 [DEBUG] [org.gradle.messaging.remote.internal.inet.InetAddressFactory] Adding IP addresses for network interface Ericsson N5321 gw-WFP Native MAC Layer LightWeight Filter-0000
09:24:48.845 [DEBUG] [org.gradle.messaging.remote.internal.inet.InetAddressFactory] Is this a loopback interface? false
09:24:48.846 [DEBUG] [org.gradle.messaging.remote.internal.inet.InetAddressFactory] Is this a multicast interface? true
09:24:48.847 [DEBUG] [org.gradle.messaging.remote.internal.inet.InetAddressFactory] Adding loopback multicast interface Ericsson N5321 gw-WFP Native MAC Layer LightWeight Filter-0000
09:24:48.847 [DEBUG] [org.gradle.messaging.remote.internal.inet.InetAddressFactory] Adding IP addresses for network interface Ericsson N5321 gw-Virtual WiFi Filter Driver-0000
09:24:48.848 [DEBUG] [org.gradle.messaging.remote.internal.inet.InetAddressFactory] Is this a loopback interface? false
09:24:48.849 [DEBUG] [org.gradle.messaging.remote.internal.inet.InetAddressFactory] Is this a multicast interface? true
09:24:48.849 [DEBUG] [org.gradle.messaging.remote.internal.inet.InetAddressFactory] Adding loopback multicast interface Ericsson N5321 gw-Virtual WiFi Filter Driver-0000
09:24:48.850 [DEBUG] [org.gradle.messaging.remote.internal.inet.InetAddressFactory] Adding IP addresses for network interface Intel(R) Wireless-N 7260-WFP Native MAC Layer LightWeight Filter-0000
09:24:48.851 [DEBUG] [org.gradle.messaging.remote.internal.inet.InetAddressFactory] Is this a loopback interface? false
09:24:48.852 [DEBUG] [org.gradle.messaging.remote.internal.inet.InetAddressFactory] Is this a multicast interface? true
09:24:48.852 [DEBUG] [org.gradle.messaging.remote.internal.inet.InetAddressFactory] Adding loopback multicast interface Intel(R) Wireless-N 7260-WFP Native MAC Layer LightWeight Filter-0000
09:24:48.853 [DEBUG] [org.gradle.messaging.remote.internal.inet.InetAddressFactory] Adding IP addresses for network interface Intel(R) Wireless-N 7260-Virtual WiFi Filter Driver-0000
09:24:48.854 [DEBUG] [org.gradle.messaging.remote.internal.inet.InetAddressFactory] Is this a loopback interface? false
09:24:48.855 [DEBUG] [org.gradle.messaging.remote.internal.inet.InetAddressFactory] Is this a multicast interface? true
09:24:48.855 [DEBUG] [org.gradle.messaging.remote.internal.inet.InetAddressFactory] Adding loopback multicast interface Intel(R) Wireless-N 7260-Virtual WiFi Filter Driver-0000
09:24:48.856 [DEBUG] [org.gradle.messaging.remote.internal.inet.InetAddressFactory] Adding IP addresses for network interface Intel(R) Wireless-N 7260-Native WiFi Filter Driver-0000
09:24:48.857 [DEBUG] [org.gradle.messaging.remote.internal.inet.InetAddressFactory] Is this a loopback interface? false
09:24:48.858 [DEBUG] [org.gradle.messaging.remote.internal.inet.InetAddressFactory] Is this a multicast interface? true
09:24:48.859 [DEBUG] [org.gradle.messaging.remote.internal.inet.InetAddressFactory] Adding loopback multicast interface Intel(R) Wireless-N 7260-Native WiFi Filter Driver-0000
09:24:48.859 [DEBUG] [org.gradle.messaging.remote.internal.inet.InetAddressFactory] Adding IP addresses for network interface Intel(R) Wireless-N 7260-QoS Packet Scheduler-0000
09:24:48.860 [DEBUG] [org.gradle.messaging.remote.internal.inet.InetAddressFactory] Is this a loopback interface? false
09:24:48.861 [DEBUG] [org.gradle.messaging.remote.internal.inet.InetAddressFactory] Is this a multicast interface? true
09:24:48.862 [DEBUG] [org.gradle.messaging.remote.internal.inet.InetAddressFactory] Adding loopback multicast interface Intel(R) Wireless-N 7260-QoS Packet Scheduler-0000
09:24:48.862 [DEBUG] [org.gradle.messaging.remote.internal.inet.InetAddressFactory] Adding IP addresses for network interface Intel(R) Wireless-N 7260-WFP 802.3 MAC Layer LightWeight Filter-0000
09:24:48.863 [DEBUG] [org.gradle.messaging.remote.internal.inet.InetAddressFactory] Is this a loopback interface? false
09:24:48.864 [DEBUG] [org.gradle.messaging.remote.internal.inet.InetAddressFactory] Is this a multicast interface? true
09:24:48.865 [DEBUG] [org.gradle.messaging.remote.internal.inet.InetAddressFactory] Adding loopback multicast interface Intel(R) Wireless-N 7260-WFP 802.3 MAC Layer LightWeight Filter-0000
09:24:48.865 [DEBUG] [org.gradle.messaging.remote.internal.inet.InetAddressFactory] Adding IP addresses for network interface Microsoft Hosted Network Virtual Adapter-WFP Native MAC Layer LightWeight Filter-0000
09:24:48.866 [DEBUG] [org.gradle.messaging.remote.internal.inet.InetAddressFactory] Is this a loopback interface? false
09:24:48.867 [DEBUG] [org.gradle.messaging.remote.internal.inet.InetAddressFactory] Is this a multicast interface? true
09:24:48.868 [DEBUG] [org.gradle.messaging.remote.internal.inet.InetAddressFactory] Adding loopback multicast interface Microsoft Hosted Network Virtual Adapter-WFP Native MAC Layer LightWeight Filter-0000
09:24:48.868 [DEBUG] [org.gradle.messaging.remote.internal.inet.InetAddressFactory] Adding IP addresses for network interface Microsoft Hosted Network Virtual Adapter-Native WiFi Filter Driver-0000
09:24:48.869 [DEBUG] [org.gradle.messaging.remote.internal.inet.InetAddressFactory] Is this a loopback interface? false
09:24:48.870 [DEBUG] [org.gradle.messaging.remote.internal.inet.InetAddressFactory] Is this a multicast interface? true
09:24:48.871 [DEBUG] [org.gradle.messaging.remote.internal.inet.InetAddressFactory] Adding loopback multicast interface Microsoft Hosted Network Virtual Adapter-Native WiFi Filter Driver-0000
09:24:48.871 [DEBUG] [org.gradle.messaging.remote.internal.inet.InetAddressFactory] Adding IP addresses for network interface Microsoft Hosted Network Virtual Adapter-QoS Packet Scheduler-0000
09:24:48.873 [DEBUG] [org.gradle.messaging.remote.internal.inet.InetAddressFactory] Is this a loopback interface? false
09:24:48.874 [DEBUG] [org.gradle.messaging.remote.internal.inet.InetAddressFactory] Is this a multicast interface? true
09:24:48.874 [DEBUG] [org.gradle.messaging.remote.internal.inet.InetAddressFactory] Adding loopback multicast interface Microsoft Hosted Network Virtual Adapter-QoS Packet Scheduler-0000
09:24:48.875 [DEBUG] [org.gradle.messaging.remote.internal.inet.InetAddressFactory] Adding IP addresses for network interface Microsoft Hosted Network Virtual Adapter-WFP 802.3 MAC Layer LightWeight Filter-0000
09:24:48.876 [DEBUG] [org.gradle.messaging.remote.internal.inet.InetAddressFactory] Is this a loopback interface? false
09:24:48.877 [DEBUG] [org.gradle.messaging.remote.internal.inet.InetAddressFactory] Is this a multicast interface? true
09:24:48.878 [DEBUG] [org.gradle.messaging.remote.internal.inet.InetAddressFactory] Adding loopback multicast interface Microsoft Hosted Network Virtual Adapter-WFP 802.3 MAC Layer LightWeight Filter-0000
09:24:48.878 [DEBUG] [org.gradle.messaging.remote.internal.inet.InetAddressFactory] Adding IP addresses for network interface Microsoft Wi-Fi Direct Virtual Adapter-WFP Native MAC Layer LightWeight Filter-0000
09:24:48.879 [DEBUG] [org.gradle.messaging.remote.internal.inet.InetAddressFactory] Is this a loopback interface? false
09:24:48.881 [DEBUG] [org.gradle.messaging.remote.internal.inet.InetAddressFactory] Is this a multicast interface? true
09:24:48.881 [DEBUG] [org.gradle.messaging.remote.internal.inet.InetAddressFactory] Adding loopback multicast interface Microsoft Wi-Fi Direct Virtual Adapter-WFP Native MAC Layer LightWeight Filter-0000
09:24:48.881 [DEBUG] [org.gradle.messaging.remote.internal.inet.InetAddressFactory] Adding IP addresses for network interface Microsoft Wi-Fi Direct Virtual Adapter-Native WiFi Filter Driver-0000
09:24:48.882 [DEBUG] [org.gradle.messaging.remote.internal.inet.InetAddressFactory] Is this a loopback interface? false
09:24:48.883 [DEBUG] [org.gradle.messaging.remote.internal.inet.InetAddressFactory] Is this a multicast interface? true
09:24:48.884 [DEBUG] [org.gradle.messaging.remote.internal.inet.InetAddressFactory] Adding loopback multicast interface Microsoft Wi-Fi Direct Virtual Adapter-Native WiFi Filter Driver-0000
09:24:48.884 [DEBUG] [org.gradle.messaging.remote.internal.inet.InetAddressFactory] Adding IP addresses for network interface Microsoft Wi-Fi Direct Virtual Adapter-QoS Packet Scheduler-0000
09:24:48.885 [DEBUG] [org.gradle.messaging.remote.internal.inet.InetAddressFactory] Is this a loopback interface? false
09:24:48.886 [DEBUG] [org.gradle.messaging.remote.internal.inet.InetAddressFactory] Is this a multicast interface? true
09:24:48.887 [DEBUG] [org.gradle.messaging.remote.internal.inet.InetAddressFactory] Adding loopback multicast interface Microsoft Wi-Fi Direct Virtual Adapter-QoS Packet Scheduler-0000
09:24:48.887 [DEBUG] [org.gradle.messaging.remote.internal.inet.InetAddressFactory] Adding IP addresses for network interface Microsoft Wi-Fi Direct Virtual Adapter-WFP 802.3 MAC Layer LightWeight Filter-0000
09:24:48.888 [DEBUG] [org.gradle.messaging.remote.internal.inet.InetAddressFactory] Is this a loopback interface? false
09:24:48.889 [DEBUG] [org.gradle.messaging.remote.internal.inet.InetAddressFactory] Is this a multicast interface? true
09:24:48.890 [DEBUG] [org.gradle.messaging.remote.internal.inet.InetAddressFactory] Adding loopback multicast interface Microsoft Wi-Fi Direct Virtual Adapter-WFP 802.3 MAC Layer LightWeight Filter-0000
09:24:48.894 [DEBUG] [org.gradle.messaging.remote.internal.inet.TcpIncomingConnector] Listening on [e1ef3788-35f6-4023-902d-9eab67afbfe8 port:53339, addresses:[/127.0.0.1, /0:0:0:0:0:0:0:1]].
09:24:48.896 [DEBUG] [org.gradle.launcher.daemon.server.Daemon] Daemon starting at: Sat Feb 28 09:24:48 CET 2015, with address: [e1ef3788-35f6-4023-902d-9eab67afbfe8 port:53339, addresses:[/127.0.0.1, /0:0:0:0:0:0:0:1]]
09:24:48.897 [INFO] [org.gradle.launcher.daemon.server.DomainRegistryUpdater] Advertising the daemon address to the clients: [e1ef3788-35f6-4023-902d-9eab67afbfe8 port:53339, addresses:[/127.0.0.1, /0:0:0:0:0:0:0:1]]
09:24:48.898 [DEBUG] [org.gradle.launcher.daemon.server.DomainRegistryUpdater] Advertised daemon context: DefaultDaemonContext[uid=48d2b3db-40f0-49b1-9d8e-388b3a34cd2c,javaHome=C:\Program Files\Java\jdk1.7.0_75,daemonRegistryDir=C:\Users\espen1\.gradle\daemon,pid=5688,idleTimeout=10800000,daemonOpts=-Xms128m,-Xmx512m,-Dfile.encoding=windows-1252,-Duser.country=US,-Duser.language=en,-Duser.variant]
09:24:48.898 [DEBUG] [org.gradle.launcher.daemon.registry.PersistentDaemonRegistry] Storing daemon address: [e1ef3788-35f6-4023-902d-9eab67afbfe8 port:53339, addresses:[/127.0.0.1, /0:0:0:0:0:0:0:1]], context: DefaultDaemonContext[uid=48d2b3db-40f0-49b1-9d8e-388b3a34cd2c,javaHome=C:\Program Files\Java\jdk1.7.0_75,daemonRegistryDir=C:\Users\espen1\.gradle\daemon,pid=5688,idleTimeout=10800000,daemonOpts=-Xms128m,-Xmx512m,-Dfile.encoding=windows-1252,-Duser.country=US,-Duser.language=en,-Duser.variant]
09:24:48.907 [DEBUG] [org.gradle.cache.internal.DefaultFileLockManager] Waiting to acquire exclusive lock on daemon addresses registry.
09:24:48.910 [DEBUG] [org.gradle.cache.internal.DefaultFileLockManager] Lock acquired.
09:24:48.938 [DEBUG] [org.gradle.cache.internal.DefaultFileLockManager] Releasing lock on daemon addresses registry.
09:24:48.940 [LIFECYCLE] [org.gradle.launcher.daemon.server.Daemon] Daemon server started.
09:24:48.942 [DEBUG] [org.gradle.launcher.daemon.bootstrap.DaemonStartupCommunication] Completed writing the daemon greeting. Closing streams...
09:24:48.944 [DEBUG] [org.gradle.launcher.daemon.server.Daemon] requestStopOnIdleTimeout(10800000 MILLISECONDS) called on daemon
09:24:48.945 [DEBUG] [org.gradle.launcher.daemon.server.DaemonStateCoordinator] Idle timeout: waiting for daemon to stop or be idle for 10800000ms
09:24:48.946 [DEBUG] [org.gradle.launcher.daemon.server.DaemonStateCoordinator] Daemon is idle, sleeping until state change or idle timeout at Sat Feb 28 12:24:48 CET 2015
09:24:48.961 [DEBUG] [org.gradle.messaging.remote.internal.inet.TcpIncomingConnector] Accepted connection from /127.0.0.1:53340 to /127.0.0.1:53339.
09:24:49.006 [DEBUG] [org.gradle.launcher.daemon.server.SynchronizedDispatchConnection] thread 14: received class org.gradle.launcher.daemon.protocol.Build
09:24:49.006 [DEBUG] [org.gradle.launcher.daemon.server.DefaultDaemonConnection] Received non-IO message from client: Build{id=484cea4f-3e2f-4096-9c00-7f4ce68e727b.1, currentDir=C:\git\RawHeroesOfBegredeligeStudenter\project}
09:24:49.007 [INFO] [org.gradle.launcher.daemon.server.DefaultIncomingConnectionHandler] Received command: Build{id=484cea4f-3e2f-4096-9c00-7f4ce68e727b.1, currentDir=C:\git\RawHeroesOfBegredeligeStudenter\project}.
09:24:49.007 [DEBUG] [org.gradle.launcher.daemon.server.DefaultIncomingConnectionHandler] Starting executing command: Build{id=484cea4f-3e2f-4096-9c00-7f4ce68e727b.1, currentDir=C:\git\RawHeroesOfBegredeligeStudenter\project} with connection: socket connection from /127.0.0.1:53339 to /127.0.0.1:53340.
09:24:49.014 [DEBUG] [org.gradle.launcher.daemon.server.DaemonStateCoordinator] Command execution: started DaemonCommandExecution[command = Build{id=484cea4f-3e2f-4096-9c00-7f4ce68e727b.1, currentDir=C:\git\RawHeroesOfBegredeligeStudenter\project}, connection = org.gradle.launcher.daemon.server.DefaultDaemonConnection@3ffc5306] after 0.0 minutes of idle
09:24:49.015 [INFO] [org.gradle.launcher.daemon.server.DomainRegistryUpdater] Marking the daemon as busy, address: [e1ef3788-35f6-4023-902d-9eab67afbfe8 port:53339, addresses:[/127.0.0.1, /0:0:0:0:0:0:0:1]]
09:24:49.015 [DEBUG] [org.gradle.launcher.daemon.registry.PersistentDaemonRegistry] Marking busy by address: [e1ef3788-35f6-4023-902d-9eab67afbfe8 port:53339, addresses:[/127.0.0.1, /0:0:0:0:0:0:0:1]]
09:24:49.016 [DEBUG] [org.gradle.cache.internal.DefaultFileLockManager] Waiting to acquire exclusive lock on daemon addresses registry.
09:24:49.016 [DEBUG] [org.gradle.cache.internal.DefaultFileLockManager] Lock acquired.
09:24:49.019 [DEBUG] [org.gradle.cache.internal.DefaultFileLockManager] Releasing lock on daemon addresses registry.
09:24:49.020 [DEBUG] [org.gradle.launcher.daemon.server.DaemonStateCoordinator] updating lastActivityAt to 1425111889020
09:24:49.021 [DEBUG] [org.gradle.launcher.daemon.server.DaemonStateCoordinator] Daemon is busy, sleeping until state changes.
09:24:49.021 [INFO] [org.gradle.launcher.daemon.server.exec.StartBuildOrRespondWithBusy] Daemon is about to start building Build{id=484cea4f-3e2f-4096-9c00-7f4ce68e727b.1, currentDir=C:\git\RawHeroesOfBegredeligeStudenter\project}. Dispatching build started information...
09:24:49.022 [DEBUG] [org.gradle.launcher.daemon.server.SynchronizedDispatchConnection] thread 16: dispatching class org.gradle.launcher.daemon.protocol.BuildStarted
09:24:49.026 [DEBUG] [org.gradle.launcher.daemon.server.exec.EstablishBuildEnvironment] Configuring env variables: {USERPROFILE=C:\Users\espen1, ProgramData=C:\ProgramData, PATHEXT=.COM;.EXE;.BAT;.CMD;.VBS;.VBE;.JS;.JSE;.WSF;.WSH;.MSC, ProgramFiles(x86)=C:\Program Files (x86), TEMP=C:\Users\espen1\AppData\Local\Temp, SystemDrive=C:, ProgramFiles=C:\Program Files, Path=C:\Python27\;C:\ProgramData\Oracle\Java\javapath;C:\Python27\Scripts;C:\Program Files (x86)\Git\cmd;C:\WINDOWS\system32;C:\WINDOWS;C:\WINDOWS\System32\Wbem;C:\WINDOWS\System32\WindowsPowerShell\v1.0\;C:\Program Files (x86)\CodeBlocks\MinGW\bin;C:\Python27;, HOMEDRIVE=C:, PROCESSOR_REVISION=3c03, USERDOMAIN=espen, ALLUSERSPROFILE=C:\ProgramData, ProgramW6432=C:\Program Files, Python=C:\Python27\, PROCESSOR_IDENTIFIER=Intel64 Family 6 Model 60 Stepping 3, GenuineIntel, SESSIONNAME=Console, TMP=C:\Users\espen1\AppData\Local\Temp, CommonProgramFiles=C:\Program Files\Common Files, =::=::\, LOGONSERVER=\\ESPEN, PROCESSOR_ARCHITECTURE=AMD64, FP_NO_HOST_CHECK=NO, OS=Windows_NT, TVT=C:\Program Files (x86)\Lenovo, HOMEPATH=\Users\espen1, PROCESSOR_LEVEL=6, CommonProgramW6432=C:\Program Files\Common Files, USERDOMAIN_ROAMINGPROFILE=espen, configsetroot=C:\WINDOWS\ConfigSetRoot, LOCALAPPDATA=C:\Users\espen1\AppData\Local, COMPUTERNAME=ESPEN, windir=C:\WINDOWS, SystemRoot=C:\WINDOWS, NUMBER_OF_PROCESSORS=4, USERNAME=espen1, PUBLIC=C:\Users\Public, PSModulePath=C:\WINDOWS\system32\WindowsPowerShell\v1.0\Modules\, READYAPPS=C:\ProgramData\Lenovo\ReadyApps, CommonProgramFiles(x86)=C:\Program Files (x86)\Common Files, ComSpec=C:\WINDOWS\system32\cmd.exe, APPDATA=C:\Users\espen1\AppData\Roaming}
09:24:49.042 [DEBUG] [org.gradle.launcher.daemon.server.SynchronizedDispatchConnection] thread 14: received class org.gradle.launcher.daemon.protocol.CloseInput
09:24:49.042 [DEBUG] [org.gradle.launcher.daemon.server.DefaultDaemonConnection] Received IO message from client: CloseInput[id=484cea4f-3e2f-4096-9c00-7f4ce68e727b.2]
09:24:49.042 [INFO] [org.gradle.launcher.daemon.server.exec.LogToClient] About to start relaying all logs to the client via the connection.
09:24:49.043 [INFO] [org.gradle.launcher.daemon.server.exec.LogToClient] The client will now receive all logging from the daemon (pid: 5688). The daemon log file: C:\Users\espen1\.gradle\daemon\2.2\daemon-5688.out.log
09:24:49.044 [INFO] [org.gradle.launcher.daemon.server.exec.ForwardClientInput] Closing daemon's stdin at end of input.
09:24:49.044 [INFO] [org.gradle.launcher.daemon.server.exec.ForwardClientInput] The daemon will no longer process any standard input.
09:24:49.047 [DEBUG] [org.gradle.launcher.daemon.server.exec.ExecuteBuild] The daemon has started executing the build.
09:24:49.048 [INFO] [org.gradle.launcher.daemon.server.exec.ExecuteBuild] Executing build with daemon context: DefaultDaemonContext[uid=48d2b3db-40f0-49b1-9d8e-388b3a34cd2c,javaHome=C:\Program Files\Java\jdk1.7.0_75,daemonRegistryDir=C:\Users\espen1\.gradle\daemon,pid=5688,idleTimeout=10800000,daemonOpts=-Xms128m,-Xmx512m,-Dfile.encoding=windows-1252,-Duser.country=US,-Duser.language=en,-Duser.variant]
Configuration on demand is an incubating feature.
:core:compileJavawarning: [options] bootstrap class path not set in conjunction with -source 1.6
C:\git\RawHeroesOfBegredeligeStudenter\project\core\src\com\tdt4240\RawHeroes\controller\BoardMover.java:20: error: diamond operator is not supported in -source 1.6
        moves = new ArrayList<>();
                              ^
  (use -source 7 or higher to enable diamond operator)
C:\git\RawHeroesOfBegredeligeStudenter\project\core\src\com\tdt4240\RawHeroes\render\view\BoardView.java:58: error: diamond operator is not supported in -source 1.6
        ArrayList<Vector2> unitPositions = new ArrayList<>();
                                                         ^
  (use -source 7 or higher to enable diamond operator)
C:\git\RawHeroesOfBegredeligeStudenter\project\core\src\com\tdt4240\RawHeroes\render\view\UnitRenderer.java:31: error: diamond operator is not supported in -source 1.6
        currentAnimations = new ArrayList<>();
                                          ^
  (use -source 7 or higher to enable diamond operator)
3 errors
1 warning
 FAILED

FAILURE: Build failed with an exception.

* What went wrong:
Execution failed for task ':core:compileJava'.
> Compilation failed; see the compiler error output for details.

* Try:
Run with --stacktrace option to get the stack trace. Run with --info or --debug option to get more log output.

BUILD FAILED

Total time: 9.174 secs
09:24:55.964 [DEBUG] [org.gradle.api.internal.tasks.compile.daemon.CompilerDaemonManager] Stopping 0 compiler daemon(s).
09:24:55.965 [INFO] [org.gradle.api.internal.tasks.compile.daemon.CompilerDaemonManager] Stopped 0 compiler daemon(s).
09:24:55.965 [DEBUG] [org.gradle.cache.internal.DefaultFileLockManager] Releasing lock on initscript class cache for initialization script 'C:\Users\espen1\AppData\Local\Temp\asLocalRepo5209281142585154949.gradle' (C:\Users\espen1\.gradle\caches\2.2\scripts\asLocalRepo5209281142585154949_26bwnr5lfxy1uqwc4yvfowv0w\InitScript\initscript).
09:24:55.966 [DEBUG] [org.gradle.cache.internal.DefaultFileLockManager] Releasing lock on no_initscript class cache for initialization script 'C:\Users\espen1\AppData\Local\Temp\asLocalRepo5209281142585154949.gradle' (C:\Users\espen1\.gradle\caches\2.2\scripts\asLocalRepo5209281142585154949_26bwnr5lfxy1uqwc4yvfowv0w\InitScript\no_initscript).
09:24:55.966 [DEBUG] [org.gradle.cache.internal.DefaultFileLockManager] Releasing lock on buildscript class cache for settings file 'C:\git\RawHeroesOfBegredeligeStudenter\project\settings.gradle' (C:\Users\espen1\.gradle\caches\2.2\scripts\settings_azto2ifi6360hk4n1jk7opqw\SettingsScript\buildscript).
09:24:55.967 [DEBUG] [org.gradle.cache.internal.DefaultFileLockManager] Releasing lock on no_buildscript class cache for settings file 'C:\git\RawHeroesOfBegredeligeStudenter\project\settings.gradle' (C:\Users\espen1\.gradle\caches\2.2\scripts\settings_azto2ifi6360hk4n1jk7opqw\SettingsScript\no_buildscript).
09:24:55.967 [DEBUG] [org.gradle.cache.internal.DefaultFileLockManager] Releasing lock on buildscript class cache for build file 'C:\git\RawHeroesOfBegredeligeStudenter\project\build.gradle' (C:\Users\espen1\.gradle\caches\2.2\scripts\build_7xhrk7l9u7nbqis8uakom97ma\ProjectScript\buildscript).
09:24:55.968 [DEBUG] [org.gradle.cache.internal.DefaultFileLockManager] Releasing lock on no_buildscript class cache for build file 'C:\git\RawHeroesOfBegredeligeStudenter\project\build.gradle' (C:\Users\espen1\.gradle\caches\2.2\scripts\build_7xhrk7l9u7nbqis8uakom97ma\ProjectScript\no_buildscript).
09:24:55.968 [DEBUG] [org.gradle.cache.internal.DefaultFileLockManager] Releasing lock on buildscript class cache for build file 'C:\git\RawHeroesOfBegredeligeStudenter\project\core\build.gradle' (C:\Users\espen1\.gradle\caches\2.2\scripts\build_8v40sxjn07pqpjpuy17hx11t5\ProjectScript\buildscript).
09:24:55.968 [DEBUG] [org.gradle.cache.internal.DefaultFileLockManager] Releasing lock on no_buildscript class cache for build file 'C:\git\RawHeroesOfBegredeligeStudenter\project\core\build.gradle' (C:\Users\espen1\.gradle\caches\2.2\scripts\build_8v40sxjn07pqpjpuy17hx11t5\ProjectScript\no_buildscript).
09:24:55.970 [DEBUG] [org.gradle.cache.internal.btree.BTreePersistentIndexedCache] Closing cache outputFileStates.bin (C:\git\RawHeroesOfBegredeligeStudenter\project\.gradle\2.2\taskArtifacts\outputFileStates.bin)
09:24:55.971 [DEBUG] [org.gradle.cache.internal.btree.BTreePersistentIndexedCache] Closing cache taskArtifacts.bin (C:\git\RawHeroesOfBegredeligeStudenter\project\.gradle\2.2\taskArtifacts\taskArtifacts.bin)
09:24:55.971 [DEBUG] [org.gradle.cache.internal.btree.BTreePersistentIndexedCache] Closing cache fileHashes.bin (C:\git\RawHeroesOfBegredeligeStudenter\project\.gradle\2.2\taskArtifacts\fileHashes.bin)
09:24:55.972 [DEBUG] [org.gradle.cache.internal.btree.BTreePersistentIndexedCache] Closing cache fileSnapshots.bin (C:\git\RawHeroesOfBegredeligeStudenter\project\.gradle\2.2\taskArtifacts\fileSnapshots.bin)
09:24:55.972 [DEBUG] [org.gradle.cache.internal.DefaultFileLockManager] Releasing lock on task history cache (C:\git\RawHeroesOfBegredeligeStudenter\project\.gradle\2.2\taskArtifacts).
09:24:55.973 [DEBUG] [org.gradle.cache.internal.DefaultCacheAccess] Cache Plugin Resolution Cache (C:\Users\espen1\.gradle\caches\2.2\plugin-resolution) was closed 0 times.
09:24:55.974 [DEBUG] [org.gradle.cache.internal.btree.BTreePersistentIndexedCache] Closing cache module-metadata.bin (C:\Users\espen1\.gradle\caches\modules-2\metadata-2.14\module-metadata.bin)
09:24:55.974 [DEBUG] [org.gradle.cache.internal.btree.BTreePersistentIndexedCache] Closing cache artifact-at-repository.bin (C:\Users\espen1\.gradle\caches\modules-2\metadata-2.14\artifact-at-repository.bin)
09:24:55.975 [DEBUG] [org.gradle.cache.internal.DefaultFileLockManager] Releasing lock on artifact cache (C:\Users\espen1\.gradle\caches\modules-2).
09:24:55.977 [DEBUG] [org.gradle.api.internal.artifacts.ivyservice.ivyresolve.memcache.InMemoryCachedRepositoryFactory] In-memory dependency metadata cache closed. Repos cached: 5, cache instances: 4, modules served from cache: 17, artifacts: 17
09:24:55.979 [DEBUG] [org.gradle.api.internal.artifacts.ivyservice.resolveengine.store.CachedStoreFactory] Resolution result cache closed. Cache reads: 0, disk reads: 0 (avg: 0.0 secs, total: 0.0 secs)
09:24:55.980 [DEBUG] [org.gradle.api.internal.artifacts.ivyservice.resolveengine.store.CachedStoreFactory] Resolved configuration cache closed. Cache reads: 0, disk reads: 0 (avg: 0.0 secs, total: 0.0 secs)
09:24:55.980 [DEBUG] [org.gradle.api.internal.artifacts.ivyservice.resolveengine.store.ResolutionResultsStoreFactory] Deleted 2 resolution results binary files in 0.002 secs
09:24:55.982 [DEBUG] [org.gradle.launcher.daemon.server.exec.ExecuteBuild] The daemon has finished executing the build.
09:24:56.348 [DEBUG] [org.gradle.launcher.daemon.server.DaemonStateCoordinator] Daemon is busy, sleeping until state changes.
09:24:56.348 [DEBUG] [org.gradle.launcher.daemon.server.DaemonStateCoordinator] Command execution: finished waiting for DaemonCommandExecution[command = Build{id=484cea4f-3e2f-4096-9c00-7f4ce68e727b.1, currentDir=C:\git\RawHeroesOfBegredeligeStudenter\project}, connection = org.gradle.launcher.daemon.server.DefaultDaemonConnection@3ffc5306]. Result org.gradle.launcher.daemon.server.DaemonStateCoordinator@1f75fbe3 with state Running
09:24:56.349 [DEBUG] [org.gradle.launcher.daemon.server.DaemonStateCoordinator] Command execution: completed DaemonCommandExecution[command = Build{id=484cea4f-3e2f-4096-9c00-7f4ce68e727b.1, currentDir=C:\git\RawHeroesOfBegredeligeStudenter\project}, connection = org.gradle.launcher.daemon.server.DefaultDaemonConnection@3ffc5306]
09:24:56.350 [DEBUG] [org.gradle.launcher.daemon.server.DaemonStateCoordinator] updating lastActivityAt to 1425111896350
09:24:56.350 [INFO] [org.gradle.launcher.daemon.server.DomainRegistryUpdater] Marking the daemon as idle, address: [e1ef3788-35f6-4023-902d-9eab67afbfe8 port:53339, addresses:[/127.0.0.1, /0:0:0:0:0:0:0:1]]
09:24:56.351 [DEBUG] [org.gradle.launcher.daemon.registry.PersistentDaemonRegistry] Marking idle by address: [e1ef3788-35f6-4023-902d-9eab67afbfe8 port:53339, addresses:[/127.0.0.1, /0:0:0:0:0:0:0:1]]
09:24:56.352 [DEBUG] [org.gradle.cache.internal.DefaultFileLockManager] Waiting to acquire exclusive lock on daemon addresses registry.
09:24:56.353 [DEBUG] [org.gradle.cache.internal.DefaultFileLockManager] Lock acquired.
09:24:56.357 [DEBUG] [org.gradle.cache.internal.DefaultFileLockManager] Releasing lock on daemon addresses registry.
09:24:56.359 [DEBUG] [org.gradle.launcher.daemon.server.DaemonStateCoordinator] Daemon is idle, sleeping until state change or idle timeout at Sat Feb 28 12:24:56 CET 2015
09:24:56.361 [DEBUG] [org.gradle.launcher.daemon.server.exec.ReturnResult] Daemon is dispatching the build result: DaemonCommandResult[type=CommandFailure, value=org.gradle.launcher.exec.ReportedException: org.gradle.internal.exceptions.LocationAwareException: Execution failed for task ':core:compileJava'.]
09:24:56.362 [DEBUG] [org.gradle.launcher.daemon.server.SynchronizedDispatchConnection] thread 13: dispatching class org.gradle.launcher.daemon.protocol.CommandFailure
09:24:56.418 [DEBUG] [org.gradle.launcher.daemon.server.DefaultIncomingConnectionHandler] Finishing executing command: Build{id=484cea4f-3e2f-4096-9c00-7f4ce68e727b.1, currentDir=C:\git\RawHeroesOfBegredeligeStudenter\project}
09:24:56.430 [DEBUG] [org.gradle.launcher.daemon.server.SynchronizedDispatchConnection] thread 14: received class org.gradle.launcher.daemon.protocol.Finished
09:24:56.430 [DEBUG] [org.gradle.launcher.daemon.server.DefaultDaemonConnection] Received non-IO message from client: org.gradle.launcher.daemon.protocol.Finished@7244499b
09:24:56.431 [DEBUG] [org.gradle.launcher.daemon.server.DefaultIncomingConnectionHandler] Received finished message: org.gradle.launcher.daemon.protocol.Finished@7244499b
09:24:56.431 [DEBUG] [org.gradle.launcher.daemon.server.SynchronizedDispatchConnection] thread 13: stopping connection
09:24:56.432 [DEBUG] [org.gradle.launcher.daemon.server.SynchronizedDispatchConnection] thread 14: received null
09:24:56.433 [DEBUG] [org.gradle.launcher.daemon.server.DefaultDaemonConnection] Received end-of-input from client.
09:24:56.434 [DEBUG] [org.gradle.launcher.daemon.server.SynchronizedDispatchConnection] thread 13: stopping connection
09:27:06.382 [DEBUG] [org.gradle.messaging.remote.internal.inet.TcpIncomingConnector] Accepted connection from /127.0.0.1:53466 to /127.0.0.1:53339.
09:27:06.395 [DEBUG] [org.gradle.launcher.daemon.server.SynchronizedDispatchConnection] thread 20: received class org.gradle.launcher.daemon.protocol.Build
09:27:06.396 [DEBUG] [org.gradle.launcher.daemon.server.DefaultDaemonConnection] Received non-IO message from client: Build{id=4f3eab66-c997-40ad-b9e9-e37fd4ec65d5.1, currentDir=C:\git\RawHeroesOfBegredeligeStudenter\project}
09:27:06.396 [INFO] [org.gradle.launcher.daemon.server.DefaultIncomingConnectionHandler] Received command: Build{id=4f3eab66-c997-40ad-b9e9-e37fd4ec65d5.1, currentDir=C:\git\RawHeroesOfBegredeligeStudenter\project}.
09:27:06.397 [DEBUG] [org.gradle.launcher.daemon.server.DefaultIncomingConnectionHandler] Starting executing command: Build{id=4f3eab66-c997-40ad-b9e9-e37fd4ec65d5.1, currentDir=C:\git\RawHeroesOfBegredeligeStudenter\project} with connection: socket connection from /127.0.0.1:53339 to /127.0.0.1:53466.
09:27:06.398 [DEBUG] [org.gradle.launcher.daemon.server.DaemonStateCoordinator] Command execution: started DaemonCommandExecution[command = Build{id=4f3eab66-c997-40ad-b9e9-e37fd4ec65d5.1, currentDir=C:\git\RawHeroesOfBegredeligeStudenter\project}, connection = org.gradle.launcher.daemon.server.DefaultDaemonConnection@e640c2b] after 2.0 minutes of idle
09:27:06.398 [INFO] [org.gradle.launcher.daemon.server.DomainRegistryUpdater] Marking the daemon as busy, address: [e1ef3788-35f6-4023-902d-9eab67afbfe8 port:53339, addresses:[/127.0.0.1, /0:0:0:0:0:0:0:1]]
09:27:06.399 [DEBUG] [org.gradle.launcher.daemon.registry.PersistentDaemonRegistry] Marking busy by address: [e1ef3788-35f6-4023-902d-9eab67afbfe8 port:53339, addresses:[/127.0.0.1, /0:0:0:0:0:0:0:1]]
09:27:06.400 [DEBUG] [org.gradle.cache.internal.DefaultFileLockManager] Waiting to acquire exclusive lock on daemon addresses registry.
09:27:06.400 [DEBUG] [org.gradle.cache.internal.DefaultFileLockManager] Lock acquired.
09:27:06.403 [DEBUG] [org.gradle.cache.internal.DefaultFileLockManager] Releasing lock on daemon addresses registry.
09:27:06.404 [DEBUG] [org.gradle.launcher.daemon.server.DaemonStateCoordinator] updating lastActivityAt to 1425112026404
09:27:06.404 [DEBUG] [org.gradle.launcher.daemon.server.DaemonStateCoordinator] Daemon is busy, sleeping until state changes.
09:27:06.405 [INFO] [org.gradle.launcher.daemon.server.exec.StartBuildOrRespondWithBusy] Daemon is about to start building Build{id=4f3eab66-c997-40ad-b9e9-e37fd4ec65d5.1, currentDir=C:\git\RawHeroesOfBegredeligeStudenter\project}. Dispatching build started information...
09:27:06.405 [DEBUG] [org.gradle.launcher.daemon.server.SynchronizedDispatchConnection] thread 22: dispatching class org.gradle.launcher.daemon.protocol.BuildStarted
09:27:06.407 [DEBUG] [org.gradle.launcher.daemon.server.exec.EstablishBuildEnvironment] Configuring env variables: {USERPROFILE=C:\Users\espen1, ProgramData=C:\ProgramData, PATHEXT=.COM;.EXE;.BAT;.CMD;.VBS;.VBE;.JS;.JSE;.WSF;.WSH;.MSC, ProgramFiles(x86)=C:\Program Files (x86), TEMP=C:\Users\espen1\AppData\Local\Temp, SystemDrive=C:, ProgramFiles=C:\Program Files, Path=C:\Python27\;C:\ProgramData\Oracle\Java\javapath;C:\Python27\Scripts;C:\Program Files (x86)\Git\cmd;C:\WINDOWS\system32;C:\WINDOWS;C:\WINDOWS\System32\Wbem;C:\WINDOWS\System32\WindowsPowerShell\v1.0\;C:\Program Files (x86)\CodeBlocks\MinGW\bin;C:\Python27;, HOMEDRIVE=C:, PROCESSOR_REVISION=3c03, USERDOMAIN=espen, ALLUSERSPROFILE=C:\ProgramData, ProgramW6432=C:\Program Files, Python=C:\Python27\, PROCESSOR_IDENTIFIER=Intel64 Family 6 Model 60 Stepping 3, GenuineIntel, SESSIONNAME=Console, TMP=C:\Users\espen1\AppData\Local\Temp, CommonProgramFiles=C:\Program Files\Common Files, =::=::\, LOGONSERVER=\\ESPEN, PROCESSOR_ARCHITECTURE=AMD64, FP_NO_HOST_CHECK=NO, OS=Windows_NT, TVT=C:\Program Files (x86)\Lenovo, HOMEPATH=\Users\espen1, PROCESSOR_LEVEL=6, CommonProgramW6432=C:\Program Files\Common Files, USERDOMAIN_ROAMINGPROFILE=espen, configsetroot=C:\WINDOWS\ConfigSetRoot, LOCALAPPDATA=C:\Users\espen1\AppData\Local, COMPUTERNAME=ESPEN, windir=C:\WINDOWS, SystemRoot=C:\WINDOWS, NUMBER_OF_PROCESSORS=4, USERNAME=espen1, PUBLIC=C:\Users\Public, PSModulePath=C:\WINDOWS\system32\WindowsPowerShell\v1.0\Modules\, READYAPPS=C:\ProgramData\Lenovo\ReadyApps, CommonProgramFiles(x86)=C:\Program Files (x86)\Common Files, ComSpec=C:\WINDOWS\system32\cmd.exe, APPDATA=C:\Users\espen1\AppData\Roaming}
09:27:06.412 [INFO] [org.gradle.launcher.daemon.server.exec.LogToClient] About to start relaying all logs to the client via the connection.
09:27:06.412 [INFO] [org.gradle.launcher.daemon.server.exec.LogToClient] The client will now receive all logging from the daemon (pid: 5688). The daemon log file: C:\Users\espen1\.gradle\daemon\2.2\daemon-5688.out.log
09:27:06.414 [DEBUG] [org.gradle.launcher.daemon.server.exec.ExecuteBuild] The daemon has started executing the build.
09:27:06.415 [INFO] [org.gradle.launcher.daemon.server.exec.ExecuteBuild] Executing build with daemon context: DefaultDaemonContext[uid=48d2b3db-40f0-49b1-9d8e-388b3a34cd2c,javaHome=C:\Program Files\Java\jdk1.7.0_75,daemonRegistryDir=C:\Users\espen1\.gradle\daemon,pid=5688,idleTimeout=10800000,daemonOpts=-Xms128m,-Xmx512m,-Dfile.encoding=windows-1252,-Duser.country=US,-Duser.language=en,-Duser.variant]
09:27:06.421 [DEBUG] [org.gradle.launcher.daemon.server.SynchronizedDispatchConnection] thread 20: received class org.gradle.launcher.daemon.protocol.CloseInput
09:27:06.421 [DEBUG] [org.gradle.launcher.daemon.server.DefaultDaemonConnection] Received IO message from client: CloseInput[id=4f3eab66-c997-40ad-b9e9-e37fd4ec65d5.2]
09:27:06.422 [INFO] [org.gradle.launcher.daemon.server.exec.ForwardClientInput] Closing daemon's stdin at end of input.
09:27:06.422 [INFO] [org.gradle.launcher.daemon.server.exec.ForwardClientInput] The daemon will no longer process any standard input.
Configuration on demand is an incubating feature.
:core:compileJavawarning: [options] bootstrap class path not set in conjunction with -source 1.6
C:\git\RawHeroesOfBegredeligeStudenter\project\core\src\com\tdt4240\RawHeroes\logic\move\MovementMove.java:10: error: constructor Move in class Move cannot be applied to given types;
    public MovementMove(ICell selectedCell, ICell target) {
                                                          ^
  required: ICell
  found: no arguments
  reason: actual and formal argument lists differ in length
C:\git\RawHeroesOfBegredeligeStudenter\project\core\src\com\tdt4240\RawHeroes\render\topLayer\RenderBuilding.java:10: error: RenderBuilding is not abstract and does not override abstract method getAnimationAttackRender(AttackMove) in IRenderBulding
public class RenderBuilding implements IRenderBulding {
       ^
2 errors
1 warning
 FAILED

FAILURE: Build failed with an exception.

* What went wrong:
Execution failed for task ':core:compileJava'.
> Compilation failed; see the compiler error output for details.

* Try:
Run with --stacktrace option to get the stack trace. Run with --info or --debug option to get more log output.

BUILD FAILED

Total time: 2.725 secs
09:27:09.095 [DEBUG] [org.gradle.api.internal.tasks.compile.daemon.CompilerDaemonManager] Stopping 0 compiler daemon(s).
09:27:09.095 [INFO] [org.gradle.api.internal.tasks.compile.daemon.CompilerDaemonManager] Stopped 0 compiler daemon(s).
09:27:09.096 [DEBUG] [org.gradle.cache.internal.DefaultFileLockManager] Releasing lock on initscript class cache for initialization script 'C:\Users\espen1\AppData\Local\Temp\asLocalRepo6163306044225507949.gradle' (C:\Users\espen1\.gradle\caches\2.2\scripts\asLocalRepo6163306044225507949_5s70q9rpv9y9lsq09nx5hhfoq\InitScript\initscript).
09:27:09.096 [DEBUG] [org.gradle.cache.internal.DefaultFileLockManager] Releasing lock on no_initscript class cache for initialization script 'C:\Users\espen1\AppData\Local\Temp\asLocalRepo6163306044225507949.gradle' (C:\Users\espen1\.gradle\caches\2.2\scripts\asLocalRepo6163306044225507949_5s70q9rpv9y9lsq09nx5hhfoq\InitScript\no_initscript).
09:27:09.096 [DEBUG] [org.gradle.cache.internal.DefaultFileLockManager] Releasing lock on buildscript class cache for settings file 'C:\git\RawHeroesOfBegredeligeStudenter\project\settings.gradle' (C:\Users\espen1\.gradle\caches\2.2\scripts\settings_azto2ifi6360hk4n1jk7opqw\SettingsScript\buildscript).
09:27:09.097 [DEBUG] [org.gradle.cache.internal.DefaultFileLockManager] Releasing lock on no_buildscript class cache for settings file 'C:\git\RawHeroesOfBegredeligeStudenter\project\settings.gradle' (C:\Users\espen1\.gradle\caches\2.2\scripts\settings_azto2ifi6360hk4n1jk7opqw\SettingsScript\no_buildscript).
09:27:09.097 [DEBUG] [org.gradle.cache.internal.DefaultFileLockManager] Releasing lock on buildscript class cache for build file 'C:\git\RawHeroesOfBegredeligeStudenter\project\build.gradle' (C:\Users\espen1\.gradle\caches\2.2\scripts\build_7xhrk7l9u7nbqis8uakom97ma\ProjectScript\buildscript).
09:27:09.097 [DEBUG] [org.gradle.cache.internal.DefaultFileLockManager] Releasing lock on no_buildscript class cache for build file 'C:\git\RawHeroesOfBegredeligeStudenter\project\build.gradle' (C:\Users\espen1\.gradle\caches\2.2\scripts\build_7xhrk7l9u7nbqis8uakom97ma\ProjectScript\no_buildscript).
09:27:09.098 [DEBUG] [org.gradle.cache.internal.DefaultFileLockManager] Releasing lock on buildscript class cache for build file 'C:\git\RawHeroesOfBegredeligeStudenter\project\core\build.gradle' (C:\Users\espen1\.gradle\caches\2.2\scripts\build_8v40sxjn07pqpjpuy17hx11t5\ProjectScript\buildscript).
09:27:09.098 [DEBUG] [org.gradle.cache.internal.DefaultFileLockManager] Releasing lock on no_buildscript class cache for build file 'C:\git\RawHeroesOfBegredeligeStudenter\project\core\build.gradle' (C:\Users\espen1\.gradle\caches\2.2\scripts\build_8v40sxjn07pqpjpuy17hx11t5\ProjectScript\no_buildscript).
09:27:09.099 [DEBUG] [org.gradle.cache.internal.btree.BTreePersistentIndexedCache] Closing cache fileHashes.bin (C:\git\RawHeroesOfBegredeligeStudenter\project\.gradle\2.2\taskArtifacts\fileHashes.bin)
09:27:09.100 [DEBUG] [org.gradle.cache.internal.DefaultFileLockManager] Releasing lock on task history cache (C:\git\RawHeroesOfBegredeligeStudenter\project\.gradle\2.2\taskArtifacts).
09:27:09.101 [DEBUG] [org.gradle.cache.internal.btree.BTreePersistentIndexedCache] Closing cache artifact-at-repository.bin (C:\Users\espen1\.gradle\caches\modules-2\metadata-2.14\artifact-at-repository.bin)
09:27:09.101 [DEBUG] [org.gradle.cache.internal.btree.BTreePersistentIndexedCache] Closing cache module-metadata.bin (C:\Users\espen1\.gradle\caches\modules-2\metadata-2.14\module-metadata.bin)
09:27:09.102 [DEBUG] [org.gradle.cache.internal.DefaultFileLockManager] Releasing lock on artifact cache (C:\Users\espen1\.gradle\caches\modules-2).
09:27:09.102 [DEBUG] [org.gradle.cache.internal.DefaultCacheAccess] Cache Plugin Resolution Cache (C:\Users\espen1\.gradle\caches\2.2\plugin-resolution) was closed 0 times.
09:27:09.103 [DEBUG] [org.gradle.api.internal.artifacts.ivyservice.ivyresolve.memcache.InMemoryCachedRepositoryFactory] In-memory dependency metadata cache closed. Repos cached: 5, cache instances: 4, modules served from cache: 17, artifacts: 17
09:27:09.104 [DEBUG] [org.gradle.api.internal.artifacts.ivyservice.resolveengine.store.CachedStoreFactory] Resolution result cache closed. Cache reads: 0, disk reads: 0 (avg: 0.0 secs, total: 0.0 secs)
09:27:09.105 [DEBUG] [org.gradle.api.internal.artifacts.ivyservice.resolveengine.store.CachedStoreFactory] Resolved configuration cache closed. Cache reads: 0, disk reads: 0 (avg: 0.0 secs, total: 0.0 secs)
09:27:09.106 [DEBUG] [org.gradle.api.internal.artifacts.ivyservice.resolveengine.store.ResolutionResultsStoreFactory] Deleted 2 resolution results binary files in 0.002 secs
09:27:09.106 [DEBUG] [org.gradle.launcher.daemon.server.exec.ExecuteBuild] The daemon has finished executing the build.
09:27:09.473 [DEBUG] [org.gradle.launcher.daemon.server.DaemonStateCoordinator] Daemon is busy, sleeping until state changes.
09:27:09.474 [DEBUG] [org.gradle.launcher.daemon.server.DaemonStateCoordinator] Command execution: finished waiting for DaemonCommandExecution[command = Build{id=4f3eab66-c997-40ad-b9e9-e37fd4ec65d5.1, currentDir=C:\git\RawHeroesOfBegredeligeStudenter\project}, connection = org.gradle.launcher.daemon.server.DefaultDaemonConnection@e640c2b]. Result org.gradle.launcher.daemon.server.DaemonStateCoordinator@1f75fbe3 with state Running
09:27:09.474 [DEBUG] [org.gradle.launcher.daemon.server.DaemonStateCoordinator] Command execution: completed DaemonCommandExecution[command = Build{id=4f3eab66-c997-40ad-b9e9-e37fd4ec65d5.1, currentDir=C:\git\RawHeroesOfBegredeligeStudenter\project}, connection = org.gradle.launcher.daemon.server.DefaultDaemonConnection@e640c2b]
09:27:09.475 [DEBUG] [org.gradle.launcher.daemon.server.DaemonStateCoordinator] updating lastActivityAt to 1425112029475
09:27:09.475 [INFO] [org.gradle.launcher.daemon.server.DomainRegistryUpdater] Marking the daemon as idle, address: [e1ef3788-35f6-4023-902d-9eab67afbfe8 port:53339, addresses:[/127.0.0.1, /0:0:0:0:0:0:0:1]]
09:27:09.475 [DEBUG] [org.gradle.launcher.daemon.registry.PersistentDaemonRegistry] Marking idle by address: [e1ef3788-35f6-4023-902d-9eab67afbfe8 port:53339, addresses:[/127.0.0.1, /0:0:0:0:0:0:0:1]]
09:27:09.476 [DEBUG] [org.gradle.cache.internal.DefaultFileLockManager] Waiting to acquire exclusive lock on daemon addresses registry.
09:27:09.477 [DEBUG] [org.gradle.cache.internal.DefaultFileLockManager] Lock acquired.
09:27:09.481 [DEBUG] [org.gradle.cache.internal.DefaultFileLockManager] Releasing lock on daemon addresses registry.
09:27:09.482 [DEBUG] [org.gradle.launcher.daemon.server.exec.ReturnResult] Daemon is dispatching the build result: DaemonCommandResult[type=CommandFailure, value=org.gradle.launcher.exec.ReportedException: org.gradle.internal.exceptions.LocationAwareException: Execution failed for task ':core:compileJava'.]
09:27:09.482 [DEBUG] [org.gradle.launcher.daemon.server.DaemonStateCoordinator] Daemon is idle, sleeping until state change or idle timeout at Sat Feb 28 12:27:09 CET 2015
09:27:09.483 [DEBUG] [org.gradle.launcher.daemon.server.SynchronizedDispatchConnection] thread 19: dispatching class org.gradle.launcher.daemon.protocol.CommandFailure
09:27:09.497 [DEBUG] [org.gradle.launcher.daemon.server.DefaultIncomingConnectionHandler] Finishing executing command: Build{id=4f3eab66-c997-40ad-b9e9-e37fd4ec65d5.1, currentDir=C:\git\RawHeroesOfBegredeligeStudenter\project}
09:27:09.512 [DEBUG] [org.gradle.launcher.daemon.server.SynchronizedDispatchConnection] thread 20: received class org.gradle.launcher.daemon.protocol.Finished
09:27:09.513 [DEBUG] [org.gradle.launcher.daemon.server.DefaultDaemonConnection] Received non-IO message from client: org.gradle.launcher.daemon.protocol.Finished@23be8609
09:27:09.513 [DEBUG] [org.gradle.launcher.daemon.server.SynchronizedDispatchConnection] thread 20: received null
09:27:09.514 [DEBUG] [org.gradle.launcher.daemon.server.DefaultIncomingConnectionHandler] Received finished message: org.gradle.launcher.daemon.protocol.Finished@23be8609
09:27:09.514 [DEBUG] [org.gradle.launcher.daemon.server.DefaultDaemonConnection] Received end-of-input from client.
09:27:09.514 [DEBUG] [org.gradle.launcher.daemon.server.SynchronizedDispatchConnection] thread 19: stopping connection
09:27:09.516 [DEBUG] [org.gradle.launcher.daemon.server.SynchronizedDispatchConnection] thread 19: stopping connection
09:29:08.583 [DEBUG] [org.gradle.messaging.remote.internal.inet.TcpIncomingConnector] Accepted connection from /127.0.0.1:53521 to /127.0.0.1:53339.
09:29:08.595 [DEBUG] [org.gradle.launcher.daemon.server.SynchronizedDispatchConnection] thread 25: received class org.gradle.launcher.daemon.protocol.Build
09:29:08.595 [DEBUG] [org.gradle.launcher.daemon.server.DefaultDaemonConnection] Received non-IO message from client: Build{id=c047f4c6-abde-454d-b1f7-28e654737655.1, currentDir=C:\git\RawHeroesOfBegredeligeStudenter\project}
09:29:08.596 [INFO] [org.gradle.launcher.daemon.server.DefaultIncomingConnectionHandler] Received command: Build{id=c047f4c6-abde-454d-b1f7-28e654737655.1, currentDir=C:\git\RawHeroesOfBegredeligeStudenter\project}.
09:29:08.596 [DEBUG] [org.gradle.launcher.daemon.server.DefaultIncomingConnectionHandler] Starting executing command: Build{id=c047f4c6-abde-454d-b1f7-28e654737655.1, currentDir=C:\git\RawHeroesOfBegredeligeStudenter\project} with connection: socket connection from /127.0.0.1:53339 to /127.0.0.1:53521.
09:29:08.597 [DEBUG] [org.gradle.launcher.daemon.server.DaemonStateCoordinator] Command execution: started DaemonCommandExecution[command = Build{id=c047f4c6-abde-454d-b1f7-28e654737655.1, currentDir=C:\git\RawHeroesOfBegredeligeStudenter\project}, connection = org.gradle.launcher.daemon.server.DefaultDaemonConnection@2f1b6a15] after 1.0 minutes of idle
09:29:08.598 [INFO] [org.gradle.launcher.daemon.server.DomainRegistryUpdater] Marking the daemon as busy, address: [e1ef3788-35f6-4023-902d-9eab67afbfe8 port:53339, addresses:[/127.0.0.1, /0:0:0:0:0:0:0:1]]
09:29:08.598 [DEBUG] [org.gradle.launcher.daemon.registry.PersistentDaemonRegistry] Marking busy by address: [e1ef3788-35f6-4023-902d-9eab67afbfe8 port:53339, addresses:[/127.0.0.1, /0:0:0:0:0:0:0:1]]
09:29:08.599 [DEBUG] [org.gradle.cache.internal.DefaultFileLockManager] Waiting to acquire exclusive lock on daemon addresses registry.
09:29:08.600 [DEBUG] [org.gradle.cache.internal.DefaultFileLockManager] Lock acquired.
09:29:08.605 [DEBUG] [org.gradle.cache.internal.DefaultFileLockManager] Releasing lock on daemon addresses registry.
09:29:08.606 [DEBUG] [org.gradle.launcher.daemon.server.DaemonStateCoordinator] updating lastActivityAt to 1425112148606
09:29:08.606 [DEBUG] [org.gradle.launcher.daemon.server.DaemonStateCoordinator] Daemon is busy, sleeping until state changes.
09:29:08.608 [INFO] [org.gradle.launcher.daemon.server.exec.StartBuildOrRespondWithBusy] Daemon is about to start building Build{id=c047f4c6-abde-454d-b1f7-28e654737655.1, currentDir=C:\git\RawHeroesOfBegredeligeStudenter\project}. Dispatching build started information...
09:29:08.610 [DEBUG] [org.gradle.launcher.daemon.server.SynchronizedDispatchConnection] thread 27: dispatching class org.gradle.launcher.daemon.protocol.BuildStarted
09:29:08.612 [DEBUG] [org.gradle.launcher.daemon.server.exec.EstablishBuildEnvironment] Configuring env variables: {USERPROFILE=C:\Users\espen1, ProgramData=C:\ProgramData, PATHEXT=.COM;.EXE;.BAT;.CMD;.VBS;.VBE;.JS;.JSE;.WSF;.WSH;.MSC, ProgramFiles(x86)=C:\Program Files (x86), TEMP=C:\Users\espen1\AppData\Local\Temp, SystemDrive=C:, ProgramFiles=C:\Program Files, Path=C:\Python27\;C:\ProgramData\Oracle\Java\javapath;C:\Python27\Scripts;C:\Program Files (x86)\Git\cmd;C:\WINDOWS\system32;C:\WINDOWS;C:\WINDOWS\System32\Wbem;C:\WINDOWS\System32\WindowsPowerShell\v1.0\;C:\Program Files (x86)\CodeBlocks\MinGW\bin;C:\Python27;, HOMEDRIVE=C:, PROCESSOR_REVISION=3c03, USERDOMAIN=espen, ALLUSERSPROFILE=C:\ProgramData, ProgramW6432=C:\Program Files, Python=C:\Python27\, PROCESSOR_IDENTIFIER=Intel64 Family 6 Model 60 Stepping 3, GenuineIntel, SESSIONNAME=Console, TMP=C:\Users\espen1\AppData\Local\Temp, CommonProgramFiles=C:\Program Files\Common Files, =::=::\, LOGONSERVER=\\ESPEN, PROCESSOR_ARCHITECTURE=AMD64, FP_NO_HOST_CHECK=NO, OS=Windows_NT, TVT=C:\Program Files (x86)\Lenovo, HOMEPATH=\Users\espen1, PROCESSOR_LEVEL=6, CommonProgramW6432=C:\Program Files\Common Files, USERDOMAIN_ROAMINGPROFILE=espen, configsetroot=C:\WINDOWS\ConfigSetRoot, LOCALAPPDATA=C:\Users\espen1\AppData\Local, COMPUTERNAME=ESPEN, windir=C:\WINDOWS, SystemRoot=C:\WINDOWS, NUMBER_OF_PROCESSORS=4, USERNAME=espen1, PUBLIC=C:\Users\Public, PSModulePath=C:\WINDOWS\system32\WindowsPowerShell\v1.0\Modules\, READYAPPS=C:\ProgramData\Lenovo\ReadyApps, CommonProgramFiles(x86)=C:\Program Files (x86)\Common Files, ComSpec=C:\WINDOWS\system32\cmd.exe, APPDATA=C:\Users\espen1\AppData\Roaming}
09:29:08.614 [INFO] [org.gradle.launcher.daemon.server.exec.LogToClient] About to start relaying all logs to the client via the connection.
09:29:08.615 [INFO] [org.gradle.launcher.daemon.server.exec.LogToClient] The client will now receive all logging from the daemon (pid: 5688). The daemon log file: C:\Users\espen1\.gradle\daemon\2.2\daemon-5688.out.log
09:29:08.615 [DEBUG] [org.gradle.launcher.daemon.server.exec.ExecuteBuild] The daemon has started executing the build.
09:29:08.616 [INFO] [org.gradle.launcher.daemon.server.exec.ExecuteBuild] Executing build with daemon context: DefaultDaemonContext[uid=48d2b3db-40f0-49b1-9d8e-388b3a34cd2c,javaHome=C:\Program Files\Java\jdk1.7.0_75,daemonRegistryDir=C:\Users\espen1\.gradle\daemon,pid=5688,idleTimeout=10800000,daemonOpts=-Xms128m,-Xmx512m,-Dfile.encoding=windows-1252,-Duser.country=US,-Duser.language=en,-Duser.variant]
09:29:08.624 [DEBUG] [org.gradle.launcher.daemon.server.SynchronizedDispatchConnection] thread 25: received class org.gradle.launcher.daemon.protocol.CloseInput
09:29:08.625 [DEBUG] [org.gradle.launcher.daemon.server.DefaultDaemonConnection] Received IO message from client: CloseInput[id=c047f4c6-abde-454d-b1f7-28e654737655.2]
09:29:08.626 [INFO] [org.gradle.launcher.daemon.server.exec.ForwardClientInput] Closing daemon's stdin at end of input.
09:29:08.626 [INFO] [org.gradle.launcher.daemon.server.exec.ForwardClientInput] The daemon will no longer process any standard input.
Configuration on demand is an incubating feature.
:core:compileJavawarning: [options] bootstrap class path not set in conjunction with -source 1.6
1 warning


BUILD SUCCESSFUL

Total time: 2.289 secs
09:29:10.880 [DEBUG] [org.gradle.api.internal.tasks.compile.daemon.CompilerDaemonManager] Stopping 0 compiler daemon(s).
09:29:10.881 [INFO] [org.gradle.api.internal.tasks.compile.daemon.CompilerDaemonManager] Stopped 0 compiler daemon(s).
09:29:10.881 [DEBUG] [org.gradle.cache.internal.DefaultFileLockManager] Releasing lock on initscript class cache for initialization script 'C:\Users\espen1\AppData\Local\Temp\asLocalRepo2570363383800155149.gradle' (C:\Users\espen1\.gradle\caches\2.2\scripts\asLocalRepo2570363383800155149_e5zg07w71yp85wyvwnzqyb2gj\InitScript\initscript).
09:29:10.882 [DEBUG] [org.gradle.cache.internal.DefaultFileLockManager] Releasing lock on no_initscript class cache for initialization script 'C:\Users\espen1\AppData\Local\Temp\asLocalRepo2570363383800155149.gradle' (C:\Users\espen1\.gradle\caches\2.2\scripts\asLocalRepo2570363383800155149_e5zg07w71yp85wyvwnzqyb2gj\InitScript\no_initscript).
09:29:10.882 [DEBUG] [org.gradle.cache.internal.DefaultFileLockManager] Releasing lock on buildscript class cache for settings file 'C:\git\RawHeroesOfBegredeligeStudenter\project\settings.gradle' (C:\Users\espen1\.gradle\caches\2.2\scripts\settings_azto2ifi6360hk4n1jk7opqw\SettingsScript\buildscript).
09:29:10.882 [DEBUG] [org.gradle.cache.internal.DefaultFileLockManager] Releasing lock on no_buildscript class cache for settings file 'C:\git\RawHeroesOfBegredeligeStudenter\project\settings.gradle' (C:\Users\espen1\.gradle\caches\2.2\scripts\settings_azto2ifi6360hk4n1jk7opqw\SettingsScript\no_buildscript).
09:29:10.883 [DEBUG] [org.gradle.cache.internal.DefaultFileLockManager] Releasing lock on buildscript class cache for build file 'C:\git\RawHeroesOfBegredeligeStudenter\project\build.gradle' (C:\Users\espen1\.gradle\caches\2.2\scripts\build_7xhrk7l9u7nbqis8uakom97ma\ProjectScript\buildscript).
09:29:10.883 [DEBUG] [org.gradle.cache.internal.DefaultFileLockManager] Releasing lock on no_buildscript class cache for build file 'C:\git\RawHeroesOfBegredeligeStudenter\project\build.gradle' (C:\Users\espen1\.gradle\caches\2.2\scripts\build_7xhrk7l9u7nbqis8uakom97ma\ProjectScript\no_buildscript).
09:29:10.884 [DEBUG] [org.gradle.cache.internal.DefaultFileLockManager] Releasing lock on buildscript class cache for build file 'C:\git\RawHeroesOfBegredeligeStudenter\project\core\build.gradle' (C:\Users\espen1\.gradle\caches\2.2\scripts\build_8v40sxjn07pqpjpuy17hx11t5\ProjectScript\buildscript).
09:29:10.884 [DEBUG] [org.gradle.cache.internal.DefaultFileLockManager] Releasing lock on no_buildscript class cache for build file 'C:\git\RawHeroesOfBegredeligeStudenter\project\core\build.gradle' (C:\Users\espen1\.gradle\caches\2.2\scripts\build_8v40sxjn07pqpjpuy17hx11t5\ProjectScript\no_buildscript).
09:29:10.886 [DEBUG] [org.gradle.cache.internal.btree.BTreePersistentIndexedCache] Closing cache fileHashes.bin (C:\git\RawHeroesOfBegredeligeStudenter\project\.gradle\2.2\taskArtifacts\fileHashes.bin)
09:29:10.886 [DEBUG] [org.gradle.cache.internal.btree.BTreePersistentIndexedCache] Closing cache fileSnapshots.bin (C:\git\RawHeroesOfBegredeligeStudenter\project\.gradle\2.2\taskArtifacts\fileSnapshots.bin)
09:29:10.887 [DEBUG] [org.gradle.cache.internal.btree.BTreePersistentIndexedCache] Closing cache taskArtifacts.bin (C:\git\RawHeroesOfBegredeligeStudenter\project\.gradle\2.2\taskArtifacts\taskArtifacts.bin)
09:29:10.888 [DEBUG] [org.gradle.cache.internal.DefaultFileLockManager] Releasing lock on task history cache (C:\git\RawHeroesOfBegredeligeStudenter\project\.gradle\2.2\taskArtifacts).
09:29:10.889 [DEBUG] [org.gradle.cache.internal.DefaultCacheAccess] Cache jars (C:\Users\espen1\.gradle\caches\jars-1) was closed 0 times.
09:29:10.889 [DEBUG] [org.gradle.cache.internal.DefaultCacheAccess] Cache Plugin Resolution Cache (C:\Users\espen1\.gradle\caches\2.2\plugin-resolution) was closed 0 times.
09:29:10.890 [DEBUG] [org.gradle.cache.internal.btree.BTreePersistentIndexedCache] Closing cache artifact-at-repository.bin (C:\Users\espen1\.gradle\caches\modules-2\metadata-2.14\artifact-at-repository.bin)
09:29:10.890 [DEBUG] [org.gradle.cache.internal.btree.BTreePersistentIndexedCache] Closing cache module-metadata.bin (C:\Users\espen1\.gradle\caches\modules-2\metadata-2.14\module-metadata.bin)
09:29:10.890 [DEBUG] [org.gradle.cache.internal.DefaultFileLockManager] Releasing lock on artifact cache (C:\Users\espen1\.gradle\caches\modules-2).
09:29:10.891 [DEBUG] [org.gradle.api.internal.artifacts.ivyservice.ivyresolve.memcache.InMemoryCachedRepositoryFactory] In-memory dependency metadata cache closed. Repos cached: 5, cache instances: 4, modules served from cache: 17, artifacts: 17
09:29:10.892 [DEBUG] [org.gradle.api.internal.artifacts.ivyservice.resolveengine.store.CachedStoreFactory] Resolution result cache closed. Cache reads: 0, disk reads: 0 (avg: 0.0 secs, total: 0.0 secs)
09:29:10.893 [DEBUG] [org.gradle.api.internal.artifacts.ivyservice.resolveengine.store.CachedStoreFactory] Resolved configuration cache closed. Cache reads: 0, disk reads: 0 (avg: 0.0 secs, total: 0.0 secs)
09:29:10.894 [DEBUG] [org.gradle.api.internal.artifacts.ivyservice.resolveengine.store.ResolutionResultsStoreFactory] Deleted 2 resolution results binary files in 0.002 secs
09:29:10.894 [DEBUG] [org.gradle.launcher.daemon.server.exec.ExecuteBuild] The daemon has finished executing the build.
09:29:11.362 [DEBUG] [org.gradle.launcher.daemon.server.DaemonStateCoordinator] Daemon is busy, sleeping until state changes.
09:29:11.363 [DEBUG] [org.gradle.launcher.daemon.server.DaemonStateCoordinator] Command execution: finished waiting for DaemonCommandExecution[command = Build{id=c047f4c6-abde-454d-b1f7-28e654737655.1, currentDir=C:\git\RawHeroesOfBegredeligeStudenter\project}, connection = org.gradle.launcher.daemon.server.DefaultDaemonConnection@2f1b6a15]. Result org.gradle.launcher.daemon.server.DaemonStateCoordinator@1f75fbe3 with state Running
09:29:11.363 [DEBUG] [org.gradle.launcher.daemon.server.DaemonStateCoordinator] Command execution: completed DaemonCommandExecution[command = Build{id=c047f4c6-abde-454d-b1f7-28e654737655.1, currentDir=C:\git\RawHeroesOfBegredeligeStudenter\project}, connection = org.gradle.launcher.daemon.server.DefaultDaemonConnection@2f1b6a15]
09:29:11.363 [DEBUG] [org.gradle.launcher.daemon.server.DaemonStateCoordinator] updating lastActivityAt to 1425112151363
09:29:11.364 [INFO] [org.gradle.launcher.daemon.server.DomainRegistryUpdater] Marking the daemon as idle, address: [e1ef3788-35f6-4023-902d-9eab67afbfe8 port:53339, addresses:[/127.0.0.1, /0:0:0:0:0:0:0:1]]
09:29:11.364 [DEBUG] [org.gradle.launcher.daemon.registry.PersistentDaemonRegistry] Marking idle by address: [e1ef3788-35f6-4023-902d-9eab67afbfe8 port:53339, addresses:[/127.0.0.1, /0:0:0:0:0:0:0:1]]
09:29:11.365 [DEBUG] [org.gradle.cache.internal.DefaultFileLockManager] Waiting to acquire exclusive lock on daemon addresses registry.
09:29:11.366 [DEBUG] [org.gradle.cache.internal.DefaultFileLockManager] Lock acquired.
09:29:11.369 [DEBUG] [org.gradle.cache.internal.DefaultFileLockManager] Releasing lock on daemon addresses registry.
09:29:11.370 [DEBUG] [org.gradle.launcher.daemon.server.DaemonStateCoordinator] Daemon is idle, sleeping until state change or idle timeout at Sat Feb 28 12:29:11 CET 2015
09:29:11.371 [DEBUG] [org.gradle.launcher.daemon.server.exec.ReturnResult] Daemon is dispatching the build result: DaemonCommandResult[type=Success, value=org.gradle.tooling.internal.provider.BuildActionResult@613759b5]
09:29:11.371 [DEBUG] [org.gradle.launcher.daemon.server.SynchronizedDispatchConnection] thread 24: dispatching class org.gradle.launcher.daemon.protocol.Success
09:29:11.373 [DEBUG] [org.gradle.launcher.daemon.server.DefaultIncomingConnectionHandler] Finishing executing command: Build{id=c047f4c6-abde-454d-b1f7-28e654737655.1, currentDir=C:\git\RawHeroesOfBegredeligeStudenter\project}
09:29:11.379 [DEBUG] [org.gradle.launcher.daemon.server.SynchronizedDispatchConnection] thread 25: received class org.gradle.launcher.daemon.protocol.Finished
09:29:11.379 [DEBUG] [org.gradle.launcher.daemon.server.DefaultDaemonConnection] Received non-IO message from client: org.gradle.launcher.daemon.protocol.Finished@528a5006
09:29:11.380 [DEBUG] [org.gradle.launcher.daemon.server.DefaultIncomingConnectionHandler] Received finished message: org.gradle.launcher.daemon.protocol.Finished@528a5006
09:29:11.380 [DEBUG] [org.gradle.launcher.daemon.server.SynchronizedDispatchConnection] thread 25: received null
09:29:11.380 [DEBUG] [org.gradle.launcher.daemon.server.SynchronizedDispatchConnection] thread 24: stopping connection
09:29:11.381 [DEBUG] [org.gradle.launcher.daemon.server.DefaultDaemonConnection] Received end-of-input from client.
09:29:11.382 [DEBUG] [org.gradle.launcher.daemon.server.SynchronizedDispatchConnection] thread 24: stopping connection
12:29:11.398 [DEBUG] [org.gradle.launcher.daemon.server.DaemonStateCoordinator] Idle timeout: daemon has been idle for requested period. Stopping now.
12:29:11.481 [DEBUG] [org.gradle.launcher.daemon.server.DaemonStateCoordinator] Marking daemon stopped due to idle timeout. The daemon is running a build: false
12:29:11.485 [DEBUG] [org.gradle.launcher.daemon.server.Daemon] stop() called on daemon
12:29:11.488 [INFO] [org.gradle.launcher.daemon.server.Daemon] Stop requested. Daemon is removing its presence from the registry...
12:29:11.518 [DEBUG] [org.gradle.launcher.daemon.server.DomainRegistryUpdater] Removing our presence to clients, eg. removing this address from the registry: [e1ef3788-35f6-4023-902d-9eab67afbfe8 port:53339, addresses:[/127.0.0.1, /0:0:0:0:0:0:0:1]]
12:29:11.521 [DEBUG] [org.gradle.launcher.daemon.registry.PersistentDaemonRegistry] Removing daemon address: [e1ef3788-35f6-4023-902d-9eab67afbfe8 port:53339, addresses:[/127.0.0.1, /0:0:0:0:0:0:0:1]]
12:29:11.678 [DEBUG] [org.gradle.cache.internal.DefaultFileLockManager] Waiting to acquire exclusive lock on daemon addresses registry.
12:29:11.690 [DEBUG] [org.gradle.cache.internal.DefaultFileLockManager] Lock acquired.
12:29:11.774 [DEBUG] [org.gradle.cache.internal.DefaultFileLockManager] Releasing lock on daemon addresses registry.
12:29:11.778 [DEBUG] [org.gradle.launcher.daemon.server.DomainRegistryUpdater] Address removed from registry.
Daemon vm is shutting down... The daemon has exited normally or was terminated in response to a user interrupt.
12:29:11.866 [DEBUG] [org.gradle.launcher.daemon.registry.PersistentDaemonRegistry] Removing daemon address: [e1ef3788-35f6-4023-902d-9eab67afbfe8 port:53339, addresses:[/127.0.0.1, /0:0:0:0:0:0:0:1]]
12:29:11.869 [DEBUG] [org.gradle.cache.internal.DefaultFileLockManager] Waiting to acquire exclusive lock on daemon addresses registry.
12:29:11.872 [DEBUG] [org.gradle.cache.internal.DefaultFileLockManager] Lock acquired.
12:29:11.877 [DEBUG] [org.gradle.cache.internal.DefaultFileLockManager] Releasing lock on daemon addresses registry.
