17:36:34.619 [INFO] [org.gradle.launcher.daemon.server.Daemon] start() called on daemon - DefaultDaemonContext[uid=7d028c62-cda8-456b-b04a-40614d2325e0,javaHome=C:\Program Files\Java\jdk1.7.0_75,daemonRegistryDir=C:\Users\espen1\.gradle\daemon,pid=7648,idleTimeout=10800000,daemonOpts=-Xms128m,-Xmx512m,-Dfile.encoding=windows-1252,-Duser.country=US,-Duser.language=en,-Duser.variant]
17:36:34.629 [DEBUG] [org.gradle.launcher.daemon.server.DaemonStateCoordinator] updating lastActivityAt to 1425486994629
17:36:34.711 [DEBUG] [org.gradle.messaging.remote.internal.inet.InetAddressFactory] Adding IP addresses for network interface Software Loopback Interface 1
17:36:34.717 [DEBUG] [org.gradle.messaging.remote.internal.inet.InetAddressFactory] Is this a loopback interface? true
17:36:34.719 [DEBUG] [org.gradle.messaging.remote.internal.inet.InetAddressFactory] Is this a multicast interface? true
17:36:34.721 [DEBUG] [org.gradle.messaging.remote.internal.inet.InetAddressFactory] Adding loopback address /127.0.0.1
17:36:34.722 [DEBUG] [org.gradle.messaging.remote.internal.inet.InetAddressFactory] Adding loopback address /0:0:0:0:0:0:0:1
17:36:34.724 [DEBUG] [org.gradle.messaging.remote.internal.inet.InetAddressFactory] Adding loopback multicast interface Software Loopback Interface 1
17:36:34.739 [DEBUG] [org.gradle.messaging.remote.internal.inet.InetAddressFactory] Adding IP addresses for network interface Microsoft Kernel Debug Network Adapter
17:36:34.757 [DEBUG] [org.gradle.messaging.remote.internal.inet.InetAddressFactory] Is this a loopback interface? false
17:36:34.762 [DEBUG] [org.gradle.messaging.remote.internal.inet.InetAddressFactory] Is this a multicast interface? true
17:36:34.764 [DEBUG] [org.gradle.messaging.remote.internal.inet.InetAddressFactory] Adding loopback multicast interface Microsoft Kernel Debug Network Adapter
17:36:34.766 [DEBUG] [org.gradle.messaging.remote.internal.inet.InetAddressFactory] Adding IP addresses for network interface Intel(R) Wireless-N 7260
17:36:34.769 [DEBUG] [org.gradle.messaging.remote.internal.inet.InetAddressFactory] Is this a loopback interface? false
17:36:34.772 [DEBUG] [org.gradle.messaging.remote.internal.inet.InetAddressFactory] Is this a multicast interface? true
17:36:34.774 [DEBUG] [org.gradle.messaging.remote.internal.inet.InetAddressFactory] Adding remote address /10.0.0.2
17:36:34.775 [DEBUG] [org.gradle.messaging.remote.internal.inet.InetAddressFactory] Adding remote address /fe80:0:0:0:25d6:68f1:8562:1041%3
17:36:34.777 [DEBUG] [org.gradle.messaging.remote.internal.inet.InetAddressFactory] Adding remote multicast interface Intel(R) Wireless-N 7260
17:36:34.779 [DEBUG] [org.gradle.messaging.remote.internal.inet.InetAddressFactory] Adding IP addresses for network interface Realtek PCIe GBE Family Controller
17:36:34.787 [DEBUG] [org.gradle.messaging.remote.internal.inet.InetAddressFactory] Is this a loopback interface? false
17:36:34.790 [DEBUG] [org.gradle.messaging.remote.internal.inet.InetAddressFactory] Is this a multicast interface? true
17:36:34.791 [DEBUG] [org.gradle.messaging.remote.internal.inet.InetAddressFactory] Adding remote address /fe80:0:0:0:577:32bf:f7d9:efd4%4
17:36:34.791 [DEBUG] [org.gradle.messaging.remote.internal.inet.InetAddressFactory] Adding remote multicast interface Realtek PCIe GBE Family Controller
17:36:34.792 [DEBUG] [org.gradle.messaging.remote.internal.inet.InetAddressFactory] Adding IP addresses for network interface Ericsson N5321 gw
17:36:34.806 [DEBUG] [org.gradle.messaging.remote.internal.inet.InetAddressFactory] Is this a loopback interface? false
17:36:34.811 [DEBUG] [org.gradle.messaging.remote.internal.inet.InetAddressFactory] Is this a multicast interface? true
17:36:34.817 [DEBUG] [org.gradle.messaging.remote.internal.inet.InetAddressFactory] Adding remote address /fe80:0:0:0:2cc2:a3c3:2018:847a%5
17:36:34.822 [DEBUG] [org.gradle.messaging.remote.internal.inet.InetAddressFactory] Adding remote multicast interface Ericsson N5321 gw
17:36:34.823 [DEBUG] [org.gradle.messaging.remote.internal.inet.InetAddressFactory] Adding IP addresses for network interface Bluetooth Device (RFCOMM Protocol TDI)
17:36:34.827 [DEBUG] [org.gradle.messaging.remote.internal.inet.InetAddressFactory] Is this a loopback interface? false
17:36:34.829 [DEBUG] [org.gradle.messaging.remote.internal.inet.InetAddressFactory] Is this a multicast interface? true
17:36:34.829 [DEBUG] [org.gradle.messaging.remote.internal.inet.InetAddressFactory] Adding loopback multicast interface Bluetooth Device (RFCOMM Protocol TDI)
17:36:34.831 [DEBUG] [org.gradle.messaging.remote.internal.inet.InetAddressFactory] Adding IP addresses for network interface Bluetooth Device (Personal Area Network)
17:36:34.833 [DEBUG] [org.gradle.messaging.remote.internal.inet.InetAddressFactory] Is this a loopback interface? false
17:36:34.837 [DEBUG] [org.gradle.messaging.remote.internal.inet.InetAddressFactory] Is this a multicast interface? true
17:36:34.838 [DEBUG] [org.gradle.messaging.remote.internal.inet.InetAddressFactory] Adding remote address /fe80:0:0:0:8839:eda5:2b99:9333%7
17:36:34.839 [DEBUG] [org.gradle.messaging.remote.internal.inet.InetAddressFactory] Adding remote multicast interface Bluetooth Device (Personal Area Network)
17:36:34.846 [DEBUG] [org.gradle.messaging.remote.internal.inet.InetAddressFactory] Adding IP addresses for network interface Microsoft ISATAP Adapter
17:36:34.849 [DEBUG] [org.gradle.messaging.remote.internal.inet.InetAddressFactory] Is this a loopback interface? false
17:36:34.852 [DEBUG] [org.gradle.messaging.remote.internal.inet.InetAddressFactory] Is this a multicast interface? false
17:36:34.852 [DEBUG] [org.gradle.messaging.remote.internal.inet.InetAddressFactory] Adding remote address /fe80:0:0:0:0:5efe:a00:2%8
17:36:34.853 [DEBUG] [org.gradle.messaging.remote.internal.inet.InetAddressFactory] Adding IP addresses for network interface Microsoft ISATAP Adapter #2
17:36:34.855 [DEBUG] [org.gradle.messaging.remote.internal.inet.InetAddressFactory] Is this a loopback interface? false
17:36:34.857 [DEBUG] [org.gradle.messaging.remote.internal.inet.InetAddressFactory] Is this a multicast interface? true
17:36:34.857 [DEBUG] [org.gradle.messaging.remote.internal.inet.InetAddressFactory] Adding loopback multicast interface Microsoft ISATAP Adapter #2
17:36:34.858 [DEBUG] [org.gradle.messaging.remote.internal.inet.InetAddressFactory] Adding IP addresses for network interface Microsoft ISATAP Adapter #3
17:36:34.860 [DEBUG] [org.gradle.messaging.remote.internal.inet.InetAddressFactory] Is this a loopback interface? false
17:36:34.862 [DEBUG] [org.gradle.messaging.remote.internal.inet.InetAddressFactory] Is this a multicast interface? true
17:36:34.863 [DEBUG] [org.gradle.messaging.remote.internal.inet.InetAddressFactory] Adding loopback multicast interface Microsoft ISATAP Adapter #3
17:36:34.866 [DEBUG] [org.gradle.messaging.remote.internal.inet.InetAddressFactory] Adding IP addresses for network interface Microsoft 6to4 Adapter
17:36:34.877 [DEBUG] [org.gradle.messaging.remote.internal.inet.InetAddressFactory] Is this a loopback interface? false
17:36:34.890 [DEBUG] [org.gradle.messaging.remote.internal.inet.InetAddressFactory] Is this a multicast interface? true
17:36:34.892 [DEBUG] [org.gradle.messaging.remote.internal.inet.InetAddressFactory] Adding loopback multicast interface Microsoft 6to4 Adapter
17:36:34.893 [DEBUG] [org.gradle.messaging.remote.internal.inet.InetAddressFactory] Adding IP addresses for network interface Teredo Tunneling Pseudo-Interface
17:36:34.896 [DEBUG] [org.gradle.messaging.remote.internal.inet.InetAddressFactory] Is this a loopback interface? false
17:36:34.899 [DEBUG] [org.gradle.messaging.remote.internal.inet.InetAddressFactory] Is this a multicast interface? false
17:36:34.900 [DEBUG] [org.gradle.messaging.remote.internal.inet.InetAddressFactory] Adding remote address /2001:0:5ef5:79fd:30bc:d125:af2b:3be6
17:36:34.901 [DEBUG] [org.gradle.messaging.remote.internal.inet.InetAddressFactory] Adding remote address /fe80:0:0:0:30bc:d125:af2b:3be6%12
17:36:34.902 [DEBUG] [org.gradle.messaging.remote.internal.inet.InetAddressFactory] Adding IP addresses for network interface Microsoft Hosted Network Virtual Adapter
17:36:34.905 [DEBUG] [org.gradle.messaging.remote.internal.inet.InetAddressFactory] Is this a loopback interface? false
17:36:34.908 [DEBUG] [org.gradle.messaging.remote.internal.inet.InetAddressFactory] Is this a multicast interface? true
17:36:34.909 [DEBUG] [org.gradle.messaging.remote.internal.inet.InetAddressFactory] Adding remote address /fe80:0:0:0:4dc8:3e30:ddfa:e624%13
17:36:34.911 [DEBUG] [org.gradle.messaging.remote.internal.inet.InetAddressFactory] Adding remote multicast interface Microsoft Hosted Network Virtual Adapter
17:36:34.912 [DEBUG] [org.gradle.messaging.remote.internal.inet.InetAddressFactory] Adding IP addresses for network interface Microsoft Wi-Fi Direct Virtual Adapter
17:36:34.916 [DEBUG] [org.gradle.messaging.remote.internal.inet.InetAddressFactory] Is this a loopback interface? false
17:36:34.919 [DEBUG] [org.gradle.messaging.remote.internal.inet.InetAddressFactory] Is this a multicast interface? true
17:36:34.920 [DEBUG] [org.gradle.messaging.remote.internal.inet.InetAddressFactory] Adding remote address /fe80:0:0:0:9055:8bb1:c930:8583%14
17:36:34.921 [DEBUG] [org.gradle.messaging.remote.internal.inet.InetAddressFactory] Adding remote multicast interface Microsoft Wi-Fi Direct Virtual Adapter
17:36:34.922 [DEBUG] [org.gradle.messaging.remote.internal.inet.InetAddressFactory] Adding IP addresses for network interface Microsoft ISATAP Adapter #4
17:36:34.926 [DEBUG] [org.gradle.messaging.remote.internal.inet.InetAddressFactory] Is this a loopback interface? false
17:36:34.945 [DEBUG] [org.gradle.messaging.remote.internal.inet.InetAddressFactory] Is this a multicast interface? true
17:36:34.948 [DEBUG] [org.gradle.messaging.remote.internal.inet.InetAddressFactory] Adding loopback multicast interface Microsoft ISATAP Adapter #4
17:36:34.949 [DEBUG] [org.gradle.messaging.remote.internal.inet.InetAddressFactory] Adding IP addresses for network interface Cisco AnyConnect Secure Mobility Client Virtual Miniport Adapter for Windows x64
17:36:34.955 [DEBUG] [org.gradle.messaging.remote.internal.inet.InetAddressFactory] Is this a loopback interface? false
17:36:34.958 [DEBUG] [org.gradle.messaging.remote.internal.inet.InetAddressFactory] Is this a multicast interface? true
17:36:34.959 [DEBUG] [org.gradle.messaging.remote.internal.inet.InetAddressFactory] Adding loopback multicast interface Cisco AnyConnect Secure Mobility Client Virtual Miniport Adapter for Windows x64
17:36:34.961 [DEBUG] [org.gradle.messaging.remote.internal.inet.InetAddressFactory] Adding IP addresses for network interface Microsoft ISATAP Adapter #5
17:36:34.963 [DEBUG] [org.gradle.messaging.remote.internal.inet.InetAddressFactory] Is this a loopback interface? false
17:36:34.965 [DEBUG] [org.gradle.messaging.remote.internal.inet.InetAddressFactory] Is this a multicast interface? true
17:36:34.965 [DEBUG] [org.gradle.messaging.remote.internal.inet.InetAddressFactory] Adding loopback multicast interface Microsoft ISATAP Adapter #5
17:36:34.966 [DEBUG] [org.gradle.messaging.remote.internal.inet.InetAddressFactory] Adding IP addresses for network interface Microsoft ISATAP Adapter #6
17:36:34.968 [DEBUG] [org.gradle.messaging.remote.internal.inet.InetAddressFactory] Is this a loopback interface? false
17:36:34.971 [DEBUG] [org.gradle.messaging.remote.internal.inet.InetAddressFactory] Is this a multicast interface? true
17:36:34.972 [DEBUG] [org.gradle.messaging.remote.internal.inet.InetAddressFactory] Adding loopback multicast interface Microsoft ISATAP Adapter #6
17:36:34.972 [DEBUG] [org.gradle.messaging.remote.internal.inet.InetAddressFactory] Adding IP addresses for network interface Realtek PCIe GBE Family Controller-WFP Native MAC Layer LightWeight Filter-0000
17:36:34.974 [DEBUG] [org.gradle.messaging.remote.internal.inet.InetAddressFactory] Is this a loopback interface? false
17:36:34.976 [DEBUG] [org.gradle.messaging.remote.internal.inet.InetAddressFactory] Is this a multicast interface? true
17:36:34.977 [DEBUG] [org.gradle.messaging.remote.internal.inet.InetAddressFactory] Adding loopback multicast interface Realtek PCIe GBE Family Controller-WFP Native MAC Layer LightWeight Filter-0000
17:36:34.977 [DEBUG] [org.gradle.messaging.remote.internal.inet.InetAddressFactory] Adding IP addresses for network interface Realtek PCIe GBE Family Controller-QoS Packet Scheduler-0000
17:36:34.979 [DEBUG] [org.gradle.messaging.remote.internal.inet.InetAddressFactory] Is this a loopback interface? false
17:36:34.981 [DEBUG] [org.gradle.messaging.remote.internal.inet.InetAddressFactory] Is this a multicast interface? true
17:36:34.982 [DEBUG] [org.gradle.messaging.remote.internal.inet.InetAddressFactory] Adding loopback multicast interface Realtek PCIe GBE Family Controller-QoS Packet Scheduler-0000
17:36:34.983 [DEBUG] [org.gradle.messaging.remote.internal.inet.InetAddressFactory] Adding IP addresses for network interface Realtek PCIe GBE Family Controller-WFP 802.3 MAC Layer LightWeight Filter-0000
17:36:34.987 [DEBUG] [org.gradle.messaging.remote.internal.inet.InetAddressFactory] Is this a loopback interface? false
17:36:34.989 [DEBUG] [org.gradle.messaging.remote.internal.inet.InetAddressFactory] Is this a multicast interface? true
17:36:34.989 [DEBUG] [org.gradle.messaging.remote.internal.inet.InetAddressFactory] Adding loopback multicast interface Realtek PCIe GBE Family Controller-WFP 802.3 MAC Layer LightWeight Filter-0000
17:36:34.991 [DEBUG] [org.gradle.messaging.remote.internal.inet.InetAddressFactory] Adding IP addresses for network interface Ericsson N5321 gw-WFP Native MAC Layer LightWeight Filter-0000
17:36:34.993 [DEBUG] [org.gradle.messaging.remote.internal.inet.InetAddressFactory] Is this a loopback interface? false
17:36:34.995 [DEBUG] [org.gradle.messaging.remote.internal.inet.InetAddressFactory] Is this a multicast interface? true
17:36:34.996 [DEBUG] [org.gradle.messaging.remote.internal.inet.InetAddressFactory] Adding loopback multicast interface Ericsson N5321 gw-WFP Native MAC Layer LightWeight Filter-0000
17:36:34.996 [DEBUG] [org.gradle.messaging.remote.internal.inet.InetAddressFactory] Adding IP addresses for network interface Ericsson N5321 gw-Virtual WiFi Filter Driver-0000
17:36:34.999 [DEBUG] [org.gradle.messaging.remote.internal.inet.InetAddressFactory] Is this a loopback interface? false
17:36:35.001 [DEBUG] [org.gradle.messaging.remote.internal.inet.InetAddressFactory] Is this a multicast interface? true
17:36:35.001 [DEBUG] [org.gradle.messaging.remote.internal.inet.InetAddressFactory] Adding loopback multicast interface Ericsson N5321 gw-Virtual WiFi Filter Driver-0000
17:36:35.002 [DEBUG] [org.gradle.messaging.remote.internal.inet.InetAddressFactory] Adding IP addresses for network interface Intel(R) Wireless-N 7260-WFP Native MAC Layer LightWeight Filter-0000
17:36:35.004 [DEBUG] [org.gradle.messaging.remote.internal.inet.InetAddressFactory] Is this a loopback interface? false
17:36:35.006 [DEBUG] [org.gradle.messaging.remote.internal.inet.InetAddressFactory] Is this a multicast interface? true
17:36:35.006 [DEBUG] [org.gradle.messaging.remote.internal.inet.InetAddressFactory] Adding loopback multicast interface Intel(R) Wireless-N 7260-WFP Native MAC Layer LightWeight Filter-0000
17:36:35.007 [DEBUG] [org.gradle.messaging.remote.internal.inet.InetAddressFactory] Adding IP addresses for network interface Intel(R) Wireless-N 7260-Virtual WiFi Filter Driver-0000
17:36:35.009 [DEBUG] [org.gradle.messaging.remote.internal.inet.InetAddressFactory] Is this a loopback interface? false
17:36:35.011 [DEBUG] [org.gradle.messaging.remote.internal.inet.InetAddressFactory] Is this a multicast interface? true
17:36:35.012 [DEBUG] [org.gradle.messaging.remote.internal.inet.InetAddressFactory] Adding loopback multicast interface Intel(R) Wireless-N 7260-Virtual WiFi Filter Driver-0000
17:36:35.012 [DEBUG] [org.gradle.messaging.remote.internal.inet.InetAddressFactory] Adding IP addresses for network interface Intel(R) Wireless-N 7260-Native WiFi Filter Driver-0000
17:36:35.015 [DEBUG] [org.gradle.messaging.remote.internal.inet.InetAddressFactory] Is this a loopback interface? false
17:36:35.017 [DEBUG] [org.gradle.messaging.remote.internal.inet.InetAddressFactory] Is this a multicast interface? true
17:36:35.019 [DEBUG] [org.gradle.messaging.remote.internal.inet.InetAddressFactory] Adding loopback multicast interface Intel(R) Wireless-N 7260-Native WiFi Filter Driver-0000
17:36:35.020 [DEBUG] [org.gradle.messaging.remote.internal.inet.InetAddressFactory] Adding IP addresses for network interface Intel(R) Wireless-N 7260-QoS Packet Scheduler-0000
17:36:35.023 [DEBUG] [org.gradle.messaging.remote.internal.inet.InetAddressFactory] Is this a loopback interface? false
17:36:35.027 [DEBUG] [org.gradle.messaging.remote.internal.inet.InetAddressFactory] Is this a multicast interface? true
17:36:35.029 [DEBUG] [org.gradle.messaging.remote.internal.inet.InetAddressFactory] Adding loopback multicast interface Intel(R) Wireless-N 7260-QoS Packet Scheduler-0000
17:36:35.029 [DEBUG] [org.gradle.messaging.remote.internal.inet.InetAddressFactory] Adding IP addresses for network interface Intel(R) Wireless-N 7260-WFP 802.3 MAC Layer LightWeight Filter-0000
17:36:35.031 [DEBUG] [org.gradle.messaging.remote.internal.inet.InetAddressFactory] Is this a loopback interface? false
17:36:35.033 [DEBUG] [org.gradle.messaging.remote.internal.inet.InetAddressFactory] Is this a multicast interface? true
17:36:35.035 [DEBUG] [org.gradle.messaging.remote.internal.inet.InetAddressFactory] Adding loopback multicast interface Intel(R) Wireless-N 7260-WFP 802.3 MAC Layer LightWeight Filter-0000
17:36:35.035 [DEBUG] [org.gradle.messaging.remote.internal.inet.InetAddressFactory] Adding IP addresses for network interface Microsoft Hosted Network Virtual Adapter-WFP Native MAC Layer LightWeight Filter-0000
17:36:35.037 [DEBUG] [org.gradle.messaging.remote.internal.inet.InetAddressFactory] Is this a loopback interface? false
17:36:35.039 [DEBUG] [org.gradle.messaging.remote.internal.inet.InetAddressFactory] Is this a multicast interface? true
17:36:35.040 [DEBUG] [org.gradle.messaging.remote.internal.inet.InetAddressFactory] Adding loopback multicast interface Microsoft Hosted Network Virtual Adapter-WFP Native MAC Layer LightWeight Filter-0000
17:36:35.040 [DEBUG] [org.gradle.messaging.remote.internal.inet.InetAddressFactory] Adding IP addresses for network interface Microsoft Hosted Network Virtual Adapter-Native WiFi Filter Driver-0000
17:36:35.056 [DEBUG] [org.gradle.messaging.remote.internal.inet.InetAddressFactory] Is this a loopback interface? false
17:36:35.057 [DEBUG] [org.gradle.messaging.remote.internal.inet.InetAddressFactory] Is this a multicast interface? true
17:36:35.058 [DEBUG] [org.gradle.messaging.remote.internal.inet.InetAddressFactory] Adding loopback multicast interface Microsoft Hosted Network Virtual Adapter-Native WiFi Filter Driver-0000
17:36:35.058 [DEBUG] [org.gradle.messaging.remote.internal.inet.InetAddressFactory] Adding IP addresses for network interface Microsoft Hosted Network Virtual Adapter-QoS Packet Scheduler-0000
17:36:35.060 [DEBUG] [org.gradle.messaging.remote.internal.inet.InetAddressFactory] Is this a loopback interface? false
17:36:35.062 [DEBUG] [org.gradle.messaging.remote.internal.inet.InetAddressFactory] Is this a multicast interface? true
17:36:35.062 [DEBUG] [org.gradle.messaging.remote.internal.inet.InetAddressFactory] Adding loopback multicast interface Microsoft Hosted Network Virtual Adapter-QoS Packet Scheduler-0000
17:36:35.063 [DEBUG] [org.gradle.messaging.remote.internal.inet.InetAddressFactory] Adding IP addresses for network interface Microsoft Hosted Network Virtual Adapter-WFP 802.3 MAC Layer LightWeight Filter-0000
17:36:35.064 [DEBUG] [org.gradle.messaging.remote.internal.inet.InetAddressFactory] Is this a loopback interface? false
17:36:35.066 [DEBUG] [org.gradle.messaging.remote.internal.inet.InetAddressFactory] Is this a multicast interface? true
17:36:35.066 [DEBUG] [org.gradle.messaging.remote.internal.inet.InetAddressFactory] Adding loopback multicast interface Microsoft Hosted Network Virtual Adapter-WFP 802.3 MAC Layer LightWeight Filter-0000
17:36:35.067 [DEBUG] [org.gradle.messaging.remote.internal.inet.InetAddressFactory] Adding IP addresses for network interface Microsoft Wi-Fi Direct Virtual Adapter-WFP Native MAC Layer LightWeight Filter-0000
17:36:35.069 [DEBUG] [org.gradle.messaging.remote.internal.inet.InetAddressFactory] Is this a loopback interface? false
17:36:35.071 [DEBUG] [org.gradle.messaging.remote.internal.inet.InetAddressFactory] Is this a multicast interface? true
17:36:35.071 [DEBUG] [org.gradle.messaging.remote.internal.inet.InetAddressFactory] Adding loopback multicast interface Microsoft Wi-Fi Direct Virtual Adapter-WFP Native MAC Layer LightWeight Filter-0000
17:36:35.072 [DEBUG] [org.gradle.messaging.remote.internal.inet.InetAddressFactory] Adding IP addresses for network interface Microsoft Wi-Fi Direct Virtual Adapter-Native WiFi Filter Driver-0000
17:36:35.074 [DEBUG] [org.gradle.messaging.remote.internal.inet.InetAddressFactory] Is this a loopback interface? false
17:36:35.075 [DEBUG] [org.gradle.messaging.remote.internal.inet.InetAddressFactory] Is this a multicast interface? true
17:36:35.076 [DEBUG] [org.gradle.messaging.remote.internal.inet.InetAddressFactory] Adding loopback multicast interface Microsoft Wi-Fi Direct Virtual Adapter-Native WiFi Filter Driver-0000
17:36:35.076 [DEBUG] [org.gradle.messaging.remote.internal.inet.InetAddressFactory] Adding IP addresses for network interface Microsoft Wi-Fi Direct Virtual Adapter-QoS Packet Scheduler-0000
17:36:35.078 [DEBUG] [org.gradle.messaging.remote.internal.inet.InetAddressFactory] Is this a loopback interface? false
17:36:35.079 [DEBUG] [org.gradle.messaging.remote.internal.inet.InetAddressFactory] Is this a multicast interface? true
17:36:35.080 [DEBUG] [org.gradle.messaging.remote.internal.inet.InetAddressFactory] Adding loopback multicast interface Microsoft Wi-Fi Direct Virtual Adapter-QoS Packet Scheduler-0000
17:36:35.080 [DEBUG] [org.gradle.messaging.remote.internal.inet.InetAddressFactory] Adding IP addresses for network interface Microsoft Wi-Fi Direct Virtual Adapter-WFP 802.3 MAC Layer LightWeight Filter-0000
17:36:35.082 [DEBUG] [org.gradle.messaging.remote.internal.inet.InetAddressFactory] Is this a loopback interface? false
17:36:35.084 [DEBUG] [org.gradle.messaging.remote.internal.inet.InetAddressFactory] Is this a multicast interface? true
17:36:35.085 [DEBUG] [org.gradle.messaging.remote.internal.inet.InetAddressFactory] Adding loopback multicast interface Microsoft Wi-Fi Direct Virtual Adapter-WFP 802.3 MAC Layer LightWeight Filter-0000
17:36:35.090 [DEBUG] [org.gradle.messaging.remote.internal.inet.TcpIncomingConnector] Listening on [7489fc6b-5f11-4109-8c63-27a27f3b27e9 port:64455, addresses:[/127.0.0.1, /0:0:0:0:0:0:0:1]].
17:36:35.094 [DEBUG] [org.gradle.launcher.daemon.server.Daemon] Daemon starting at: Wed Mar 04 17:36:35 CET 2015, with address: [7489fc6b-5f11-4109-8c63-27a27f3b27e9 port:64455, addresses:[/127.0.0.1, /0:0:0:0:0:0:0:1]]
17:36:35.094 [INFO] [org.gradle.launcher.daemon.server.DomainRegistryUpdater] Advertising the daemon address to the clients: [7489fc6b-5f11-4109-8c63-27a27f3b27e9 port:64455, addresses:[/127.0.0.1, /0:0:0:0:0:0:0:1]]
17:36:35.096 [DEBUG] [org.gradle.launcher.daemon.server.DomainRegistryUpdater] Advertised daemon context: DefaultDaemonContext[uid=7d028c62-cda8-456b-b04a-40614d2325e0,javaHome=C:\Program Files\Java\jdk1.7.0_75,daemonRegistryDir=C:\Users\espen1\.gradle\daemon,pid=7648,idleTimeout=10800000,daemonOpts=-Xms128m,-Xmx512m,-Dfile.encoding=windows-1252,-Duser.country=US,-Duser.language=en,-Duser.variant]
17:36:35.096 [DEBUG] [org.gradle.launcher.daemon.registry.PersistentDaemonRegistry] Storing daemon address: [7489fc6b-5f11-4109-8c63-27a27f3b27e9 port:64455, addresses:[/127.0.0.1, /0:0:0:0:0:0:0:1]], context: DefaultDaemonContext[uid=7d028c62-cda8-456b-b04a-40614d2325e0,javaHome=C:\Program Files\Java\jdk1.7.0_75,daemonRegistryDir=C:\Users\espen1\.gradle\daemon,pid=7648,idleTimeout=10800000,daemonOpts=-Xms128m,-Xmx512m,-Dfile.encoding=windows-1252,-Duser.country=US,-Duser.language=en,-Duser.variant]
17:36:35.110 [DEBUG] [org.gradle.cache.internal.DefaultFileLockManager] Waiting to acquire exclusive lock on daemon addresses registry.
17:36:35.114 [DEBUG] [org.gradle.cache.internal.DefaultFileLockManager] Lock acquired.
17:36:35.214 [DEBUG] [org.gradle.cache.internal.DefaultFileLockManager] Releasing lock on daemon addresses registry.
17:36:35.216 [LIFECYCLE] [org.gradle.launcher.daemon.server.Daemon] Daemon server started.
17:36:35.220 [DEBUG] [org.gradle.launcher.daemon.bootstrap.DaemonStartupCommunication] Completed writing the daemon greeting. Closing streams...
17:36:35.223 [DEBUG] [org.gradle.launcher.daemon.server.Daemon] requestStopOnIdleTimeout(10800000 MILLISECONDS) called on daemon
17:36:35.224 [DEBUG] [org.gradle.launcher.daemon.server.DaemonStateCoordinator] Idle timeout: waiting for daemon to stop or be idle for 10800000ms
17:36:35.226 [DEBUG] [org.gradle.launcher.daemon.server.DaemonStateCoordinator] Daemon is idle, sleeping until state change or idle timeout at Wed Mar 04 20:36:34 CET 2015
17:36:35.233 [DEBUG] [org.gradle.messaging.remote.internal.inet.TcpIncomingConnector] Accepted connection from /127.0.0.1:64456 to /127.0.0.1:64455.
17:36:35.308 [DEBUG] [org.gradle.launcher.daemon.server.SynchronizedDispatchConnection] thread 14: received class org.gradle.launcher.daemon.protocol.Build
17:36:35.309 [DEBUG] [org.gradle.launcher.daemon.server.DefaultDaemonConnection] Received non-IO message from client: Build{id=a0a8bc07-82a0-47b6-9655-1ed03d143a3e.1, currentDir=C:\Users\espen1\.AndroidStudio\system\compile-server}
17:36:35.310 [INFO] [org.gradle.launcher.daemon.server.DefaultIncomingConnectionHandler] Received command: Build{id=a0a8bc07-82a0-47b6-9655-1ed03d143a3e.1, currentDir=C:\Users\espen1\.AndroidStudio\system\compile-server}.
17:36:35.311 [DEBUG] [org.gradle.launcher.daemon.server.DefaultIncomingConnectionHandler] Starting executing command: Build{id=a0a8bc07-82a0-47b6-9655-1ed03d143a3e.1, currentDir=C:\Users\espen1\.AndroidStudio\system\compile-server} with connection: socket connection from /127.0.0.1:64455 to /127.0.0.1:64456.
17:36:35.322 [DEBUG] [org.gradle.launcher.daemon.server.DaemonStateCoordinator] Command execution: started DaemonCommandExecution[command = Build{id=a0a8bc07-82a0-47b6-9655-1ed03d143a3e.1, currentDir=C:\Users\espen1\.AndroidStudio\system\compile-server}, connection = org.gradle.launcher.daemon.server.DefaultDaemonConnection@151514b2] after 0.0 minutes of idle
17:36:35.323 [INFO] [org.gradle.launcher.daemon.server.DomainRegistryUpdater] Marking the daemon as busy, address: [7489fc6b-5f11-4109-8c63-27a27f3b27e9 port:64455, addresses:[/127.0.0.1, /0:0:0:0:0:0:0:1]]
17:36:35.323 [DEBUG] [org.gradle.launcher.daemon.registry.PersistentDaemonRegistry] Marking busy by address: [7489fc6b-5f11-4109-8c63-27a27f3b27e9 port:64455, addresses:[/127.0.0.1, /0:0:0:0:0:0:0:1]]
17:36:35.324 [DEBUG] [org.gradle.cache.internal.DefaultFileLockManager] Waiting to acquire exclusive lock on daemon addresses registry.
17:36:35.325 [DEBUG] [org.gradle.cache.internal.DefaultFileLockManager] Lock acquired.
17:36:35.330 [DEBUG] [org.gradle.cache.internal.DefaultFileLockManager] Releasing lock on daemon addresses registry.
17:36:35.331 [DEBUG] [org.gradle.launcher.daemon.server.DaemonStateCoordinator] updating lastActivityAt to 1425486995331
17:36:35.332 [DEBUG] [org.gradle.launcher.daemon.server.DaemonStateCoordinator] Daemon is busy, sleeping until state changes.
17:36:35.333 [INFO] [org.gradle.launcher.daemon.server.exec.StartBuildOrRespondWithBusy] Daemon is about to start building Build{id=a0a8bc07-82a0-47b6-9655-1ed03d143a3e.1, currentDir=C:\Users\espen1\.AndroidStudio\system\compile-server}. Dispatching build started information...
17:36:35.334 [DEBUG] [org.gradle.launcher.daemon.server.SynchronizedDispatchConnection] thread 16: dispatching class org.gradle.launcher.daemon.protocol.BuildStarted
17:36:35.338 [DEBUG] [org.gradle.launcher.daemon.server.exec.EstablishBuildEnvironment] Configuring env variables: {USERPROFILE=C:\Users\espen1, ProgramData=C:\ProgramData, PATHEXT=.COM;.EXE;.BAT;.CMD;.VBS;.VBE;.JS;.JSE;.WSF;.WSH;.MSC, ProgramFiles(x86)=C:\Program Files (x86), TEMP=C:\Users\espen1\AppData\Local\Temp, SystemDrive=C:, ProgramFiles=C:\Program Files, Path=C:\Python27\;C:\ProgramData\Oracle\Java\javapath;C:\Python27\Scripts;C:\Program Files (x86)\Git\cmd;C:\WINDOWS\system32;C:\WINDOWS;C:\WINDOWS\System32\Wbem;C:\WINDOWS\System32\WindowsPowerShell\v1.0\;C:\Program Files (x86)\CodeBlocks\MinGW\bin;C:\Program Files (x86)\MySQL\MySQL Utilities 1.3.6\;C:\Python27;, HOMEDRIVE=C:, PROCESSOR_REVISION=3c03, USERDOMAIN=espen, ALLUSERSPROFILE=C:\ProgramData, ProgramW6432=C:\Program Files, Python=C:\Python27\, PROCESSOR_IDENTIFIER=Intel64 Family 6 Model 60 Stepping 3, GenuineIntel, SESSIONNAME=Console, TMP=C:\Users\espen1\AppData\Local\Temp, CommonProgramFiles=C:\Program Files\Common Files, =::=::\, LOGONSERVER=\\ESPEN, PROCESSOR_ARCHITECTURE=AMD64, FP_NO_HOST_CHECK=NO, OS=Windows_NT, TVT=C:\Program Files (x86)\Lenovo, HOMEPATH=\Users\espen1, PROCESSOR_LEVEL=6, CommonProgramW6432=C:\Program Files\Common Files, USERDOMAIN_ROAMINGPROFILE=espen, configsetroot=C:\WINDOWS\ConfigSetRoot, LOCALAPPDATA=C:\Users\espen1\AppData\Local, COMPUTERNAME=ESPEN, windir=C:\WINDOWS, SystemRoot=C:\WINDOWS, NUMBER_OF_PROCESSORS=4, USERNAME=espen1, PUBLIC=C:\Users\Public, PSModulePath=C:\WINDOWS\system32\WindowsPowerShell\v1.0\Modules\, READYAPPS=C:\ProgramData\Lenovo\ReadyApps, CommonProgramFiles(x86)=C:\Program Files (x86)\Common Files, ComSpec=C:\WINDOWS\system32\cmd.exe, APPDATA=C:\Users\espen1\AppData\Roaming}
17:36:35.356 [DEBUG] [org.gradle.launcher.daemon.server.SynchronizedDispatchConnection] thread 14: received class org.gradle.launcher.daemon.protocol.CloseInput
17:36:35.357 [DEBUG] [org.gradle.launcher.daemon.server.DefaultDaemonConnection] Received IO message from client: CloseInput[id=a0a8bc07-82a0-47b6-9655-1ed03d143a3e.2]
17:36:35.360 [INFO] [org.gradle.launcher.daemon.server.exec.LogToClient] About to start relaying all logs to the client via the connection.
17:36:35.360 [INFO] [org.gradle.launcher.daemon.server.exec.LogToClient] The client will now receive all logging from the daemon (pid: 7648). The daemon log file: C:\Users\espen1\.gradle\daemon\2.2\daemon-7648.out.log
17:36:35.362 [INFO] [org.gradle.launcher.daemon.server.exec.ForwardClientInput] Closing daemon's stdin at end of input.
17:36:35.362 [INFO] [org.gradle.launcher.daemon.server.exec.ForwardClientInput] The daemon will no longer process any standard input.
17:36:35.366 [DEBUG] [org.gradle.launcher.daemon.server.exec.ExecuteBuild] The daemon has started executing the build.
17:36:35.366 [INFO] [org.gradle.launcher.daemon.server.exec.ExecuteBuild] Executing build with daemon context: DefaultDaemonContext[uid=7d028c62-cda8-456b-b04a-40614d2325e0,javaHome=C:\Program Files\Java\jdk1.7.0_75,daemonRegistryDir=C:\Users\espen1\.gradle\daemon,pid=7648,idleTimeout=10800000,daemonOpts=-Xms128m,-Xmx512m,-Dfile.encoding=windows-1252,-Duser.country=US,-Duser.language=en,-Duser.variant]
Configuration on demand is an incubating feature.
:core:compileJavawarning: [options] bootstrap class path not set in conjunction with -source 1.6
Note: Some input files use unchecked or unsafe operations.
Note: Recompile with -Xlint:unchecked for details.
1 warning

:core:processResources UP-TO-DATE
:core:classes
:core:jar UP-TO-DATE
:core:assemble UP-TO-DATE

BUILD SUCCESSFUL

Total time: 13.261 secs
17:36:44.546 [DEBUG] [org.gradle.api.internal.tasks.compile.daemon.CompilerDaemonManager] Stopping 0 compiler daemon(s).
17:36:44.547 [INFO] [org.gradle.api.internal.tasks.compile.daemon.CompilerDaemonManager] Stopped 0 compiler daemon(s).
17:36:44.547 [DEBUG] [org.gradle.cache.internal.DefaultFileLockManager] Releasing lock on buildscript class cache for settings file 'C:\git\RawHeroesOfBegredeligeStudenter\project\settings.gradle' (C:\Users\espen1\.gradle\caches\2.2\scripts\settings_azto2ifi6360hk4n1jk7opqw\SettingsScript\buildscript).
17:36:44.548 [DEBUG] [org.gradle.cache.internal.DefaultFileLockManager] Releasing lock on no_buildscript class cache for settings file 'C:\git\RawHeroesOfBegredeligeStudenter\project\settings.gradle' (C:\Users\espen1\.gradle\caches\2.2\scripts\settings_azto2ifi6360hk4n1jk7opqw\SettingsScript\no_buildscript).
17:36:44.548 [DEBUG] [org.gradle.cache.internal.DefaultFileLockManager] Releasing lock on buildscript class cache for build file 'C:\git\RawHeroesOfBegredeligeStudenter\project\build.gradle' (C:\Users\espen1\.gradle\caches\2.2\scripts\build_7xhrk7l9u7nbqis8uakom97ma\ProjectScript\buildscript).
17:36:44.548 [DEBUG] [org.gradle.cache.internal.DefaultFileLockManager] Releasing lock on no_buildscript class cache for build file 'C:\git\RawHeroesOfBegredeligeStudenter\project\build.gradle' (C:\Users\espen1\.gradle\caches\2.2\scripts\build_7xhrk7l9u7nbqis8uakom97ma\ProjectScript\no_buildscript).
17:36:44.549 [DEBUG] [org.gradle.cache.internal.DefaultFileLockManager] Releasing lock on buildscript class cache for build file 'C:\git\RawHeroesOfBegredeligeStudenter\project\core\build.gradle' (C:\Users\espen1\.gradle\caches\2.2\scripts\build_8v40sxjn07pqpjpuy17hx11t5\ProjectScript\buildscript).
17:36:44.550 [DEBUG] [org.gradle.cache.internal.DefaultFileLockManager] Releasing lock on no_buildscript class cache for build file 'C:\git\RawHeroesOfBegredeligeStudenter\project\core\build.gradle' (C:\Users\espen1\.gradle\caches\2.2\scripts\build_8v40sxjn07pqpjpuy17hx11t5\ProjectScript\no_buildscript).
17:36:44.552 [DEBUG] [org.gradle.cache.internal.btree.BTreePersistentIndexedCache] Closing cache artifact-at-repository.bin (C:\Users\espen1\.gradle\caches\modules-2\metadata-2.14\artifact-at-repository.bin)
17:36:44.553 [DEBUG] [org.gradle.cache.internal.btree.BTreePersistentIndexedCache] Closing cache module-metadata.bin (C:\Users\espen1\.gradle\caches\modules-2\metadata-2.14\module-metadata.bin)
17:36:44.553 [DEBUG] [org.gradle.cache.internal.DefaultFileLockManager] Releasing lock on artifact cache (C:\Users\espen1\.gradle\caches\modules-2).
17:36:44.554 [DEBUG] [org.gradle.cache.internal.DefaultCacheAccess] Cache jars (C:\Users\espen1\.gradle\caches\jars-1) was closed 0 times.
17:36:44.555 [DEBUG] [org.gradle.cache.internal.DefaultCacheAccess] Cache Plugin Resolution Cache (C:\Users\espen1\.gradle\caches\2.2\plugin-resolution) was closed 0 times.
17:36:44.557 [DEBUG] [org.gradle.cache.internal.btree.BTreePersistentIndexedCache] Closing cache fileSnapshots.bin (C:\git\RawHeroesOfBegredeligeStudenter\project\.gradle\2.2\taskArtifacts\fileSnapshots.bin)
17:36:44.558 [DEBUG] [org.gradle.cache.internal.btree.BTreePersistentIndexedCache] Closing cache taskArtifacts.bin (C:\git\RawHeroesOfBegredeligeStudenter\project\.gradle\2.2\taskArtifacts\taskArtifacts.bin)
17:36:44.559 [DEBUG] [org.gradle.cache.internal.btree.BTreePersistentIndexedCache] Closing cache outputFileStates.bin (C:\git\RawHeroesOfBegredeligeStudenter\project\.gradle\2.2\taskArtifacts\outputFileStates.bin)
17:36:44.559 [DEBUG] [org.gradle.cache.internal.btree.BTreePersistentIndexedCache] Closing cache fileHashes.bin (C:\git\RawHeroesOfBegredeligeStudenter\project\.gradle\2.2\taskArtifacts\fileHashes.bin)
17:36:44.560 [DEBUG] [org.gradle.cache.internal.DefaultFileLockManager] Releasing lock on task history cache (C:\git\RawHeroesOfBegredeligeStudenter\project\.gradle\2.2\taskArtifacts).
17:36:44.561 [DEBUG] [org.gradle.api.internal.artifacts.ivyservice.ivyresolve.memcache.InMemoryCachedRepositoryFactory] In-memory dependency metadata cache closed. Repos cached: 4, cache instances: 3, modules served from cache: 0, artifacts: 0
17:36:44.563 [DEBUG] [org.gradle.api.internal.artifacts.ivyservice.resolveengine.store.CachedStoreFactory] Resolution result cache closed. Cache reads: 0, disk reads: 0 (avg: 0.0 secs, total: 0.0 secs)
17:36:44.566 [DEBUG] [org.gradle.api.internal.artifacts.ivyservice.resolveengine.store.CachedStoreFactory] Resolved configuration cache closed. Cache reads: 0, disk reads: 0 (avg: 0.0 secs, total: 0.0 secs)
17:36:44.567 [DEBUG] [org.gradle.api.internal.artifacts.ivyservice.resolveengine.store.ResolutionResultsStoreFactory] Deleted 2 resolution results binary files in 0.004 secs
17:36:44.570 [DEBUG] [org.gradle.launcher.daemon.server.exec.ExecuteBuild] The daemon has finished executing the build.
17:36:45.055 [DEBUG] [org.gradle.launcher.daemon.server.DaemonStateCoordinator] Daemon is busy, sleeping until state changes.
17:36:45.059 [DEBUG] [org.gradle.launcher.daemon.server.DaemonStateCoordinator] Command execution: finished waiting for DaemonCommandExecution[command = Build{id=a0a8bc07-82a0-47b6-9655-1ed03d143a3e.1, currentDir=C:\Users\espen1\.AndroidStudio\system\compile-server}, connection = org.gradle.launcher.daemon.server.DefaultDaemonConnection@151514b2]. Result org.gradle.launcher.daemon.server.DaemonStateCoordinator@1a46b961 with state Running
17:36:45.060 [DEBUG] [org.gradle.launcher.daemon.server.DaemonStateCoordinator] Command execution: completed DaemonCommandExecution[command = Build{id=a0a8bc07-82a0-47b6-9655-1ed03d143a3e.1, currentDir=C:\Users\espen1\.AndroidStudio\system\compile-server}, connection = org.gradle.launcher.daemon.server.DefaultDaemonConnection@151514b2]
17:36:45.061 [DEBUG] [org.gradle.launcher.daemon.server.DaemonStateCoordinator] updating lastActivityAt to 1425487005061
17:36:45.061 [INFO] [org.gradle.launcher.daemon.server.DomainRegistryUpdater] Marking the daemon as idle, address: [7489fc6b-5f11-4109-8c63-27a27f3b27e9 port:64455, addresses:[/127.0.0.1, /0:0:0:0:0:0:0:1]]
17:36:45.061 [DEBUG] [org.gradle.launcher.daemon.registry.PersistentDaemonRegistry] Marking idle by address: [7489fc6b-5f11-4109-8c63-27a27f3b27e9 port:64455, addresses:[/127.0.0.1, /0:0:0:0:0:0:0:1]]
17:36:45.065 [DEBUG] [org.gradle.cache.internal.DefaultFileLockManager] Waiting to acquire exclusive lock on daemon addresses registry.
17:36:45.068 [DEBUG] [org.gradle.cache.internal.DefaultFileLockManager] Lock acquired.
17:36:45.074 [DEBUG] [org.gradle.cache.internal.DefaultFileLockManager] Releasing lock on daemon addresses registry.
17:36:45.075 [DEBUG] [org.gradle.launcher.daemon.server.exec.ReturnResult] Daemon is dispatching the build result: DaemonCommandResult[type=Success, value=org.gradle.tooling.internal.provider.BuildActionResult@183d9f08]
17:36:45.076 [DEBUG] [org.gradle.launcher.daemon.server.SynchronizedDispatchConnection] thread 13: dispatching class org.gradle.launcher.daemon.protocol.Success
17:36:45.075 [DEBUG] [org.gradle.launcher.daemon.server.DaemonStateCoordinator] Daemon is idle, sleeping until state change or idle timeout at Wed Mar 04 20:36:45 CET 2015
17:36:45.079 [DEBUG] [org.gradle.launcher.daemon.server.DefaultIncomingConnectionHandler] Finishing executing command: Build{id=a0a8bc07-82a0-47b6-9655-1ed03d143a3e.1, currentDir=C:\Users\espen1\.AndroidStudio\system\compile-server}
17:36:45.090 [DEBUG] [org.gradle.launcher.daemon.server.SynchronizedDispatchConnection] thread 14: received class org.gradle.launcher.daemon.protocol.Finished
17:36:45.091 [DEBUG] [org.gradle.launcher.daemon.server.DefaultDaemonConnection] Received non-IO message from client: org.gradle.launcher.daemon.protocol.Finished@133693f7
17:36:45.091 [DEBUG] [org.gradle.launcher.daemon.server.SynchronizedDispatchConnection] thread 14: received null
17:36:45.092 [DEBUG] [org.gradle.launcher.daemon.server.DefaultDaemonConnection] Received end-of-input from client.
17:36:45.093 [DEBUG] [org.gradle.launcher.daemon.server.DefaultIncomingConnectionHandler] Received finished message: null
17:36:45.093 [DEBUG] [org.gradle.launcher.daemon.server.SynchronizedDispatchConnection] thread 13: stopping connection
17:36:45.095 [DEBUG] [org.gradle.launcher.daemon.server.SynchronizedDispatchConnection] thread 13: stopping connection
20:36:45.108 [DEBUG] [org.gradle.launcher.daemon.server.DaemonStateCoordinator] Idle timeout: daemon has been idle for requested period. Stopping now.
20:36:45.207 [DEBUG] [org.gradle.launcher.daemon.server.DaemonStateCoordinator] Marking daemon stopped due to idle timeout. The daemon is running a build: false
20:36:45.209 [DEBUG] [org.gradle.launcher.daemon.server.Daemon] stop() called on daemon
20:36:45.212 [INFO] [org.gradle.launcher.daemon.server.Daemon] Stop requested. Daemon is removing its presence from the registry...
20:36:45.240 [DEBUG] [org.gradle.launcher.daemon.server.DomainRegistryUpdater] Removing our presence to clients, eg. removing this address from the registry: [7489fc6b-5f11-4109-8c63-27a27f3b27e9 port:64455, addresses:[/127.0.0.1, /0:0:0:0:0:0:0:1]]
20:36:45.242 [DEBUG] [org.gradle.launcher.daemon.registry.PersistentDaemonRegistry] Removing daemon address: [7489fc6b-5f11-4109-8c63-27a27f3b27e9 port:64455, addresses:[/127.0.0.1, /0:0:0:0:0:0:0:1]]
20:36:45.358 [DEBUG] [org.gradle.cache.internal.DefaultFileLockManager] Waiting to acquire exclusive lock on daemon addresses registry.
20:36:45.364 [DEBUG] [org.gradle.cache.internal.DefaultFileLockManager] Lock acquired.
20:36:45.458 [DEBUG] [org.gradle.cache.internal.DefaultFileLockManager] Releasing lock on daemon addresses registry.
20:36:45.461 [DEBUG] [org.gradle.launcher.daemon.server.DomainRegistryUpdater] Address removed from registry.
Daemon vm is shutting down... The daemon has exited normally or was terminated in response to a user interrupt.
20:36:45.524 [DEBUG] [org.gradle.launcher.daemon.registry.PersistentDaemonRegistry] Removing daemon address: [7489fc6b-5f11-4109-8c63-27a27f3b27e9 port:64455, addresses:[/127.0.0.1, /0:0:0:0:0:0:0:1]]
20:36:45.526 [DEBUG] [org.gradle.cache.internal.DefaultFileLockManager] Waiting to acquire exclusive lock on daemon addresses registry.
20:36:45.527 [DEBUG] [org.gradle.cache.internal.DefaultFileLockManager] Lock acquired.
20:36:45.538 [DEBUG] [org.gradle.cache.internal.DefaultFileLockManager] Releasing lock on daemon addresses registry.
